<?xml version="1.0" encoding="UTF-8"?>
<!-- Generated by org.testng.reporters.JUnitXMLReporter -->
<testsuite hostname="varsha-HP" ignored="0" name="edit_invoices_Test" tests="30" failures="4" timestamp="2022-06-23T17:28:48 IST" time="321.075" errors="0">
  <testcase name="Sign_up" time="9.849" classname="edit_Invoices_Details.Edit_Invoice_Status_Buyer_Absent"/>
  <testcase name="Invoice_Edit" time="13.639" classname="edit_Invoices_Details.Edit_Invoice_Status_Buyer_Absent"/>
  <testcase name="Sign_up" time="8.469" classname="edit_Invoices_Details.Edit_Invoice_No"/>
  <testcase name="Invoice_Edit" time="13.6" classname="edit_Invoices_Details.Edit_Invoice_No"/>
  <testcase name="Sign_up" time="8.537" classname="edit_Invoices_Details.Edit_Invoice_Status_Pending"/>
  <testcase name="Invoice_Edit" time="13.557" classname="edit_Invoices_Details.Edit_Invoice_Status_Pending"/>
  <testcase name="Sign_up" time="8.68" classname="edit_Invoices_Details.Edit_Invoice_Status_Duplicate"/>
  <testcase name="Invoice_Edit" time="13.558" classname="edit_Invoices_Details.Edit_Invoice_Status_Duplicate"/>
  <testcase name="Sign_up" time="8.559" classname="edit_Invoices_Details.Edit_Invoice_Status_Confirmed"/>
  <testcase name="Invoice_Edit" time="13.54" classname="edit_Invoices_Details.Edit_Invoice_Status_Confirmed"/>
  <testcase name="Sign_up" time="8.982" classname="edit_Invoices_Details.Edit_Invoice_Extra_credit_Yes"/>
  <testcase name="Invoice_Edit" time="11.549" classname="edit_Invoices_Details.Edit_Invoice_Extra_credit_Yes"/>
  <testcase name="Sign_up" time="13.271" classname="edit_Invoices_Details.Edit_Invoice_Status_Paid"/>
  <testcase name="Invoice_Edit" time="13.553" classname="edit_Invoices_Details.Edit_Invoice_Status_Paid"/>
  <testcase name="Sign_up" time="8.412" classname="edit_Invoices_Details.Edit_Invoice_Date"/>
  <testcase name="Invoice_Edit" time="13.612" classname="edit_Invoices_Details.Edit_Invoice_Date"/>
  <testcase name="Sign_up" time="8.591" classname="edit_Invoices_Details.Edit_Invoice_Extra_credit_No"/>
  <testcase name="Invoice_Edit" time="13.544" classname="edit_Invoices_Details.Edit_Invoice_Extra_credit_No"/>
  <testcase name="Sign_up" time="8.579" classname="edit_Invoices_Details.Edit_Invoice_Amount"/>
  <testcase name="Invoice_Edit" time="12.595" classname="edit_Invoices_Details.Edit_Invoice_Amount"/>
  <testcase name="Sign_up" time="8.321" classname="edit_Invoices_Details.Edit_Invoice_outstandig_amount"/>
  <testcase name="Invoice_Edit" time="12.556" classname="edit_Invoices_Details.Edit_Invoice_outstandig_amount"/>
  <testcase name="Sign_up" time="8.219" classname="edit_Invoices_Details.Edit_Invoice_Status_Seller_Absent"/>
  <testcase name="Invoice_Edit" time="13.664" classname="edit_Invoices_Details.Edit_Invoice_Status_Seller_Absent"/>
  <testcase name="Sign_up" time="35.697" classname="edit_Invoices_Details.Edit_Invoice_Status_Draft"/>
  <testcase name="Invoice_Edit" time="3.031" classname="edit_Invoices_Details.Edit_Invoice_Status_Draft">
    <failure type="org.openqa.selenium.NoSuchElementException" message="no such element: Unable to locate element: {&amp;quot;method&amp;quot;:&amp;quot;xpath&amp;quot;,&amp;quot;selector&amp;quot;:&amp;quot;/html/body/app-root/app-companylist/app-layout/mat-sidenav-container/mat-sidenav/div/app-sidebar/div/div/div[3]/mat-nav-list/mat-list-item[1]/span/span[2]&amp;quot;}
  (Session info: chrome=102.0.5005.61)
For documentation on this error, please visit: https://www.seleniumhq.org/exceptions/no_such_element.html
Build info: version: &amp;apos;3.141.59&amp;apos;, revision: &amp;apos;e82be7d358&amp;apos;, time: &amp;apos;2018-11-14T08:17:03&amp;apos;
System info: host: &amp;apos;varsha-HP&amp;apos;, ip: &amp;apos;127.0.1.1&amp;apos;, os.name: &amp;apos;Linux&amp;apos;, os.arch: &amp;apos;amd64&amp;apos;, os.version: &amp;apos;5.13.0-51-generic&amp;apos;, java.version: &amp;apos;1.8.0_312&amp;apos;
Driver info: org.openqa.selenium.chrome.ChromeDriver
Capabilities {acceptInsecureCerts: false, browserName: chrome, browserVersion: 102.0.5005.61, chrome: {chromedriverVersion: 102.0.5005.61 (0e59bcc00cc4..., userDataDir: /tmp/.com.google.Chrome.77ewt1}, goog:chromeOptions: {debuggerAddress: localhost:39119}, javascriptEnabled: true, networkConnectionEnabled: false, pageLoadStrategy: normal, platform: LINUX, platformName: LINUX, proxy: Proxy(), setWindowRect: true, strictFileInteractability: false, timeouts: {implicit: 0, pageLoad: 300000, script: 30000}, unhandledPromptBehavior: dismiss and notify, webauthn:extension:credBlob: true, webauthn:extension:largeBlob: true, webauthn:virtualAuthenticators: true}
Session ID: 08041d2948fcb0eacba5a3a0119a7151
*** Element info: {Using=xpath, value=/html/body/app-root/app-companylist/app-layout/mat-sidenav-container/mat-sidenav/div/app-sidebar/div/div/div[3]/mat-nav-list/mat-list-item[1]/span/span[2]}">
      <![CDATA[org.openqa.selenium.NoSuchElementException: no such element: Unable to locate element: {"method":"xpath","selector":"/html/body/app-root/app-companylist/app-layout/mat-sidenav-container/mat-sidenav/div/app-sidebar/div/div/div[3]/mat-nav-list/mat-list-item[1]/span/span[2]"}
  (Session info: chrome=102.0.5005.61)
For documentation on this error, please visit: https://www.seleniumhq.org/exceptions/no_such_element.html
Build info: version: '3.141.59', revision: 'e82be7d358', time: '2018-11-14T08:17:03'
System info: host: 'varsha-HP', ip: '127.0.1.1', os.name: 'Linux', os.arch: 'amd64', os.version: '5.13.0-51-generic', java.version: '1.8.0_312'
Driver info: org.openqa.selenium.chrome.ChromeDriver
Capabilities {acceptInsecureCerts: false, browserName: chrome, browserVersion: 102.0.5005.61, chrome: {chromedriverVersion: 102.0.5005.61 (0e59bcc00cc4..., userDataDir: /tmp/.com.google.Chrome.77ewt1}, goog:chromeOptions: {debuggerAddress: localhost:39119}, javascriptEnabled: true, networkConnectionEnabled: false, pageLoadStrategy: normal, platform: LINUX, platformName: LINUX, proxy: Proxy(), setWindowRect: true, strictFileInteractability: false, timeouts: {implicit: 0, pageLoad: 300000, script: 30000}, unhandledPromptBehavior: dismiss and notify, webauthn:extension:credBlob: true, webauthn:extension:largeBlob: true, webauthn:virtualAuthenticators: true}
Session ID: 08041d2948fcb0eacba5a3a0119a7151
*** Element info: {Using=xpath, value=/html/body/app-root/app-companylist/app-layout/mat-sidenav-container/mat-sidenav/div/app-sidebar/div/div/div[3]/mat-nav-list/mat-list-item[1]/span/span[2]}
at org.openqa.selenium.remote.http.W3CHttpResponseCodec.createException(W3CHttpResponseCodec.java:187)
at org.openqa.selenium.remote.http.W3CHttpResponseCodec.decode(W3CHttpResponseCodec.java:122)
at org.openqa.selenium.remote.http.W3CHttpResponseCodec.decode(W3CHttpResponseCodec.java:49)
at org.openqa.selenium.remote.HttpCommandExecutor.execute(HttpCommandExecutor.java:158)
at org.openqa.selenium.remote.service.DriverCommandExecutor.execute(DriverCommandExecutor.java:83)
at org.openqa.selenium.remote.RemoteWebDriver.execute(RemoteWebDriver.java:552)
at org.openqa.selenium.remote.RemoteWebDriver.findElement(RemoteWebDriver.java:323)
at org.openqa.selenium.remote.RemoteWebDriver.findElementByXPath(RemoteWebDriver.java:428)
at org.openqa.selenium.By$ByXPath.findElement(By.java:353)
at org.openqa.selenium.remote.RemoteWebDriver.findElement(RemoteWebDriver.java:315)
at com.Xuriti.admin_panel_main.Invoices.<init>(Invoices.java:17)
at edit_Invoices_Details.Edit_Invoice_Status_Draft.Invoice_Edit(Edit_Invoice_Status_Draft.java:28)
at java.util.ArrayList.forEach(ArrayList.java:1259)
... Removed 31 stack frames]]>
    </failure>
  </testcase> <!-- Invoice_Edit -->
  <testcase name="Sign_up" time="8.623" classname="edit_Invoices_Details.Edit_Invoice_Status_Rejected"/>
  <testcase name="Invoice_Edit" time="3.014" classname="edit_Invoices_Details.Edit_Invoice_Status_Rejected">
    <failure type="org.openqa.selenium.NoSuchElementException" message="no such element: Unable to locate element: {&amp;quot;method&amp;quot;:&amp;quot;xpath&amp;quot;,&amp;quot;selector&amp;quot;:&amp;quot;/html/body/app-root/app-companylist/app-layout/mat-sidenav-container/mat-sidenav/div/app-sidebar/div/div/div[3]/mat-nav-list/mat-list-item[1]/span/span[2]&amp;quot;}
  (Session info: chrome=102.0.5005.61)
For documentation on this error, please visit: https://www.seleniumhq.org/exceptions/no_such_element.html
Build info: version: &amp;apos;3.141.59&amp;apos;, revision: &amp;apos;e82be7d358&amp;apos;, time: &amp;apos;2018-11-14T08:17:03&amp;apos;
System info: host: &amp;apos;varsha-HP&amp;apos;, ip: &amp;apos;127.0.1.1&amp;apos;, os.name: &amp;apos;Linux&amp;apos;, os.arch: &amp;apos;amd64&amp;apos;, os.version: &amp;apos;5.13.0-51-generic&amp;apos;, java.version: &amp;apos;1.8.0_312&amp;apos;
Driver info: org.openqa.selenium.chrome.ChromeDriver
Capabilities {acceptInsecureCerts: false, browserName: chrome, browserVersion: 102.0.5005.61, chrome: {chromedriverVersion: 102.0.5005.61 (0e59bcc00cc4..., userDataDir: /tmp/.com.google.Chrome.NCz1DA}, goog:chromeOptions: {debuggerAddress: localhost:34901}, javascriptEnabled: true, networkConnectionEnabled: false, pageLoadStrategy: normal, platform: LINUX, platformName: LINUX, proxy: Proxy(), setWindowRect: true, strictFileInteractability: false, timeouts: {implicit: 0, pageLoad: 300000, script: 30000}, unhandledPromptBehavior: dismiss and notify, webauthn:extension:credBlob: true, webauthn:extension:largeBlob: true, webauthn:virtualAuthenticators: true}
Session ID: 7e583b782a3101796ac68f6b9ffe12ac
*** Element info: {Using=xpath, value=/html/body/app-root/app-companylist/app-layout/mat-sidenav-container/mat-sidenav/div/app-sidebar/div/div/div[3]/mat-nav-list/mat-list-item[1]/span/span[2]}">
      <![CDATA[org.openqa.selenium.NoSuchElementException: no such element: Unable to locate element: {"method":"xpath","selector":"/html/body/app-root/app-companylist/app-layout/mat-sidenav-container/mat-sidenav/div/app-sidebar/div/div/div[3]/mat-nav-list/mat-list-item[1]/span/span[2]"}
  (Session info: chrome=102.0.5005.61)
For documentation on this error, please visit: https://www.seleniumhq.org/exceptions/no_such_element.html
Build info: version: '3.141.59', revision: 'e82be7d358', time: '2018-11-14T08:17:03'
System info: host: 'varsha-HP', ip: '127.0.1.1', os.name: 'Linux', os.arch: 'amd64', os.version: '5.13.0-51-generic', java.version: '1.8.0_312'
Driver info: org.openqa.selenium.chrome.ChromeDriver
Capabilities {acceptInsecureCerts: false, browserName: chrome, browserVersion: 102.0.5005.61, chrome: {chromedriverVersion: 102.0.5005.61 (0e59bcc00cc4..., userDataDir: /tmp/.com.google.Chrome.NCz1DA}, goog:chromeOptions: {debuggerAddress: localhost:34901}, javascriptEnabled: true, networkConnectionEnabled: false, pageLoadStrategy: normal, platform: LINUX, platformName: LINUX, proxy: Proxy(), setWindowRect: true, strictFileInteractability: false, timeouts: {implicit: 0, pageLoad: 300000, script: 30000}, unhandledPromptBehavior: dismiss and notify, webauthn:extension:credBlob: true, webauthn:extension:largeBlob: true, webauthn:virtualAuthenticators: true}
Session ID: 7e583b782a3101796ac68f6b9ffe12ac
*** Element info: {Using=xpath, value=/html/body/app-root/app-companylist/app-layout/mat-sidenav-container/mat-sidenav/div/app-sidebar/div/div/div[3]/mat-nav-list/mat-list-item[1]/span/span[2]}
at org.openqa.selenium.remote.http.W3CHttpResponseCodec.createException(W3CHttpResponseCodec.java:187)
at org.openqa.selenium.remote.http.W3CHttpResponseCodec.decode(W3CHttpResponseCodec.java:122)
at org.openqa.selenium.remote.http.W3CHttpResponseCodec.decode(W3CHttpResponseCodec.java:49)
at org.openqa.selenium.remote.HttpCommandExecutor.execute(HttpCommandExecutor.java:158)
at org.openqa.selenium.remote.service.DriverCommandExecutor.execute(DriverCommandExecutor.java:83)
at org.openqa.selenium.remote.RemoteWebDriver.execute(RemoteWebDriver.java:552)
at org.openqa.selenium.remote.RemoteWebDriver.findElement(RemoteWebDriver.java:323)
at org.openqa.selenium.remote.RemoteWebDriver.findElementByXPath(RemoteWebDriver.java:428)
at org.openqa.selenium.By$ByXPath.findElement(By.java:353)
at org.openqa.selenium.remote.RemoteWebDriver.findElement(RemoteWebDriver.java:315)
at com.Xuriti.admin_panel_main.Invoices.<init>(Invoices.java:17)
at edit_Invoices_Details.Edit_Invoice_Status_Rejected.Invoice_Edit(Edit_Invoice_Status_Rejected.java:28)
at java.util.ArrayList.forEach(ArrayList.java:1259)
... Removed 31 stack frames]]>
    </failure>
  </testcase> <!-- Invoice_Edit -->
  <testcase name="Sign_up" time="0.173" classname="edit_Invoices_Details.Edit_Invoice_Due_Date">
    <failure type="org.openqa.selenium.WebDriverException" message="unknown error: Chrome failed to start: exited abnormally.
  (unknown error: DevToolsActivePort file doesn&amp;apos;t exist)
  (The process started from chrome location /usr/bin/google-chrome is no longer running, so ChromeDriver is assuming that Chrome has crashed.)
Build info: version: &amp;apos;3.141.59&amp;apos;, revision: &amp;apos;e82be7d358&amp;apos;, time: &amp;apos;2018-11-14T08:17:03&amp;apos;
System info: host: &amp;apos;varsha-HP&amp;apos;, ip: &amp;apos;127.0.1.1&amp;apos;, os.name: &amp;apos;Linux&amp;apos;, os.arch: &amp;apos;amd64&amp;apos;, os.version: &amp;apos;5.13.0-51-generic&amp;apos;, java.version: &amp;apos;1.8.0_312&amp;apos;
Driver info: driver.version: ChromeDriver
remote stacktrace: #0 0x561b48a73f33 &amp;lt;unknown&amp;gt;
#1 0x561b487be118 &amp;lt;unknown&amp;gt;
#2 0x561b487e1678 &amp;lt;unknown&amp;gt;
#3 0x561b487dcd5a &amp;lt;unknown&amp;gt;
#4 0x561b48817d3a &amp;lt;unknown&amp;gt;
#5 0x561b48811e63 &amp;lt;unknown&amp;gt;
#6 0x561b487e782a &amp;lt;unknown&amp;gt;
#7 0x561b487e8985 &amp;lt;unknown&amp;gt;
#8 0x561b48ab84cd &amp;lt;unknown&amp;gt;
#9 0x561b48abc5ec &amp;lt;unknown&amp;gt;
#10 0x561b48aa271e &amp;lt;unknown&amp;gt;
#11 0x561b48abd238 &amp;lt;unknown&amp;gt;
#12 0x561b48a97870 &amp;lt;unknown&amp;gt;
#13 0x561b48ad9608 &amp;lt;unknown&amp;gt;
#14 0x561b48ad9788 &amp;lt;unknown&amp;gt;
#15 0x561b48af3f1d &amp;lt;unknown&amp;gt;
#16 0x7f550c514609 &amp;lt;unknown&amp;gt;
">
      <![CDATA[org.openqa.selenium.WebDriverException: unknown error: Chrome failed to start: exited abnormally.
  (unknown error: DevToolsActivePort file doesn't exist)
  (The process started from chrome location /usr/bin/google-chrome is no longer running, so ChromeDriver is assuming that Chrome has crashed.)
Build info: version: '3.141.59', revision: 'e82be7d358', time: '2018-11-14T08:17:03'
System info: host: 'varsha-HP', ip: '127.0.1.1', os.name: 'Linux', os.arch: 'amd64', os.version: '5.13.0-51-generic', java.version: '1.8.0_312'
Driver info: driver.version: ChromeDriver
remote stacktrace: #0 0x561b48a73f33 <unknown>
#1 0x561b487be118 <unknown>
#2 0x561b487e1678 <unknown>
#3 0x561b487dcd5a <unknown>
#4 0x561b48817d3a <unknown>
#5 0x561b48811e63 <unknown>
#6 0x561b487e782a <unknown>
#7 0x561b487e8985 <unknown>
#8 0x561b48ab84cd <unknown>
#9 0x561b48abc5ec <unknown>
#10 0x561b48aa271e <unknown>
#11 0x561b48abd238 <unknown>
#12 0x561b48a97870 <unknown>
#13 0x561b48ad9608 <unknown>
#14 0x561b48ad9788 <unknown>
#15 0x561b48af3f1d <unknown>
#16 0x7f550c514609 <unknown>

at org.openqa.selenium.remote.W3CHandshakeResponse.lambda$errorHandler$0(W3CHandshakeResponse.java:62)
at org.openqa.selenium.remote.HandshakeResponse.lambda$getResponseFunction$0(HandshakeResponse.java:30)
at org.openqa.selenium.remote.ProtocolHandshake.lambda$createSession$0(ProtocolHandshake.java:126)
at java.util.stream.ReferencePipeline$3$1.accept(ReferencePipeline.java:193)
at java.util.Spliterators$ArraySpliterator.tryAdvance(Spliterators.java:958)
at java.util.stream.ReferencePipeline.forEachWithCancel(ReferencePipeline.java:126)
at java.util.stream.AbstractPipeline.copyIntoWithCancel(AbstractPipeline.java:499)
at java.util.stream.AbstractPipeline.copyInto(AbstractPipeline.java:486)
at java.util.stream.AbstractPipeline.wrapAndCopyInto(AbstractPipeline.java:472)
at java.util.stream.FindOps$FindOp.evaluateSequential(FindOps.java:152)
at java.util.stream.AbstractPipeline.evaluate(AbstractPipeline.java:234)
at java.util.stream.ReferencePipeline.findFirst(ReferencePipeline.java:531)
at org.openqa.selenium.remote.ProtocolHandshake.createSession(ProtocolHandshake.java:128)
at org.openqa.selenium.remote.ProtocolHandshake.createSession(ProtocolHandshake.java:74)
at org.openqa.selenium.remote.HttpCommandExecutor.execute(HttpCommandExecutor.java:136)
at org.openqa.selenium.remote.service.DriverCommandExecutor.execute(DriverCommandExecutor.java:83)
at org.openqa.selenium.remote.RemoteWebDriver.execute(RemoteWebDriver.java:552)
at org.openqa.selenium.remote.RemoteWebDriver.startSession(RemoteWebDriver.java:213)
at org.openqa.selenium.remote.RemoteWebDriver.<init>(RemoteWebDriver.java:131)
at org.openqa.selenium.chrome.ChromeDriver.<init>(ChromeDriver.java:181)
at org.openqa.selenium.chrome.ChromeDriver.<init>(ChromeDriver.java:168)
at org.openqa.selenium.chrome.ChromeDriver.<init>(ChromeDriver.java:123)
at edit_Invoices_Details.Edit_Invoice_Due_Date.Sign_up(Edit_Invoice_Due_Date.java:17)
at java.util.ArrayList.forEach(ArrayList.java:1259)
... Removed 31 stack frames]]>
    </failure>
  </testcase> <!-- Sign_up -->
  <testcase name="Invoice_Edit" time="3.0" classname="edit_Invoices_Details.Edit_Invoice_Due_Date">
    <failure type="java.lang.NullPointerException">
      <![CDATA[java.lang.NullPointerException
at com.Xuriti.admin_panel_main.Invoices.<init>(Invoices.java:17)
at edit_Invoices_Details.Edit_Invoice_Due_Date.Invoice_Edit(Edit_Invoice_Due_Date.java:28)
at java.util.ArrayList.forEach(ArrayList.java:1259)
... Removed 27 stack frames]]>
    </failure>
  </testcase> <!-- Invoice_Edit -->
</testsuite> <!-- edit_invoices_Test -->
