<html>
<head>
<title>TestNG:  edit_invoices_Test</title>
<link href="../testng.css" rel="stylesheet" type="text/css" />
<link href="../my-testng.css" rel="stylesheet" type="text/css" />

<style type="text/css">
.log { display: none;} 
.stack-trace { display: none;} 
</style>
<script type="text/javascript">
<!--
function flip(e) {
  current = e.style.display;
  if (current == 'block') {
    e.style.display = 'none';
    return 0;
  }
  else {
    e.style.display = 'block';
    return 1;
  }
}

function toggleBox(szDivId, elem, msg1, msg2)
{
  var res = -1;  if (document.getElementById) {
    res = flip(document.getElementById(szDivId));
  }
  else if (document.all) {
    // this is the way old msie versions work
    res = flip(document.all[szDivId]);
  }
  if(elem) {
    if(res == 0) elem.innerHTML = msg1; else elem.innerHTML = msg2;
  }

}

function toggleAllBoxes() {
  if (document.getElementsByTagName) {
    d = document.getElementsByTagName('div');
    for (i = 0; i < d.length; i++) {
      if (d[i].className == 'log') {
        flip(d[i]);
      }
    }
  }
}

// -->
</script>

</head>
<body>
<h2 align='center'>edit_invoices_Test</h2><table border='1' align="center">
<tr>
<td>Tests passed/Failed/Skipped:</td><td>26/4/0</td>
</tr><tr>
<td>Started on:</td><td>Thu Jun 23 17:23:27 IST 2022</td>
</tr>
<tr><td>Total time:</td><td>321 seconds (321075 ms)</td>
</tr><tr>
<td>Included groups:</td><td></td>
</tr><tr>
<td>Excluded groups:</td><td></td>
</tr>
</table><p/>
<small><i>(Hover the method name to see the test class name)</i></small><p/>
<table width='100%' border='1' class='invocation-failed'>
<tr><td colspan='4' align='center'><b>FAILED TESTS</b></td></tr>
<tr><td><b>Test method</b></td>
<td width="30%"><b>Exception</b></td>
<td width="10%"><b>Time (seconds)</b></td>
<td><b>Instance</b></td>
</tr>
<tr>
<td title='edit_Invoices_Details.Edit_Invoice_Status_Rejected.Invoice_Edit()'><b>Invoice_Edit</b><br>Test class: edit_Invoices_Details.Edit_Invoice_Status_Rejected</td>
<td><div><pre>org.openqa.selenium.NoSuchElementException: no such element: Unable to locate element: {&quot;method&quot;:&quot;xpath&quot;,&quot;selector&quot;:&quot;/html/body/app-root/app-companylist/app-layout/mat-sidenav-container/mat-sidenav/div/app-sidebar/div/div/div[3]/mat-nav-list/mat-list-item[1]/span/span[2]&quot;}
  (Session info: chrome=102.0.5005.61)
For documentation on this error, please visit: https://www.seleniumhq.org/exceptions/no_such_element.html
Build info: version: &apos;3.141.59&apos;, revision: &apos;e82be7d358&apos;, time: &apos;2018-11-14T08:17:03&apos;
System info: host: &apos;varsha-HP&apos;, ip: &apos;127.0.1.1&apos;, os.name: &apos;Linux&apos;, os.arch: &apos;amd64&apos;, os.version: &apos;5.13.0-51-generic&apos;, java.version: &apos;1.8.0_312&apos;
Driver info: org.openqa.selenium.chrome.ChromeDriver
Capabilities {acceptInsecureCerts: false, browserName: chrome, browserVersion: 102.0.5005.61, chrome: {chromedriverVersion: 102.0.5005.61 (0e59bcc00cc4..., userDataDir: /tmp/.com.google.Chrome.NCz1DA}, goog:chromeOptions: {debuggerAddress: localhost:34901}, javascriptEnabled: true, networkConnectionEnabled: false, pageLoadStrategy: normal, platform: LINUX, platformName: LINUX, proxy: Proxy(), setWindowRect: true, strictFileInteractability: false, timeouts: {implicit: 0, pageLoad: 300000, script: 30000}, unhandledPromptBehavior: dismiss and notify, webauthn:extension:credBlob: true, webauthn:extension:largeBlob: true, webauthn:virtualAuthenticators: true}
Session ID: 7e583b782a3101796ac68f6b9ffe12ac
*** Element info: {Using=xpath, value=/html/body/app-root/app-companylist/app-layout/mat-sidenav-container/mat-sidenav/div/app-sidebar/div/div/div[3]/mat-nav-list/mat-list-item[1]/span/span[2]}
	at org.openqa.selenium.remote.http.W3CHttpResponseCodec.createException(W3CHttpResponseCodec.java:187)
	at org.openqa.selenium.remote.http.W3CHttpResponseCodec.decode(W3CHttpResponseCodec.java:122)
	at org.openqa.selenium.remote.http.W3CHttpResponseCodec.decode(W3CHttpResponseCodec.java:49)
	at org.openqa.selenium.remote.HttpCommandExecutor.execute(HttpCommandExecutor.java:158)
	at org.openqa.selenium.remote.service.DriverCommandExecutor.execute(DriverCommandExecutor.java:83)
	at org.openqa.selenium.remote.RemoteWebDriver.execute(RemoteWebDriver.java:552)
	at org.openqa.selenium.remote.RemoteWebDriver.findElement(RemoteWebDriver.java:323)
	at org.openqa.selenium.remote.RemoteWebDriver.findElementByXPath(RemoteWebDriver.java:428)
	at org.openqa.selenium.By$ByXPath.findElement(By.java:353)
	at org.openqa.selenium.remote.RemoteWebDriver.findElement(RemoteWebDriver.java:315)
	at com.Xuriti.admin_panel_main.Invoices.&lt;init&gt;(Invoices.java:17)
	at edit_Invoices_Details.Edit_Invoice_Status_Rejected.Invoice_Edit(Edit_Invoice_Status_Rejected.java:28)
	at java.util.ArrayList.forEach(ArrayList.java:1259)
... Removed 31 stack frames</pre></div><a href='#' onClick='toggleBox("stack-trace1018742990", this, "Click to show all stack frames", "Click to hide stack frames")'>Click to show all stack frames</a>
<div class='stack-trace' id='stack-trace1018742990'><pre>org.openqa.selenium.NoSuchElementException: no such element: Unable to locate element: {&quot;method&quot;:&quot;xpath&quot;,&quot;selector&quot;:&quot;/html/body/app-root/app-companylist/app-layout/mat-sidenav-container/mat-sidenav/div/app-sidebar/div/div/div[3]/mat-nav-list/mat-list-item[1]/span/span[2]&quot;}
  (Session info: chrome=102.0.5005.61)
For documentation on this error, please visit: https://www.seleniumhq.org/exceptions/no_such_element.html
Build info: version: &apos;3.141.59&apos;, revision: &apos;e82be7d358&apos;, time: &apos;2018-11-14T08:17:03&apos;
System info: host: &apos;varsha-HP&apos;, ip: &apos;127.0.1.1&apos;, os.name: &apos;Linux&apos;, os.arch: &apos;amd64&apos;, os.version: &apos;5.13.0-51-generic&apos;, java.version: &apos;1.8.0_312&apos;
Driver info: org.openqa.selenium.chrome.ChromeDriver
Capabilities {acceptInsecureCerts: false, browserName: chrome, browserVersion: 102.0.5005.61, chrome: {chromedriverVersion: 102.0.5005.61 (0e59bcc00cc4..., userDataDir: /tmp/.com.google.Chrome.NCz1DA}, goog:chromeOptions: {debuggerAddress: localhost:34901}, javascriptEnabled: true, networkConnectionEnabled: false, pageLoadStrategy: normal, platform: LINUX, platformName: LINUX, proxy: Proxy(), setWindowRect: true, strictFileInteractability: false, timeouts: {implicit: 0, pageLoad: 300000, script: 30000}, unhandledPromptBehavior: dismiss and notify, webauthn:extension:credBlob: true, webauthn:extension:largeBlob: true, webauthn:virtualAuthenticators: true}
Session ID: 7e583b782a3101796ac68f6b9ffe12ac
*** Element info: {Using=xpath, value=/html/body/app-root/app-companylist/app-layout/mat-sidenav-container/mat-sidenav/div/app-sidebar/div/div/div[3]/mat-nav-list/mat-list-item[1]/span/span[2]}
	at sun.reflect.NativeConstructorAccessorImpl.newInstance0(Native Method)
	at sun.reflect.NativeConstructorAccessorImpl.newInstance(NativeConstructorAccessorImpl.java:62)
	at sun.reflect.DelegatingConstructorAccessorImpl.newInstance(DelegatingConstructorAccessorImpl.java:45)
	at java.lang.reflect.Constructor.newInstance(Constructor.java:423)
	at org.openqa.selenium.remote.http.W3CHttpResponseCodec.createException(W3CHttpResponseCodec.java:187)
	at org.openqa.selenium.remote.http.W3CHttpResponseCodec.decode(W3CHttpResponseCodec.java:122)
	at org.openqa.selenium.remote.http.W3CHttpResponseCodec.decode(W3CHttpResponseCodec.java:49)
	at org.openqa.selenium.remote.HttpCommandExecutor.execute(HttpCommandExecutor.java:158)
	at org.openqa.selenium.remote.service.DriverCommandExecutor.execute(DriverCommandExecutor.java:83)
	at org.openqa.selenium.remote.RemoteWebDriver.execute(RemoteWebDriver.java:552)
	at org.openqa.selenium.remote.RemoteWebDriver.findElement(RemoteWebDriver.java:323)
	at org.openqa.selenium.remote.RemoteWebDriver.findElementByXPath(RemoteWebDriver.java:428)
	at org.openqa.selenium.By$ByXPath.findElement(By.java:353)
	at org.openqa.selenium.remote.RemoteWebDriver.findElement(RemoteWebDriver.java:315)
	at com.Xuriti.admin_panel_main.Invoices.&lt;init&gt;(Invoices.java:17)
	at edit_Invoices_Details.Edit_Invoice_Status_Rejected.Invoice_Edit(Edit_Invoice_Status_Rejected.java:28)
	at sun.reflect.NativeMethodAccessorImpl.invoke0(Native Method)
	at sun.reflect.NativeMethodAccessorImpl.invoke(NativeMethodAccessorImpl.java:62)
	at sun.reflect.DelegatingMethodAccessorImpl.invoke(DelegatingMethodAccessorImpl.java:43)
	at java.lang.reflect.Method.invoke(Method.java:498)
	at org.testng.internal.MethodInvocationHelper.invokeMethod(MethodInvocationHelper.java:133)
	at org.testng.internal.TestInvoker.invokeMethod(TestInvoker.java:598)
	at org.testng.internal.TestInvoker.invokeTestMethod(TestInvoker.java:173)
	at org.testng.internal.MethodRunner.runInSequence(MethodRunner.java:46)
	at org.testng.internal.TestInvoker$MethodInvocationAgent.invoke(TestInvoker.java:824)
	at org.testng.internal.TestInvoker.invokeTestMethods(TestInvoker.java:146)
	at org.testng.internal.TestMethodWorker.invokeTestMethods(TestMethodWorker.java:146)
	at org.testng.internal.TestMethodWorker.run(TestMethodWorker.java:128)
	at java.util.ArrayList.forEach(ArrayList.java:1259)
	at org.testng.TestRunner.privateRun(TestRunner.java:794)
	at org.testng.TestRunner.run(TestRunner.java:596)
	at org.testng.SuiteRunner.runTest(SuiteRunner.java:377)
	at org.testng.SuiteRunner.runSequentially(SuiteRunner.java:371)
	at org.testng.SuiteRunner.privateRun(SuiteRunner.java:332)
	at org.testng.SuiteRunner.run(SuiteRunner.java:276)
	at org.testng.SuiteRunnerWorker.runSuite(SuiteRunnerWorker.java:53)
	at org.testng.SuiteRunnerWorker.run(SuiteRunnerWorker.java:96)
	at org.testng.TestNG.runSuitesSequentially(TestNG.java:1212)
	at org.testng.TestNG.runSuitesLocally(TestNG.java:1134)
	at org.testng.TestNG.runSuites(TestNG.java:1063)
	at org.testng.TestNG.run(TestNG.java:1031)
	at org.testng.remote.AbstractRemoteTestNG.run(AbstractRemoteTestNG.java:115)
	at org.testng.remote.RemoteTestNG.initAndRun(RemoteTestNG.java:251)
	at org.testng.remote.RemoteTestNG.main(RemoteTestNG.java:77)
</pre></div></td>
<td>3</td>
<td>edit_Invoices_Details.Edit_Invoice_Status_Rejected@c46bcd4</td></tr>
<tr>
<td title='edit_Invoices_Details.Edit_Invoice_Due_Date.Sign_up()'><b>Sign_up</b><br>Test class: edit_Invoices_Details.Edit_Invoice_Due_Date</td>
<td><div><pre>org.openqa.selenium.WebDriverException: unknown error: Chrome failed to start: exited abnormally.
  (unknown error: DevToolsActivePort file doesn&apos;t exist)
  (The process started from chrome location /usr/bin/google-chrome is no longer running, so ChromeDriver is assuming that Chrome has crashed.)
Build info: version: &apos;3.141.59&apos;, revision: &apos;e82be7d358&apos;, time: &apos;2018-11-14T08:17:03&apos;
System info: host: &apos;varsha-HP&apos;, ip: &apos;127.0.1.1&apos;, os.name: &apos;Linux&apos;, os.arch: &apos;amd64&apos;, os.version: &apos;5.13.0-51-generic&apos;, java.version: &apos;1.8.0_312&apos;
Driver info: driver.version: ChromeDriver
remote stacktrace: #0 0x561b48a73f33 &lt;unknown&gt;
#1 0x561b487be118 &lt;unknown&gt;
#2 0x561b487e1678 &lt;unknown&gt;
#3 0x561b487dcd5a &lt;unknown&gt;
#4 0x561b48817d3a &lt;unknown&gt;
#5 0x561b48811e63 &lt;unknown&gt;
#6 0x561b487e782a &lt;unknown&gt;
#7 0x561b487e8985 &lt;unknown&gt;
#8 0x561b48ab84cd &lt;unknown&gt;
#9 0x561b48abc5ec &lt;unknown&gt;
#10 0x561b48aa271e &lt;unknown&gt;
#11 0x561b48abd238 &lt;unknown&gt;
#12 0x561b48a97870 &lt;unknown&gt;
#13 0x561b48ad9608 &lt;unknown&gt;
#14 0x561b48ad9788 &lt;unknown&gt;
#15 0x561b48af3f1d &lt;unknown&gt;
#16 0x7f550c514609 &lt;unknown&gt;

	at org.openqa.selenium.remote.W3CHandshakeResponse.lambda$errorHandler$0(W3CHandshakeResponse.java:62)
	at org.openqa.selenium.remote.HandshakeResponse.lambda$getResponseFunction$0(HandshakeResponse.java:30)
	at org.openqa.selenium.remote.ProtocolHandshake.lambda$createSession$0(ProtocolHandshake.java:126)
	at java.util.stream.ReferencePipeline$3$1.accept(ReferencePipeline.java:193)
	at java.util.Spliterators$ArraySpliterator.tryAdvance(Spliterators.java:958)
	at java.util.stream.ReferencePipeline.forEachWithCancel(ReferencePipeline.java:126)
	at java.util.stream.AbstractPipeline.copyIntoWithCancel(AbstractPipeline.java:499)
	at java.util.stream.AbstractPipeline.copyInto(AbstractPipeline.java:486)
	at java.util.stream.AbstractPipeline.wrapAndCopyInto(AbstractPipeline.java:472)
	at java.util.stream.FindOps$FindOp.evaluateSequential(FindOps.java:152)
	at java.util.stream.AbstractPipeline.evaluate(AbstractPipeline.java:234)
	at java.util.stream.ReferencePipeline.findFirst(ReferencePipeline.java:531)
	at org.openqa.selenium.remote.ProtocolHandshake.createSession(ProtocolHandshake.java:128)
	at org.openqa.selenium.remote.ProtocolHandshake.createSession(ProtocolHandshake.java:74)
	at org.openqa.selenium.remote.HttpCommandExecutor.execute(HttpCommandExecutor.java:136)
	at org.openqa.selenium.remote.service.DriverCommandExecutor.execute(DriverCommandExecutor.java:83)
	at org.openqa.selenium.remote.RemoteWebDriver.execute(RemoteWebDriver.java:552)
	at org.openqa.selenium.remote.RemoteWebDriver.startSession(RemoteWebDriver.java:213)
	at org.openqa.selenium.remote.RemoteWebDriver.&lt;init&gt;(RemoteWebDriver.java:131)
	at org.openqa.selenium.chrome.ChromeDriver.&lt;init&gt;(ChromeDriver.java:181)
	at org.openqa.selenium.chrome.ChromeDriver.&lt;init&gt;(ChromeDriver.java:168)
	at org.openqa.selenium.chrome.ChromeDriver.&lt;init&gt;(ChromeDriver.java:123)
	at edit_Invoices_Details.Edit_Invoice_Due_Date.Sign_up(Edit_Invoice_Due_Date.java:17)
	at java.util.ArrayList.forEach(ArrayList.java:1259)
... Removed 31 stack frames</pre></div><a href='#' onClick='toggleBox("stack-trace347136295", this, "Click to show all stack frames", "Click to hide stack frames")'>Click to show all stack frames</a>
<div class='stack-trace' id='stack-trace347136295'><pre>org.openqa.selenium.WebDriverException: unknown error: Chrome failed to start: exited abnormally.
  (unknown error: DevToolsActivePort file doesn&apos;t exist)
  (The process started from chrome location /usr/bin/google-chrome is no longer running, so ChromeDriver is assuming that Chrome has crashed.)
Build info: version: &apos;3.141.59&apos;, revision: &apos;e82be7d358&apos;, time: &apos;2018-11-14T08:17:03&apos;
System info: host: &apos;varsha-HP&apos;, ip: &apos;127.0.1.1&apos;, os.name: &apos;Linux&apos;, os.arch: &apos;amd64&apos;, os.version: &apos;5.13.0-51-generic&apos;, java.version: &apos;1.8.0_312&apos;
Driver info: driver.version: ChromeDriver
remote stacktrace: #0 0x561b48a73f33 &lt;unknown&gt;
#1 0x561b487be118 &lt;unknown&gt;
#2 0x561b487e1678 &lt;unknown&gt;
#3 0x561b487dcd5a &lt;unknown&gt;
#4 0x561b48817d3a &lt;unknown&gt;
#5 0x561b48811e63 &lt;unknown&gt;
#6 0x561b487e782a &lt;unknown&gt;
#7 0x561b487e8985 &lt;unknown&gt;
#8 0x561b48ab84cd &lt;unknown&gt;
#9 0x561b48abc5ec &lt;unknown&gt;
#10 0x561b48aa271e &lt;unknown&gt;
#11 0x561b48abd238 &lt;unknown&gt;
#12 0x561b48a97870 &lt;unknown&gt;
#13 0x561b48ad9608 &lt;unknown&gt;
#14 0x561b48ad9788 &lt;unknown&gt;
#15 0x561b48af3f1d &lt;unknown&gt;
#16 0x7f550c514609 &lt;unknown&gt;

	at sun.reflect.NativeConstructorAccessorImpl.newInstance0(Native Method)
	at sun.reflect.NativeConstructorAccessorImpl.newInstance(NativeConstructorAccessorImpl.java:62)
	at sun.reflect.DelegatingConstructorAccessorImpl.newInstance(DelegatingConstructorAccessorImpl.java:45)
	at java.lang.reflect.Constructor.newInstance(Constructor.java:423)
	at org.openqa.selenium.remote.W3CHandshakeResponse.lambda$errorHandler$0(W3CHandshakeResponse.java:62)
	at org.openqa.selenium.remote.HandshakeResponse.lambda$getResponseFunction$0(HandshakeResponse.java:30)
	at org.openqa.selenium.remote.ProtocolHandshake.lambda$createSession$0(ProtocolHandshake.java:126)
	at java.util.stream.ReferencePipeline$3$1.accept(ReferencePipeline.java:193)
	at java.util.Spliterators$ArraySpliterator.tryAdvance(Spliterators.java:958)
	at java.util.stream.ReferencePipeline.forEachWithCancel(ReferencePipeline.java:126)
	at java.util.stream.AbstractPipeline.copyIntoWithCancel(AbstractPipeline.java:499)
	at java.util.stream.AbstractPipeline.copyInto(AbstractPipeline.java:486)
	at java.util.stream.AbstractPipeline.wrapAndCopyInto(AbstractPipeline.java:472)
	at java.util.stream.FindOps$FindOp.evaluateSequential(FindOps.java:152)
	at java.util.stream.AbstractPipeline.evaluate(AbstractPipeline.java:234)
	at java.util.stream.ReferencePipeline.findFirst(ReferencePipeline.java:531)
	at org.openqa.selenium.remote.ProtocolHandshake.createSession(ProtocolHandshake.java:128)
	at org.openqa.selenium.remote.ProtocolHandshake.createSession(ProtocolHandshake.java:74)
	at org.openqa.selenium.remote.HttpCommandExecutor.execute(HttpCommandExecutor.java:136)
	at org.openqa.selenium.remote.service.DriverCommandExecutor.execute(DriverCommandExecutor.java:83)
	at org.openqa.selenium.remote.RemoteWebDriver.execute(RemoteWebDriver.java:552)
	at org.openqa.selenium.remote.RemoteWebDriver.startSession(RemoteWebDriver.java:213)
	at org.openqa.selenium.remote.RemoteWebDriver.&lt;init&gt;(RemoteWebDriver.java:131)
	at org.openqa.selenium.chrome.ChromeDriver.&lt;init&gt;(ChromeDriver.java:181)
	at org.openqa.selenium.chrome.ChromeDriver.&lt;init&gt;(ChromeDriver.java:168)
	at org.openqa.selenium.chrome.ChromeDriver.&lt;init&gt;(ChromeDriver.java:123)
	at edit_Invoices_Details.Edit_Invoice_Due_Date.Sign_up(Edit_Invoice_Due_Date.java:17)
	at sun.reflect.NativeMethodAccessorImpl.invoke0(Native Method)
	at sun.reflect.NativeMethodAccessorImpl.invoke(NativeMethodAccessorImpl.java:62)
	at sun.reflect.DelegatingMethodAccessorImpl.invoke(DelegatingMethodAccessorImpl.java:43)
	at java.lang.reflect.Method.invoke(Method.java:498)
	at org.testng.internal.MethodInvocationHelper.invokeMethod(MethodInvocationHelper.java:133)
	at org.testng.internal.TestInvoker.invokeMethod(TestInvoker.java:598)
	at org.testng.internal.TestInvoker.invokeTestMethod(TestInvoker.java:173)
	at org.testng.internal.MethodRunner.runInSequence(MethodRunner.java:46)
	at org.testng.internal.TestInvoker$MethodInvocationAgent.invoke(TestInvoker.java:824)
	at org.testng.internal.TestInvoker.invokeTestMethods(TestInvoker.java:146)
	at org.testng.internal.TestMethodWorker.invokeTestMethods(TestMethodWorker.java:146)
	at org.testng.internal.TestMethodWorker.run(TestMethodWorker.java:128)
	at java.util.ArrayList.forEach(ArrayList.java:1259)
	at org.testng.TestRunner.privateRun(TestRunner.java:794)
	at org.testng.TestRunner.run(TestRunner.java:596)
	at org.testng.SuiteRunner.runTest(SuiteRunner.java:377)
	at org.testng.SuiteRunner.runSequentially(SuiteRunner.java:371)
	at org.testng.SuiteRunner.privateRun(SuiteRunner.java:332)
	at org.testng.SuiteRunner.run(SuiteRunner.java:276)
	at org.testng.SuiteRunnerWorker.runSuite(SuiteRunnerWorker.java:53)
	at org.testng.SuiteRunnerWorker.run(SuiteRunnerWorker.java:96)
	at org.testng.TestNG.runSuitesSequentially(TestNG.java:1212)
	at org.testng.TestNG.runSuitesLocally(TestNG.java:1134)
	at org.testng.TestNG.runSuites(TestNG.java:1063)
	at org.testng.TestNG.run(TestNG.java:1031)
	at org.testng.remote.AbstractRemoteTestNG.run(AbstractRemoteTestNG.java:115)
	at org.testng.remote.RemoteTestNG.initAndRun(RemoteTestNG.java:251)
	at org.testng.remote.RemoteTestNG.main(RemoteTestNG.java:77)
</pre></div></td>
<td>0</td>
<td>edit_Invoices_Details.Edit_Invoice_Due_Date@3234e239</td></tr>
<tr>
<td title='edit_Invoices_Details.Edit_Invoice_Due_Date.Invoice_Edit()'><b>Invoice_Edit</b><br>Test class: edit_Invoices_Details.Edit_Invoice_Due_Date</td>
<td><div><pre>java.lang.NullPointerException
	at com.Xuriti.admin_panel_main.Invoices.&lt;init&gt;(Invoices.java:17)
	at edit_Invoices_Details.Edit_Invoice_Due_Date.Invoice_Edit(Edit_Invoice_Due_Date.java:28)
	at java.util.ArrayList.forEach(ArrayList.java:1259)
... Removed 27 stack frames</pre></div><a href='#' onClick='toggleBox("stack-trace2095710480", this, "Click to show all stack frames", "Click to hide stack frames")'>Click to show all stack frames</a>
<div class='stack-trace' id='stack-trace2095710480'><pre>java.lang.NullPointerException
	at com.Xuriti.admin_panel_main.Invoices.&lt;init&gt;(Invoices.java:17)
	at edit_Invoices_Details.Edit_Invoice_Due_Date.Invoice_Edit(Edit_Invoice_Due_Date.java:28)
	at sun.reflect.NativeMethodAccessorImpl.invoke0(Native Method)
	at sun.reflect.NativeMethodAccessorImpl.invoke(NativeMethodAccessorImpl.java:62)
	at sun.reflect.DelegatingMethodAccessorImpl.invoke(DelegatingMethodAccessorImpl.java:43)
	at java.lang.reflect.Method.invoke(Method.java:498)
	at org.testng.internal.MethodInvocationHelper.invokeMethod(MethodInvocationHelper.java:133)
	at org.testng.internal.TestInvoker.invokeMethod(TestInvoker.java:598)
	at org.testng.internal.TestInvoker.invokeTestMethod(TestInvoker.java:173)
	at org.testng.internal.MethodRunner.runInSequence(MethodRunner.java:46)
	at org.testng.internal.TestInvoker$MethodInvocationAgent.invoke(TestInvoker.java:824)
	at org.testng.internal.TestInvoker.invokeTestMethods(TestInvoker.java:146)
	at org.testng.internal.TestMethodWorker.invokeTestMethods(TestMethodWorker.java:146)
	at org.testng.internal.TestMethodWorker.run(TestMethodWorker.java:128)
	at java.util.ArrayList.forEach(ArrayList.java:1259)
	at org.testng.TestRunner.privateRun(TestRunner.java:794)
	at org.testng.TestRunner.run(TestRunner.java:596)
	at org.testng.SuiteRunner.runTest(SuiteRunner.java:377)
	at org.testng.SuiteRunner.runSequentially(SuiteRunner.java:371)
	at org.testng.SuiteRunner.privateRun(SuiteRunner.java:332)
	at org.testng.SuiteRunner.run(SuiteRunner.java:276)
	at org.testng.SuiteRunnerWorker.runSuite(SuiteRunnerWorker.java:53)
	at org.testng.SuiteRunnerWorker.run(SuiteRunnerWorker.java:96)
	at org.testng.TestNG.runSuitesSequentially(TestNG.java:1212)
	at org.testng.TestNG.runSuitesLocally(TestNG.java:1134)
	at org.testng.TestNG.runSuites(TestNG.java:1063)
	at org.testng.TestNG.run(TestNG.java:1031)
	at org.testng.remote.AbstractRemoteTestNG.run(AbstractRemoteTestNG.java:115)
	at org.testng.remote.RemoteTestNG.initAndRun(RemoteTestNG.java:251)
	at org.testng.remote.RemoteTestNG.main(RemoteTestNG.java:77)
</pre></div></td>
<td>3</td>
<td>edit_Invoices_Details.Edit_Invoice_Due_Date@3234e239</td></tr>
<tr>
<td title='edit_Invoices_Details.Edit_Invoice_Status_Draft.Invoice_Edit()'><b>Invoice_Edit</b><br>Test class: edit_Invoices_Details.Edit_Invoice_Status_Draft</td>
<td><div><pre>org.openqa.selenium.NoSuchElementException: no such element: Unable to locate element: {&quot;method&quot;:&quot;xpath&quot;,&quot;selector&quot;:&quot;/html/body/app-root/app-companylist/app-layout/mat-sidenav-container/mat-sidenav/div/app-sidebar/div/div/div[3]/mat-nav-list/mat-list-item[1]/span/span[2]&quot;}
  (Session info: chrome=102.0.5005.61)
For documentation on this error, please visit: https://www.seleniumhq.org/exceptions/no_such_element.html
Build info: version: &apos;3.141.59&apos;, revision: &apos;e82be7d358&apos;, time: &apos;2018-11-14T08:17:03&apos;
System info: host: &apos;varsha-HP&apos;, ip: &apos;127.0.1.1&apos;, os.name: &apos;Linux&apos;, os.arch: &apos;amd64&apos;, os.version: &apos;5.13.0-51-generic&apos;, java.version: &apos;1.8.0_312&apos;
Driver info: org.openqa.selenium.chrome.ChromeDriver
Capabilities {acceptInsecureCerts: false, browserName: chrome, browserVersion: 102.0.5005.61, chrome: {chromedriverVersion: 102.0.5005.61 (0e59bcc00cc4..., userDataDir: /tmp/.com.google.Chrome.77ewt1}, goog:chromeOptions: {debuggerAddress: localhost:39119}, javascriptEnabled: true, networkConnectionEnabled: false, pageLoadStrategy: normal, platform: LINUX, platformName: LINUX, proxy: Proxy(), setWindowRect: true, strictFileInteractability: false, timeouts: {implicit: 0, pageLoad: 300000, script: 30000}, unhandledPromptBehavior: dismiss and notify, webauthn:extension:credBlob: true, webauthn:extension:largeBlob: true, webauthn:virtualAuthenticators: true}
Session ID: 08041d2948fcb0eacba5a3a0119a7151
*** Element info: {Using=xpath, value=/html/body/app-root/app-companylist/app-layout/mat-sidenav-container/mat-sidenav/div/app-sidebar/div/div/div[3]/mat-nav-list/mat-list-item[1]/span/span[2]}
	at org.openqa.selenium.remote.http.W3CHttpResponseCodec.createException(W3CHttpResponseCodec.java:187)
	at org.openqa.selenium.remote.http.W3CHttpResponseCodec.decode(W3CHttpResponseCodec.java:122)
	at org.openqa.selenium.remote.http.W3CHttpResponseCodec.decode(W3CHttpResponseCodec.java:49)
	at org.openqa.selenium.remote.HttpCommandExecutor.execute(HttpCommandExecutor.java:158)
	at org.openqa.selenium.remote.service.DriverCommandExecutor.execute(DriverCommandExecutor.java:83)
	at org.openqa.selenium.remote.RemoteWebDriver.execute(RemoteWebDriver.java:552)
	at org.openqa.selenium.remote.RemoteWebDriver.findElement(RemoteWebDriver.java:323)
	at org.openqa.selenium.remote.RemoteWebDriver.findElementByXPath(RemoteWebDriver.java:428)
	at org.openqa.selenium.By$ByXPath.findElement(By.java:353)
	at org.openqa.selenium.remote.RemoteWebDriver.findElement(RemoteWebDriver.java:315)
	at com.Xuriti.admin_panel_main.Invoices.&lt;init&gt;(Invoices.java:17)
	at edit_Invoices_Details.Edit_Invoice_Status_Draft.Invoice_Edit(Edit_Invoice_Status_Draft.java:28)
	at java.util.ArrayList.forEach(ArrayList.java:1259)
... Removed 31 stack frames</pre></div><a href='#' onClick='toggleBox("stack-trace2018664185", this, "Click to show all stack frames", "Click to hide stack frames")'>Click to show all stack frames</a>
<div class='stack-trace' id='stack-trace2018664185'><pre>org.openqa.selenium.NoSuchElementException: no such element: Unable to locate element: {&quot;method&quot;:&quot;xpath&quot;,&quot;selector&quot;:&quot;/html/body/app-root/app-companylist/app-layout/mat-sidenav-container/mat-sidenav/div/app-sidebar/div/div/div[3]/mat-nav-list/mat-list-item[1]/span/span[2]&quot;}
  (Session info: chrome=102.0.5005.61)
For documentation on this error, please visit: https://www.seleniumhq.org/exceptions/no_such_element.html
Build info: version: &apos;3.141.59&apos;, revision: &apos;e82be7d358&apos;, time: &apos;2018-11-14T08:17:03&apos;
System info: host: &apos;varsha-HP&apos;, ip: &apos;127.0.1.1&apos;, os.name: &apos;Linux&apos;, os.arch: &apos;amd64&apos;, os.version: &apos;5.13.0-51-generic&apos;, java.version: &apos;1.8.0_312&apos;
Driver info: org.openqa.selenium.chrome.ChromeDriver
Capabilities {acceptInsecureCerts: false, browserName: chrome, browserVersion: 102.0.5005.61, chrome: {chromedriverVersion: 102.0.5005.61 (0e59bcc00cc4..., userDataDir: /tmp/.com.google.Chrome.77ewt1}, goog:chromeOptions: {debuggerAddress: localhost:39119}, javascriptEnabled: true, networkConnectionEnabled: false, pageLoadStrategy: normal, platform: LINUX, platformName: LINUX, proxy: Proxy(), setWindowRect: true, strictFileInteractability: false, timeouts: {implicit: 0, pageLoad: 300000, script: 30000}, unhandledPromptBehavior: dismiss and notify, webauthn:extension:credBlob: true, webauthn:extension:largeBlob: true, webauthn:virtualAuthenticators: true}
Session ID: 08041d2948fcb0eacba5a3a0119a7151
*** Element info: {Using=xpath, value=/html/body/app-root/app-companylist/app-layout/mat-sidenav-container/mat-sidenav/div/app-sidebar/div/div/div[3]/mat-nav-list/mat-list-item[1]/span/span[2]}
	at sun.reflect.NativeConstructorAccessorImpl.newInstance0(Native Method)
	at sun.reflect.NativeConstructorAccessorImpl.newInstance(NativeConstructorAccessorImpl.java:62)
	at sun.reflect.DelegatingConstructorAccessorImpl.newInstance(DelegatingConstructorAccessorImpl.java:45)
	at java.lang.reflect.Constructor.newInstance(Constructor.java:423)
	at org.openqa.selenium.remote.http.W3CHttpResponseCodec.createException(W3CHttpResponseCodec.java:187)
	at org.openqa.selenium.remote.http.W3CHttpResponseCodec.decode(W3CHttpResponseCodec.java:122)
	at org.openqa.selenium.remote.http.W3CHttpResponseCodec.decode(W3CHttpResponseCodec.java:49)
	at org.openqa.selenium.remote.HttpCommandExecutor.execute(HttpCommandExecutor.java:158)
	at org.openqa.selenium.remote.service.DriverCommandExecutor.execute(DriverCommandExecutor.java:83)
	at org.openqa.selenium.remote.RemoteWebDriver.execute(RemoteWebDriver.java:552)
	at org.openqa.selenium.remote.RemoteWebDriver.findElement(RemoteWebDriver.java:323)
	at org.openqa.selenium.remote.RemoteWebDriver.findElementByXPath(RemoteWebDriver.java:428)
	at org.openqa.selenium.By$ByXPath.findElement(By.java:353)
	at org.openqa.selenium.remote.RemoteWebDriver.findElement(RemoteWebDriver.java:315)
	at com.Xuriti.admin_panel_main.Invoices.&lt;init&gt;(Invoices.java:17)
	at edit_Invoices_Details.Edit_Invoice_Status_Draft.Invoice_Edit(Edit_Invoice_Status_Draft.java:28)
	at sun.reflect.NativeMethodAccessorImpl.invoke0(Native Method)
	at sun.reflect.NativeMethodAccessorImpl.invoke(NativeMethodAccessorImpl.java:62)
	at sun.reflect.DelegatingMethodAccessorImpl.invoke(DelegatingMethodAccessorImpl.java:43)
	at java.lang.reflect.Method.invoke(Method.java:498)
	at org.testng.internal.MethodInvocationHelper.invokeMethod(MethodInvocationHelper.java:133)
	at org.testng.internal.TestInvoker.invokeMethod(TestInvoker.java:598)
	at org.testng.internal.TestInvoker.invokeTestMethod(TestInvoker.java:173)
	at org.testng.internal.MethodRunner.runInSequence(MethodRunner.java:46)
	at org.testng.internal.TestInvoker$MethodInvocationAgent.invoke(TestInvoker.java:824)
	at org.testng.internal.TestInvoker.invokeTestMethods(TestInvoker.java:146)
	at org.testng.internal.TestMethodWorker.invokeTestMethods(TestMethodWorker.java:146)
	at org.testng.internal.TestMethodWorker.run(TestMethodWorker.java:128)
	at java.util.ArrayList.forEach(ArrayList.java:1259)
	at org.testng.TestRunner.privateRun(TestRunner.java:794)
	at org.testng.TestRunner.run(TestRunner.java:596)
	at org.testng.SuiteRunner.runTest(SuiteRunner.java:377)
	at org.testng.SuiteRunner.runSequentially(SuiteRunner.java:371)
	at org.testng.SuiteRunner.privateRun(SuiteRunner.java:332)
	at org.testng.SuiteRunner.run(SuiteRunner.java:276)
	at org.testng.SuiteRunnerWorker.runSuite(SuiteRunnerWorker.java:53)
	at org.testng.SuiteRunnerWorker.run(SuiteRunnerWorker.java:96)
	at org.testng.TestNG.runSuitesSequentially(TestNG.java:1212)
	at org.testng.TestNG.runSuitesLocally(TestNG.java:1134)
	at org.testng.TestNG.runSuites(TestNG.java:1063)
	at org.testng.TestNG.run(TestNG.java:1031)
	at org.testng.remote.AbstractRemoteTestNG.run(AbstractRemoteTestNG.java:115)
	at org.testng.remote.RemoteTestNG.initAndRun(RemoteTestNG.java:251)
	at org.testng.remote.RemoteTestNG.main(RemoteTestNG.java:77)
</pre></div></td>
<td>3</td>
<td>edit_Invoices_Details.Edit_Invoice_Status_Draft@42f93a98</td></tr>
</table><p>
<table width='100%' border='1' class='invocation-passed'>
<tr><td colspan='4' align='center'><b>PASSED TESTS</b></td></tr>
<tr><td><b>Test method</b></td>
<td width="30%"><b>Exception</b></td>
<td width="10%"><b>Time (seconds)</b></td>
<td><b>Instance</b></td>
</tr>
<tr>
<td title='edit_Invoices_Details.Edit_Invoice_Extra_credit_No.Sign_up()'><b>Sign_up</b><br>Test class: edit_Invoices_Details.Edit_Invoice_Extra_credit_No</td>
<td></td>
<td>8</td>
<td>edit_Invoices_Details.Edit_Invoice_Extra_credit_No@51e2adc7</td></tr>
<tr>
<td title='edit_Invoices_Details.Edit_Invoice_Status_Pending.Invoice_Edit()'><b>Invoice_Edit</b><br>Test class: edit_Invoices_Details.Edit_Invoice_Status_Pending</td>
<td></td>
<td>13</td>
<td>edit_Invoices_Details.Edit_Invoice_Status_Pending@467aecef</td></tr>
<tr>
<td title='edit_Invoices_Details.Edit_Invoice_Extra_credit_Yes.Sign_up()'><b>Sign_up</b><br>Test class: edit_Invoices_Details.Edit_Invoice_Extra_credit_Yes</td>
<td></td>
<td>8</td>
<td>edit_Invoices_Details.Edit_Invoice_Extra_credit_Yes@307f6b8c</td></tr>
<tr>
<td title='edit_Invoices_Details.Edit_Invoice_Status_Confirmed.Sign_up()'><b>Sign_up</b><br>Test class: edit_Invoices_Details.Edit_Invoice_Status_Confirmed</td>
<td></td>
<td>8</td>
<td>edit_Invoices_Details.Edit_Invoice_Status_Confirmed@2173f6d9</td></tr>
<tr>
<td title='edit_Invoices_Details.Edit_Invoice_Date.Sign_up()'><b>Sign_up</b><br>Test class: edit_Invoices_Details.Edit_Invoice_Date</td>
<td></td>
<td>8</td>
<td>edit_Invoices_Details.Edit_Invoice_Date@6f195bc3</td></tr>
<tr>
<td title='edit_Invoices_Details.Edit_Invoice_Amount.Sign_up()'><b>Sign_up</b><br>Test class: edit_Invoices_Details.Edit_Invoice_Amount</td>
<td></td>
<td>8</td>
<td>edit_Invoices_Details.Edit_Invoice_Amount@1a8a8f7c</td></tr>
<tr>
<td title='edit_Invoices_Details.Edit_Invoice_Status_Paid.Invoice_Edit()'><b>Invoice_Edit</b><br>Test class: edit_Invoices_Details.Edit_Invoice_Status_Paid</td>
<td></td>
<td>13</td>
<td>edit_Invoices_Details.Edit_Invoice_Status_Paid@7a187f14</td></tr>
<tr>
<td title='edit_Invoices_Details.Edit_Invoice_Status_Confirmed.Invoice_Edit()'><b>Invoice_Edit</b><br>Test class: edit_Invoices_Details.Edit_Invoice_Status_Confirmed</td>
<td></td>
<td>13</td>
<td>edit_Invoices_Details.Edit_Invoice_Status_Confirmed@2173f6d9</td></tr>
<tr>
<td title='edit_Invoices_Details.Edit_Invoice_Date.Invoice_Edit()'><b>Invoice_Edit</b><br>Test class: edit_Invoices_Details.Edit_Invoice_Date</td>
<td></td>
<td>13</td>
<td>edit_Invoices_Details.Edit_Invoice_Date@6f195bc3</td></tr>
<tr>
<td title='edit_Invoices_Details.Edit_Invoice_Status_Buyer_Absent.Invoice_Edit()'><b>Invoice_Edit</b><br>Test class: edit_Invoices_Details.Edit_Invoice_Status_Buyer_Absent</td>
<td></td>
<td>13</td>
<td>edit_Invoices_Details.Edit_Invoice_Status_Buyer_Absent@17d677df</td></tr>
<tr>
<td title='edit_Invoices_Details.Edit_Invoice_Extra_credit_Yes.Invoice_Edit()'><b>Invoice_Edit</b><br>Test class: edit_Invoices_Details.Edit_Invoice_Extra_credit_Yes</td>
<td></td>
<td>11</td>
<td>edit_Invoices_Details.Edit_Invoice_Extra_credit_Yes@307f6b8c</td></tr>
<tr>
<td title='edit_Invoices_Details.Edit_Invoice_outstandig_amount.Sign_up()'><b>Sign_up</b><br>Test class: edit_Invoices_Details.Edit_Invoice_outstandig_amount</td>
<td></td>
<td>8</td>
<td>edit_Invoices_Details.Edit_Invoice_outstandig_amount@2353b3e6</td></tr>
<tr>
<td title='edit_Invoices_Details.Edit_Invoice_Status_Duplicate.Invoice_Edit()'><b>Invoice_Edit</b><br>Test class: edit_Invoices_Details.Edit_Invoice_Status_Duplicate</td>
<td></td>
<td>13</td>
<td>edit_Invoices_Details.Edit_Invoice_Status_Duplicate@7e2d773b</td></tr>
<tr>
<td title='edit_Invoices_Details.Edit_Invoice_Status_Pending.Sign_up()'><b>Sign_up</b><br>Test class: edit_Invoices_Details.Edit_Invoice_Status_Pending</td>
<td></td>
<td>8</td>
<td>edit_Invoices_Details.Edit_Invoice_Status_Pending@467aecef</td></tr>
<tr>
<td title='edit_Invoices_Details.Edit_Invoice_Status_Paid.Sign_up()'><b>Sign_up</b><br>Test class: edit_Invoices_Details.Edit_Invoice_Status_Paid</td>
<td></td>
<td>13</td>
<td>edit_Invoices_Details.Edit_Invoice_Status_Paid@7a187f14</td></tr>
<tr>
<td title='edit_Invoices_Details.Edit_Invoice_Status_Seller_Absent.Sign_up()'><b>Sign_up</b><br>Test class: edit_Invoices_Details.Edit_Invoice_Status_Seller_Absent</td>
<td></td>
<td>8</td>
<td>edit_Invoices_Details.Edit_Invoice_Status_Seller_Absent@631330c</td></tr>
<tr>
<td title='edit_Invoices_Details.Edit_Invoice_Extra_credit_No.Invoice_Edit()'><b>Invoice_Edit</b><br>Test class: edit_Invoices_Details.Edit_Invoice_Extra_credit_No</td>
<td></td>
<td>13</td>
<td>edit_Invoices_Details.Edit_Invoice_Extra_credit_No@51e2adc7</td></tr>
<tr>
<td title='edit_Invoices_Details.Edit_Invoice_Amount.Invoice_Edit()'><b>Invoice_Edit</b><br>Test class: edit_Invoices_Details.Edit_Invoice_Amount</td>
<td></td>
<td>12</td>
<td>edit_Invoices_Details.Edit_Invoice_Amount@1a8a8f7c</td></tr>
<tr>
<td title='edit_Invoices_Details.Edit_Invoice_Status_Rejected.Sign_up()'><b>Sign_up</b><br>Test class: edit_Invoices_Details.Edit_Invoice_Status_Rejected</td>
<td></td>
<td>8</td>
<td>edit_Invoices_Details.Edit_Invoice_Status_Rejected@c46bcd4</td></tr>
<tr>
<td title='edit_Invoices_Details.Edit_Invoice_outstandig_amount.Invoice_Edit()'><b>Invoice_Edit</b><br>Test class: edit_Invoices_Details.Edit_Invoice_outstandig_amount</td>
<td></td>
<td>12</td>
<td>edit_Invoices_Details.Edit_Invoice_outstandig_amount@2353b3e6</td></tr>
<tr>
<td title='edit_Invoices_Details.Edit_Invoice_No.Sign_up()'><b>Sign_up</b><br>Test class: edit_Invoices_Details.Edit_Invoice_No</td>
<td></td>
<td>8</td>
<td>edit_Invoices_Details.Edit_Invoice_No@3dfc5fb8</td></tr>
<tr>
<td title='edit_Invoices_Details.Edit_Invoice_Status_Duplicate.Sign_up()'><b>Sign_up</b><br>Test class: edit_Invoices_Details.Edit_Invoice_Status_Duplicate</td>
<td></td>
<td>8</td>
<td>edit_Invoices_Details.Edit_Invoice_Status_Duplicate@7e2d773b</td></tr>
<tr>
<td title='edit_Invoices_Details.Edit_Invoice_No.Invoice_Edit()'><b>Invoice_Edit</b><br>Test class: edit_Invoices_Details.Edit_Invoice_No</td>
<td></td>
<td>13</td>
<td>edit_Invoices_Details.Edit_Invoice_No@3dfc5fb8</td></tr>
<tr>
<td title='edit_Invoices_Details.Edit_Invoice_Status_Draft.Sign_up()'><b>Sign_up</b><br>Test class: edit_Invoices_Details.Edit_Invoice_Status_Draft</td>
<td></td>
<td>35</td>
<td>edit_Invoices_Details.Edit_Invoice_Status_Draft@42f93a98</td></tr>
<tr>
<td title='edit_Invoices_Details.Edit_Invoice_Status_Seller_Absent.Invoice_Edit()'><b>Invoice_Edit</b><br>Test class: edit_Invoices_Details.Edit_Invoice_Status_Seller_Absent</td>
<td></td>
<td>13</td>
<td>edit_Invoices_Details.Edit_Invoice_Status_Seller_Absent@631330c</td></tr>
<tr>
<td title='edit_Invoices_Details.Edit_Invoice_Status_Buyer_Absent.Sign_up()'><b>Sign_up</b><br>Test class: edit_Invoices_Details.Edit_Invoice_Status_Buyer_Absent</td>
<td></td>
<td>9</td>
<td>edit_Invoices_Details.Edit_Invoice_Status_Buyer_Absent@17d677df</td></tr>
</table><p>
</body>
</html>