<?xml version="1.0" encoding="UTF-8"?>
<!-- Generated by org.testng.reporters.JUnitXMLReporter -->
<testsuite hostname="varsha-HP" ignored="0" name="manage_companies_Test" tests="72" failures="72" timestamp="2022-06-16T22:01:01 IST" time="109.248" errors="0">
  <testcase name="Sign_up" time="2.818" classname="manage_companies.Search_by_gst">
    <failure type="org.openqa.selenium.WebDriverException" message="unknown error: Chrome failed to start: exited abnormally.
  (unknown error: DevToolsActivePort file doesn&amp;apos;t exist)
  (The process started from chrome location /usr/bin/google-chrome is no longer running, so ChromeDriver is assuming that Chrome has crashed.)
Build info: version: &amp;apos;3.141.59&amp;apos;, revision: &amp;apos;e82be7d358&amp;apos;, time: &amp;apos;2018-11-14T08:17:03&amp;apos;
System info: host: &amp;apos;varsha-HP&amp;apos;, ip: &amp;apos;127.0.1.1&amp;apos;, os.name: &amp;apos;Linux&amp;apos;, os.arch: &amp;apos;amd64&amp;apos;, os.version: &amp;apos;5.13.0-51-generic&amp;apos;, java.version: &amp;apos;1.8.0_312&amp;apos;
Driver info: driver.version: ChromeDriver
remote stacktrace: #0 0x55f3545ebf33 &amp;lt;unknown&amp;gt;
#1 0x55f354336118 &amp;lt;unknown&amp;gt;
#2 0x55f354359678 &amp;lt;unknown&amp;gt;
#3 0x55f354354d5a &amp;lt;unknown&amp;gt;
#4 0x55f35438fd3a &amp;lt;unknown&amp;gt;
#5 0x55f354389e63 &amp;lt;unknown&amp;gt;
#6 0x55f35435f82a &amp;lt;unknown&amp;gt;
#7 0x55f354360985 &amp;lt;unknown&amp;gt;
#8 0x55f3546304cd &amp;lt;unknown&amp;gt;
#9 0x55f3546345ec &amp;lt;unknown&amp;gt;
#10 0x55f35461a71e &amp;lt;unknown&amp;gt;
#11 0x55f354635238 &amp;lt;unknown&amp;gt;
#12 0x55f35460f870 &amp;lt;unknown&amp;gt;
#13 0x55f354651608 &amp;lt;unknown&amp;gt;
#14 0x55f354651788 &amp;lt;unknown&amp;gt;
#15 0x55f35466bf1d &amp;lt;unknown&amp;gt;
#16 0x7fb67816e609 &amp;lt;unknown&amp;gt;
">
      <![CDATA[org.openqa.selenium.WebDriverException: unknown error: Chrome failed to start: exited abnormally.
  (unknown error: DevToolsActivePort file doesn't exist)
  (The process started from chrome location /usr/bin/google-chrome is no longer running, so ChromeDriver is assuming that Chrome has crashed.)
Build info: version: '3.141.59', revision: 'e82be7d358', time: '2018-11-14T08:17:03'
System info: host: 'varsha-HP', ip: '127.0.1.1', os.name: 'Linux', os.arch: 'amd64', os.version: '5.13.0-51-generic', java.version: '1.8.0_312'
Driver info: driver.version: ChromeDriver
remote stacktrace: #0 0x55f3545ebf33 <unknown>
#1 0x55f354336118 <unknown>
#2 0x55f354359678 <unknown>
#3 0x55f354354d5a <unknown>
#4 0x55f35438fd3a <unknown>
#5 0x55f354389e63 <unknown>
#6 0x55f35435f82a <unknown>
#7 0x55f354360985 <unknown>
#8 0x55f3546304cd <unknown>
#9 0x55f3546345ec <unknown>
#10 0x55f35461a71e <unknown>
#11 0x55f354635238 <unknown>
#12 0x55f35460f870 <unknown>
#13 0x55f354651608 <unknown>
#14 0x55f354651788 <unknown>
#15 0x55f35466bf1d <unknown>
#16 0x7fb67816e609 <unknown>

at org.openqa.selenium.remote.W3CHandshakeResponse.lambda$errorHandler$0(W3CHandshakeResponse.java:62)
at org.openqa.selenium.remote.HandshakeResponse.lambda$getResponseFunction$0(HandshakeResponse.java:30)
at org.openqa.selenium.remote.ProtocolHandshake.lambda$createSession$0(ProtocolHandshake.java:126)
at java.util.stream.ReferencePipeline$3$1.accept(ReferencePipeline.java:193)
at java.util.Spliterators$ArraySpliterator.tryAdvance(Spliterators.java:958)
at java.util.stream.ReferencePipeline.forEachWithCancel(ReferencePipeline.java:126)
at java.util.stream.AbstractPipeline.copyIntoWithCancel(AbstractPipeline.java:499)
at java.util.stream.AbstractPipeline.copyInto(AbstractPipeline.java:486)
at java.util.stream.AbstractPipeline.wrapAndCopyInto(AbstractPipeline.java:472)
at java.util.stream.FindOps$FindOp.evaluateSequential(FindOps.java:152)
at java.util.stream.AbstractPipeline.evaluate(AbstractPipeline.java:234)
at java.util.stream.ReferencePipeline.findFirst(ReferencePipeline.java:531)
at org.openqa.selenium.remote.ProtocolHandshake.createSession(ProtocolHandshake.java:128)
at org.openqa.selenium.remote.ProtocolHandshake.createSession(ProtocolHandshake.java:74)
at org.openqa.selenium.remote.HttpCommandExecutor.execute(HttpCommandExecutor.java:136)
at org.openqa.selenium.remote.service.DriverCommandExecutor.execute(DriverCommandExecutor.java:83)
at org.openqa.selenium.remote.RemoteWebDriver.execute(RemoteWebDriver.java:552)
at org.openqa.selenium.remote.RemoteWebDriver.startSession(RemoteWebDriver.java:213)
at org.openqa.selenium.remote.RemoteWebDriver.<init>(RemoteWebDriver.java:131)
at org.openqa.selenium.chrome.ChromeDriver.<init>(ChromeDriver.java:181)
at org.openqa.selenium.chrome.ChromeDriver.<init>(ChromeDriver.java:168)
at org.openqa.selenium.chrome.ChromeDriver.<init>(ChromeDriver.java:123)
at manage_companies.Search_by_gst.Sign_up(Search_by_gst.java:16)
at java.util.ArrayList.forEach(ArrayList.java:1259)
... Removed 31 stack frames]]>
    </failure>
  </testcase> <!-- Sign_up -->
  <testcase name="Search_GST" time="2.112" classname="manage_companies.Search_by_gst">
    <failure type="java.lang.NullPointerException">
      <![CDATA[java.lang.NullPointerException
at com.Xuriti.admin_panel_main.Manage_Companies_Edit.Search_by_GST_NO(Manage_Companies_Edit.java:909)
at manage_companies.Search_by_gst.Search_GST(Search_by_gst.java:28)
at java.util.ArrayList.forEach(ArrayList.java:1259)
... Removed 27 stack frames]]>
    </failure>
  </testcase> <!-- Search_GST -->
  <testcase name="Sign_up" time="0.182" classname="manage_companies.edit_gst_no">
    <failure type="org.openqa.selenium.WebDriverException" message="unknown error: Chrome failed to start: exited abnormally.
  (unknown error: DevToolsActivePort file doesn&amp;apos;t exist)
  (The process started from chrome location /usr/bin/google-chrome is no longer running, so ChromeDriver is assuming that Chrome has crashed.)
Build info: version: &amp;apos;3.141.59&amp;apos;, revision: &amp;apos;e82be7d358&amp;apos;, time: &amp;apos;2018-11-14T08:17:03&amp;apos;
System info: host: &amp;apos;varsha-HP&amp;apos;, ip: &amp;apos;127.0.1.1&amp;apos;, os.name: &amp;apos;Linux&amp;apos;, os.arch: &amp;apos;amd64&amp;apos;, os.version: &amp;apos;5.13.0-51-generic&amp;apos;, java.version: &amp;apos;1.8.0_312&amp;apos;
Driver info: driver.version: ChromeDriver
remote stacktrace: #0 0x55ae71654f33 &amp;lt;unknown&amp;gt;
#1 0x55ae7139f118 &amp;lt;unknown&amp;gt;
#2 0x55ae713c2678 &amp;lt;unknown&amp;gt;
#3 0x55ae713bdd5a &amp;lt;unknown&amp;gt;
#4 0x55ae713f8d3a &amp;lt;unknown&amp;gt;
#5 0x55ae713f2e63 &amp;lt;unknown&amp;gt;
#6 0x55ae713c882a &amp;lt;unknown&amp;gt;
#7 0x55ae713c9985 &amp;lt;unknown&amp;gt;
#8 0x55ae716994cd &amp;lt;unknown&amp;gt;
#9 0x55ae7169d5ec &amp;lt;unknown&amp;gt;
#10 0x55ae7168371e &amp;lt;unknown&amp;gt;
#11 0x55ae7169e238 &amp;lt;unknown&amp;gt;
#12 0x55ae71678870 &amp;lt;unknown&amp;gt;
#13 0x55ae716ba608 &amp;lt;unknown&amp;gt;
#14 0x55ae716ba788 &amp;lt;unknown&amp;gt;
#15 0x55ae716d4f1d &amp;lt;unknown&amp;gt;
#16 0x7fe993fbf609 &amp;lt;unknown&amp;gt;
">
      <![CDATA[org.openqa.selenium.WebDriverException: unknown error: Chrome failed to start: exited abnormally.
  (unknown error: DevToolsActivePort file doesn't exist)
  (The process started from chrome location /usr/bin/google-chrome is no longer running, so ChromeDriver is assuming that Chrome has crashed.)
Build info: version: '3.141.59', revision: 'e82be7d358', time: '2018-11-14T08:17:03'
System info: host: 'varsha-HP', ip: '127.0.1.1', os.name: 'Linux', os.arch: 'amd64', os.version: '5.13.0-51-generic', java.version: '1.8.0_312'
Driver info: driver.version: ChromeDriver
remote stacktrace: #0 0x55ae71654f33 <unknown>
#1 0x55ae7139f118 <unknown>
#2 0x55ae713c2678 <unknown>
#3 0x55ae713bdd5a <unknown>
#4 0x55ae713f8d3a <unknown>
#5 0x55ae713f2e63 <unknown>
#6 0x55ae713c882a <unknown>
#7 0x55ae713c9985 <unknown>
#8 0x55ae716994cd <unknown>
#9 0x55ae7169d5ec <unknown>
#10 0x55ae7168371e <unknown>
#11 0x55ae7169e238 <unknown>
#12 0x55ae71678870 <unknown>
#13 0x55ae716ba608 <unknown>
#14 0x55ae716ba788 <unknown>
#15 0x55ae716d4f1d <unknown>
#16 0x7fe993fbf609 <unknown>

at org.openqa.selenium.remote.W3CHandshakeResponse.lambda$errorHandler$0(W3CHandshakeResponse.java:62)
at org.openqa.selenium.remote.HandshakeResponse.lambda$getResponseFunction$0(HandshakeResponse.java:30)
at org.openqa.selenium.remote.ProtocolHandshake.lambda$createSession$0(ProtocolHandshake.java:126)
at java.util.stream.ReferencePipeline$3$1.accept(ReferencePipeline.java:193)
at java.util.Spliterators$ArraySpliterator.tryAdvance(Spliterators.java:958)
at java.util.stream.ReferencePipeline.forEachWithCancel(ReferencePipeline.java:126)
at java.util.stream.AbstractPipeline.copyIntoWithCancel(AbstractPipeline.java:499)
at java.util.stream.AbstractPipeline.copyInto(AbstractPipeline.java:486)
at java.util.stream.AbstractPipeline.wrapAndCopyInto(AbstractPipeline.java:472)
at java.util.stream.FindOps$FindOp.evaluateSequential(FindOps.java:152)
at java.util.stream.AbstractPipeline.evaluate(AbstractPipeline.java:234)
at java.util.stream.ReferencePipeline.findFirst(ReferencePipeline.java:531)
at org.openqa.selenium.remote.ProtocolHandshake.createSession(ProtocolHandshake.java:128)
at org.openqa.selenium.remote.ProtocolHandshake.createSession(ProtocolHandshake.java:74)
at org.openqa.selenium.remote.HttpCommandExecutor.execute(HttpCommandExecutor.java:136)
at org.openqa.selenium.remote.service.DriverCommandExecutor.execute(DriverCommandExecutor.java:83)
at org.openqa.selenium.remote.RemoteWebDriver.execute(RemoteWebDriver.java:552)
at org.openqa.selenium.remote.RemoteWebDriver.startSession(RemoteWebDriver.java:213)
at org.openqa.selenium.remote.RemoteWebDriver.<init>(RemoteWebDriver.java:131)
at org.openqa.selenium.chrome.ChromeDriver.<init>(ChromeDriver.java:181)
at org.openqa.selenium.chrome.ChromeDriver.<init>(ChromeDriver.java:168)
at org.openqa.selenium.chrome.ChromeDriver.<init>(ChromeDriver.java:123)
at manage_companies.edit_gst_no.Sign_up(edit_gst_no.java:15)
at java.util.ArrayList.forEach(ArrayList.java:1259)
... Removed 31 stack frames]]>
    </failure>
  </testcase> <!-- Sign_up -->
  <testcase name="Hold_comp" time="3.0" classname="manage_companies.edit_gst_no">
    <failure type="java.lang.NullPointerException">
      <![CDATA[java.lang.NullPointerException
at com.Xuriti.admin_panel_main.Manage_Companies_Edit.Edit_company(Manage_Companies_Edit.java:20)
at manage_companies.edit_gst_no.Hold_comp(edit_gst_no.java:26)
at java.util.ArrayList.forEach(ArrayList.java:1259)
... Removed 27 stack frames]]>
    </failure>
  </testcase> <!-- Hold_comp -->
  <testcase name="Sign_up" time="0.385" classname="manage_companies.click_on_Next_Page">
    <failure type="org.openqa.selenium.WebDriverException" message="unknown error: Chrome failed to start: exited abnormally.
  (unknown error: DevToolsActivePort file doesn&amp;apos;t exist)
  (The process started from chrome location /usr/bin/google-chrome is no longer running, so ChromeDriver is assuming that Chrome has crashed.)
Build info: version: &amp;apos;3.141.59&amp;apos;, revision: &amp;apos;e82be7d358&amp;apos;, time: &amp;apos;2018-11-14T08:17:03&amp;apos;
System info: host: &amp;apos;varsha-HP&amp;apos;, ip: &amp;apos;127.0.1.1&amp;apos;, os.name: &amp;apos;Linux&amp;apos;, os.arch: &amp;apos;amd64&amp;apos;, os.version: &amp;apos;5.13.0-51-generic&amp;apos;, java.version: &amp;apos;1.8.0_312&amp;apos;
Driver info: driver.version: ChromeDriver
remote stacktrace: #0 0x555d8a82ef33 &amp;lt;unknown&amp;gt;
#1 0x555d8a579118 &amp;lt;unknown&amp;gt;
#2 0x555d8a59c678 &amp;lt;unknown&amp;gt;
#3 0x555d8a597d5a &amp;lt;unknown&amp;gt;
#4 0x555d8a5d2d3a &amp;lt;unknown&amp;gt;
#5 0x555d8a5cce63 &amp;lt;unknown&amp;gt;
#6 0x555d8a5a282a &amp;lt;unknown&amp;gt;
#7 0x555d8a5a3985 &amp;lt;unknown&amp;gt;
#8 0x555d8a8734cd &amp;lt;unknown&amp;gt;
#9 0x555d8a8775ec &amp;lt;unknown&amp;gt;
#10 0x555d8a85d71e &amp;lt;unknown&amp;gt;
#11 0x555d8a878238 &amp;lt;unknown&amp;gt;
#12 0x555d8a852870 &amp;lt;unknown&amp;gt;
#13 0x555d8a894608 &amp;lt;unknown&amp;gt;
#14 0x555d8a894788 &amp;lt;unknown&amp;gt;
#15 0x555d8a8aef1d &amp;lt;unknown&amp;gt;
#16 0x7fe871aa2609 &amp;lt;unknown&amp;gt;
">
      <![CDATA[org.openqa.selenium.WebDriverException: unknown error: Chrome failed to start: exited abnormally.
  (unknown error: DevToolsActivePort file doesn't exist)
  (The process started from chrome location /usr/bin/google-chrome is no longer running, so ChromeDriver is assuming that Chrome has crashed.)
Build info: version: '3.141.59', revision: 'e82be7d358', time: '2018-11-14T08:17:03'
System info: host: 'varsha-HP', ip: '127.0.1.1', os.name: 'Linux', os.arch: 'amd64', os.version: '5.13.0-51-generic', java.version: '1.8.0_312'
Driver info: driver.version: ChromeDriver
remote stacktrace: #0 0x555d8a82ef33 <unknown>
#1 0x555d8a579118 <unknown>
#2 0x555d8a59c678 <unknown>
#3 0x555d8a597d5a <unknown>
#4 0x555d8a5d2d3a <unknown>
#5 0x555d8a5cce63 <unknown>
#6 0x555d8a5a282a <unknown>
#7 0x555d8a5a3985 <unknown>
#8 0x555d8a8734cd <unknown>
#9 0x555d8a8775ec <unknown>
#10 0x555d8a85d71e <unknown>
#11 0x555d8a878238 <unknown>
#12 0x555d8a852870 <unknown>
#13 0x555d8a894608 <unknown>
#14 0x555d8a894788 <unknown>
#15 0x555d8a8aef1d <unknown>
#16 0x7fe871aa2609 <unknown>

at org.openqa.selenium.remote.W3CHandshakeResponse.lambda$errorHandler$0(W3CHandshakeResponse.java:62)
at org.openqa.selenium.remote.HandshakeResponse.lambda$getResponseFunction$0(HandshakeResponse.java:30)
at org.openqa.selenium.remote.ProtocolHandshake.lambda$createSession$0(ProtocolHandshake.java:126)
at java.util.stream.ReferencePipeline$3$1.accept(ReferencePipeline.java:193)
at java.util.Spliterators$ArraySpliterator.tryAdvance(Spliterators.java:958)
at java.util.stream.ReferencePipeline.forEachWithCancel(ReferencePipeline.java:126)
at java.util.stream.AbstractPipeline.copyIntoWithCancel(AbstractPipeline.java:499)
at java.util.stream.AbstractPipeline.copyInto(AbstractPipeline.java:486)
at java.util.stream.AbstractPipeline.wrapAndCopyInto(AbstractPipeline.java:472)
at java.util.stream.FindOps$FindOp.evaluateSequential(FindOps.java:152)
at java.util.stream.AbstractPipeline.evaluate(AbstractPipeline.java:234)
at java.util.stream.ReferencePipeline.findFirst(ReferencePipeline.java:531)
at org.openqa.selenium.remote.ProtocolHandshake.createSession(ProtocolHandshake.java:128)
at org.openqa.selenium.remote.ProtocolHandshake.createSession(ProtocolHandshake.java:74)
at org.openqa.selenium.remote.HttpCommandExecutor.execute(HttpCommandExecutor.java:136)
at org.openqa.selenium.remote.service.DriverCommandExecutor.execute(DriverCommandExecutor.java:83)
at org.openqa.selenium.remote.RemoteWebDriver.execute(RemoteWebDriver.java:552)
at org.openqa.selenium.remote.RemoteWebDriver.startSession(RemoteWebDriver.java:213)
at org.openqa.selenium.remote.RemoteWebDriver.<init>(RemoteWebDriver.java:131)
at org.openqa.selenium.chrome.ChromeDriver.<init>(ChromeDriver.java:181)
at org.openqa.selenium.chrome.ChromeDriver.<init>(ChromeDriver.java:168)
at org.openqa.selenium.chrome.ChromeDriver.<init>(ChromeDriver.java:123)
at manage_companies.click_on_Next_Page.Sign_up(click_on_Next_Page.java:14)
at java.util.ArrayList.forEach(ArrayList.java:1259)
... Removed 31 stack frames]]>
    </failure>
  </testcase> <!-- Sign_up -->
  <testcase name="Manage_comp" time="2.001" classname="manage_companies.click_on_Next_Page">
    <failure type="java.lang.NullPointerException">
      <![CDATA[java.lang.NullPointerException
at com.Xuriti.admin_panel_main.Manage_Companies_Edit.Next_Page_click(Manage_Companies_Edit.java:1001)
at manage_companies.click_on_Next_Page.Manage_comp(click_on_Next_Page.java:25)
at java.util.ArrayList.forEach(ArrayList.java:1259)
... Removed 27 stack frames]]>
    </failure>
  </testcase> <!-- Manage_comp -->
  <testcase name="Sign_up" time="0.39" classname="manage_companies.edit_company_pan">
    <failure type="org.openqa.selenium.WebDriverException" message="unknown error: Chrome failed to start: exited abnormally.
  (unknown error: DevToolsActivePort file doesn&amp;apos;t exist)
  (The process started from chrome location /usr/bin/google-chrome is no longer running, so ChromeDriver is assuming that Chrome has crashed.)
Build info: version: &amp;apos;3.141.59&amp;apos;, revision: &amp;apos;e82be7d358&amp;apos;, time: &amp;apos;2018-11-14T08:17:03&amp;apos;
System info: host: &amp;apos;varsha-HP&amp;apos;, ip: &amp;apos;127.0.1.1&amp;apos;, os.name: &amp;apos;Linux&amp;apos;, os.arch: &amp;apos;amd64&amp;apos;, os.version: &amp;apos;5.13.0-51-generic&amp;apos;, java.version: &amp;apos;1.8.0_312&amp;apos;
Driver info: driver.version: ChromeDriver
remote stacktrace: #0 0x557c3c987f33 &amp;lt;unknown&amp;gt;
#1 0x557c3c6d2118 &amp;lt;unknown&amp;gt;
#2 0x557c3c6f5678 &amp;lt;unknown&amp;gt;
#3 0x557c3c6f0d5a &amp;lt;unknown&amp;gt;
#4 0x557c3c72bd3a &amp;lt;unknown&amp;gt;
#5 0x557c3c725e63 &amp;lt;unknown&amp;gt;
#6 0x557c3c6fb82a &amp;lt;unknown&amp;gt;
#7 0x557c3c6fc985 &amp;lt;unknown&amp;gt;
#8 0x557c3c9cc4cd &amp;lt;unknown&amp;gt;
#9 0x557c3c9d05ec &amp;lt;unknown&amp;gt;
#10 0x557c3c9b671e &amp;lt;unknown&amp;gt;
#11 0x557c3c9d1238 &amp;lt;unknown&amp;gt;
#12 0x557c3c9ab870 &amp;lt;unknown&amp;gt;
#13 0x557c3c9ed608 &amp;lt;unknown&amp;gt;
#14 0x557c3c9ed788 &amp;lt;unknown&amp;gt;
#15 0x557c3ca07f1d &amp;lt;unknown&amp;gt;
#16 0x7f9595d78609 &amp;lt;unknown&amp;gt;
">
      <![CDATA[org.openqa.selenium.WebDriverException: unknown error: Chrome failed to start: exited abnormally.
  (unknown error: DevToolsActivePort file doesn't exist)
  (The process started from chrome location /usr/bin/google-chrome is no longer running, so ChromeDriver is assuming that Chrome has crashed.)
Build info: version: '3.141.59', revision: 'e82be7d358', time: '2018-11-14T08:17:03'
System info: host: 'varsha-HP', ip: '127.0.1.1', os.name: 'Linux', os.arch: 'amd64', os.version: '5.13.0-51-generic', java.version: '1.8.0_312'
Driver info: driver.version: ChromeDriver
remote stacktrace: #0 0x557c3c987f33 <unknown>
#1 0x557c3c6d2118 <unknown>
#2 0x557c3c6f5678 <unknown>
#3 0x557c3c6f0d5a <unknown>
#4 0x557c3c72bd3a <unknown>
#5 0x557c3c725e63 <unknown>
#6 0x557c3c6fb82a <unknown>
#7 0x557c3c6fc985 <unknown>
#8 0x557c3c9cc4cd <unknown>
#9 0x557c3c9d05ec <unknown>
#10 0x557c3c9b671e <unknown>
#11 0x557c3c9d1238 <unknown>
#12 0x557c3c9ab870 <unknown>
#13 0x557c3c9ed608 <unknown>
#14 0x557c3c9ed788 <unknown>
#15 0x557c3ca07f1d <unknown>
#16 0x7f9595d78609 <unknown>

at org.openqa.selenium.remote.W3CHandshakeResponse.lambda$errorHandler$0(W3CHandshakeResponse.java:62)
at org.openqa.selenium.remote.HandshakeResponse.lambda$getResponseFunction$0(HandshakeResponse.java:30)
at org.openqa.selenium.remote.ProtocolHandshake.lambda$createSession$0(ProtocolHandshake.java:126)
at java.util.stream.ReferencePipeline$3$1.accept(ReferencePipeline.java:193)
at java.util.Spliterators$ArraySpliterator.tryAdvance(Spliterators.java:958)
at java.util.stream.ReferencePipeline.forEachWithCancel(ReferencePipeline.java:126)
at java.util.stream.AbstractPipeline.copyIntoWithCancel(AbstractPipeline.java:499)
at java.util.stream.AbstractPipeline.copyInto(AbstractPipeline.java:486)
at java.util.stream.AbstractPipeline.wrapAndCopyInto(AbstractPipeline.java:472)
at java.util.stream.FindOps$FindOp.evaluateSequential(FindOps.java:152)
at java.util.stream.AbstractPipeline.evaluate(AbstractPipeline.java:234)
at java.util.stream.ReferencePipeline.findFirst(ReferencePipeline.java:531)
at org.openqa.selenium.remote.ProtocolHandshake.createSession(ProtocolHandshake.java:128)
at org.openqa.selenium.remote.ProtocolHandshake.createSession(ProtocolHandshake.java:74)
at org.openqa.selenium.remote.HttpCommandExecutor.execute(HttpCommandExecutor.java:136)
at org.openqa.selenium.remote.service.DriverCommandExecutor.execute(DriverCommandExecutor.java:83)
at org.openqa.selenium.remote.RemoteWebDriver.execute(RemoteWebDriver.java:552)
at org.openqa.selenium.remote.RemoteWebDriver.startSession(RemoteWebDriver.java:213)
at org.openqa.selenium.remote.RemoteWebDriver.<init>(RemoteWebDriver.java:131)
at org.openqa.selenium.chrome.ChromeDriver.<init>(ChromeDriver.java:181)
at org.openqa.selenium.chrome.ChromeDriver.<init>(ChromeDriver.java:168)
at org.openqa.selenium.chrome.ChromeDriver.<init>(ChromeDriver.java:123)
at manage_companies.edit_company_pan.Sign_up(edit_company_pan.java:15)
at java.util.ArrayList.forEach(ArrayList.java:1259)
... Removed 31 stack frames]]>
    </failure>
  </testcase> <!-- Sign_up -->
  <testcase name="Hold_comp" time="3.001" classname="manage_companies.edit_company_pan">
    <failure type="java.lang.NullPointerException">
      <![CDATA[java.lang.NullPointerException
at com.Xuriti.admin_panel_main.Manage_Companies_Edit.Edit_company(Manage_Companies_Edit.java:20)
at manage_companies.edit_company_pan.Hold_comp(edit_company_pan.java:26)
at java.util.ArrayList.forEach(ArrayList.java:1259)
... Removed 27 stack frames]]>
    </failure>
  </testcase> <!-- Hold_comp -->
  <testcase name="Sign_up" time="0.129" classname="manage_companies.Company_status_Approved">
    <failure type="org.openqa.selenium.WebDriverException" message="unknown error: Chrome failed to start: exited abnormally.
  (unknown error: DevToolsActivePort file doesn&amp;apos;t exist)
  (The process started from chrome location /usr/bin/google-chrome is no longer running, so ChromeDriver is assuming that Chrome has crashed.)
Build info: version: &amp;apos;3.141.59&amp;apos;, revision: &amp;apos;e82be7d358&amp;apos;, time: &amp;apos;2018-11-14T08:17:03&amp;apos;
System info: host: &amp;apos;varsha-HP&amp;apos;, ip: &amp;apos;127.0.1.1&amp;apos;, os.name: &amp;apos;Linux&amp;apos;, os.arch: &amp;apos;amd64&amp;apos;, os.version: &amp;apos;5.13.0-51-generic&amp;apos;, java.version: &amp;apos;1.8.0_312&amp;apos;
Driver info: driver.version: ChromeDriver
remote stacktrace: #0 0x55b491da4f33 &amp;lt;unknown&amp;gt;
#1 0x55b491aef118 &amp;lt;unknown&amp;gt;
#2 0x55b491b12678 &amp;lt;unknown&amp;gt;
#3 0x55b491b0dd5a &amp;lt;unknown&amp;gt;
#4 0x55b491b48d3a &amp;lt;unknown&amp;gt;
#5 0x55b491b42e63 &amp;lt;unknown&amp;gt;
#6 0x55b491b1882a &amp;lt;unknown&amp;gt;
#7 0x55b491b19985 &amp;lt;unknown&amp;gt;
#8 0x55b491de94cd &amp;lt;unknown&amp;gt;
#9 0x55b491ded5ec &amp;lt;unknown&amp;gt;
#10 0x55b491dd371e &amp;lt;unknown&amp;gt;
#11 0x55b491dee238 &amp;lt;unknown&amp;gt;
#12 0x55b491dc8870 &amp;lt;unknown&amp;gt;
#13 0x55b491e0a608 &amp;lt;unknown&amp;gt;
#14 0x55b491e0a788 &amp;lt;unknown&amp;gt;
#15 0x55b491e24f1d &amp;lt;unknown&amp;gt;
#16 0x7f36a9d99609 &amp;lt;unknown&amp;gt;
">
      <![CDATA[org.openqa.selenium.WebDriverException: unknown error: Chrome failed to start: exited abnormally.
  (unknown error: DevToolsActivePort file doesn't exist)
  (The process started from chrome location /usr/bin/google-chrome is no longer running, so ChromeDriver is assuming that Chrome has crashed.)
Build info: version: '3.141.59', revision: 'e82be7d358', time: '2018-11-14T08:17:03'
System info: host: 'varsha-HP', ip: '127.0.1.1', os.name: 'Linux', os.arch: 'amd64', os.version: '5.13.0-51-generic', java.version: '1.8.0_312'
Driver info: driver.version: ChromeDriver
remote stacktrace: #0 0x55b491da4f33 <unknown>
#1 0x55b491aef118 <unknown>
#2 0x55b491b12678 <unknown>
#3 0x55b491b0dd5a <unknown>
#4 0x55b491b48d3a <unknown>
#5 0x55b491b42e63 <unknown>
#6 0x55b491b1882a <unknown>
#7 0x55b491b19985 <unknown>
#8 0x55b491de94cd <unknown>
#9 0x55b491ded5ec <unknown>
#10 0x55b491dd371e <unknown>
#11 0x55b491dee238 <unknown>
#12 0x55b491dc8870 <unknown>
#13 0x55b491e0a608 <unknown>
#14 0x55b491e0a788 <unknown>
#15 0x55b491e24f1d <unknown>
#16 0x7f36a9d99609 <unknown>

at org.openqa.selenium.remote.W3CHandshakeResponse.lambda$errorHandler$0(W3CHandshakeResponse.java:62)
at org.openqa.selenium.remote.HandshakeResponse.lambda$getResponseFunction$0(HandshakeResponse.java:30)
at org.openqa.selenium.remote.ProtocolHandshake.lambda$createSession$0(ProtocolHandshake.java:126)
at java.util.stream.ReferencePipeline$3$1.accept(ReferencePipeline.java:193)
at java.util.Spliterators$ArraySpliterator.tryAdvance(Spliterators.java:958)
at java.util.stream.ReferencePipeline.forEachWithCancel(ReferencePipeline.java:126)
at java.util.stream.AbstractPipeline.copyIntoWithCancel(AbstractPipeline.java:499)
at java.util.stream.AbstractPipeline.copyInto(AbstractPipeline.java:486)
at java.util.stream.AbstractPipeline.wrapAndCopyInto(AbstractPipeline.java:472)
at java.util.stream.FindOps$FindOp.evaluateSequential(FindOps.java:152)
at java.util.stream.AbstractPipeline.evaluate(AbstractPipeline.java:234)
at java.util.stream.ReferencePipeline.findFirst(ReferencePipeline.java:531)
at org.openqa.selenium.remote.ProtocolHandshake.createSession(ProtocolHandshake.java:128)
at org.openqa.selenium.remote.ProtocolHandshake.createSession(ProtocolHandshake.java:74)
at org.openqa.selenium.remote.HttpCommandExecutor.execute(HttpCommandExecutor.java:136)
at org.openqa.selenium.remote.service.DriverCommandExecutor.execute(DriverCommandExecutor.java:83)
at org.openqa.selenium.remote.RemoteWebDriver.execute(RemoteWebDriver.java:552)
at org.openqa.selenium.remote.RemoteWebDriver.startSession(RemoteWebDriver.java:213)
at org.openqa.selenium.remote.RemoteWebDriver.<init>(RemoteWebDriver.java:131)
at org.openqa.selenium.chrome.ChromeDriver.<init>(ChromeDriver.java:181)
at org.openqa.selenium.chrome.ChromeDriver.<init>(ChromeDriver.java:168)
at org.openqa.selenium.chrome.ChromeDriver.<init>(ChromeDriver.java:123)
at manage_companies.Company_status_Approved.Sign_up(Company_status_Approved.java:15)
at java.util.ArrayList.forEach(ArrayList.java:1259)
... Removed 31 stack frames]]>
    </failure>
  </testcase> <!-- Sign_up -->
  <testcase name="Comp_status_approved" time="2.0" classname="manage_companies.Company_status_Approved">
    <failure type="java.lang.NullPointerException">
      <![CDATA[java.lang.NullPointerException
at com.Xuriti.admin_panel_main.Manage_Companies_Edit.Company_Status_Approved(Manage_Companies_Edit.java:942)
at manage_companies.Company_status_Approved.Comp_status_approved(Company_status_Approved.java:26)
at java.util.ArrayList.forEach(ArrayList.java:1259)
... Removed 27 stack frames]]>
    </failure>
  </testcase> <!-- Comp_status_approved -->
  <testcase name="Sign_up" time="0.182" classname="manage_companies.Hold_Company">
    <failure type="org.openqa.selenium.WebDriverException" message="unknown error: Chrome failed to start: exited abnormally.
  (unknown error: DevToolsActivePort file doesn&amp;apos;t exist)
  (The process started from chrome location /usr/bin/google-chrome is no longer running, so ChromeDriver is assuming that Chrome has crashed.)
Build info: version: &amp;apos;3.141.59&amp;apos;, revision: &amp;apos;e82be7d358&amp;apos;, time: &amp;apos;2018-11-14T08:17:03&amp;apos;
System info: host: &amp;apos;varsha-HP&amp;apos;, ip: &amp;apos;127.0.1.1&amp;apos;, os.name: &amp;apos;Linux&amp;apos;, os.arch: &amp;apos;amd64&amp;apos;, os.version: &amp;apos;5.13.0-51-generic&amp;apos;, java.version: &amp;apos;1.8.0_312&amp;apos;
Driver info: driver.version: ChromeDriver
remote stacktrace: #0 0x55f712701f33 &amp;lt;unknown&amp;gt;
#1 0x55f71244c118 &amp;lt;unknown&amp;gt;
#2 0x55f71246f678 &amp;lt;unknown&amp;gt;
#3 0x55f71246ad5a &amp;lt;unknown&amp;gt;
#4 0x55f7124a5d3a &amp;lt;unknown&amp;gt;
#5 0x55f71249fe63 &amp;lt;unknown&amp;gt;
#6 0x55f71247582a &amp;lt;unknown&amp;gt;
#7 0x55f712476985 &amp;lt;unknown&amp;gt;
#8 0x55f7127464cd &amp;lt;unknown&amp;gt;
#9 0x55f71274a5ec &amp;lt;unknown&amp;gt;
#10 0x55f71273071e &amp;lt;unknown&amp;gt;
#11 0x55f71274b238 &amp;lt;unknown&amp;gt;
#12 0x55f712725870 &amp;lt;unknown&amp;gt;
#13 0x55f712767608 &amp;lt;unknown&amp;gt;
#14 0x55f712767788 &amp;lt;unknown&amp;gt;
#15 0x55f712781f1d &amp;lt;unknown&amp;gt;
#16 0x7f8fe4f69609 &amp;lt;unknown&amp;gt;
">
      <![CDATA[org.openqa.selenium.WebDriverException: unknown error: Chrome failed to start: exited abnormally.
  (unknown error: DevToolsActivePort file doesn't exist)
  (The process started from chrome location /usr/bin/google-chrome is no longer running, so ChromeDriver is assuming that Chrome has crashed.)
Build info: version: '3.141.59', revision: 'e82be7d358', time: '2018-11-14T08:17:03'
System info: host: 'varsha-HP', ip: '127.0.1.1', os.name: 'Linux', os.arch: 'amd64', os.version: '5.13.0-51-generic', java.version: '1.8.0_312'
Driver info: driver.version: ChromeDriver
remote stacktrace: #0 0x55f712701f33 <unknown>
#1 0x55f71244c118 <unknown>
#2 0x55f71246f678 <unknown>
#3 0x55f71246ad5a <unknown>
#4 0x55f7124a5d3a <unknown>
#5 0x55f71249fe63 <unknown>
#6 0x55f71247582a <unknown>
#7 0x55f712476985 <unknown>
#8 0x55f7127464cd <unknown>
#9 0x55f71274a5ec <unknown>
#10 0x55f71273071e <unknown>
#11 0x55f71274b238 <unknown>
#12 0x55f712725870 <unknown>
#13 0x55f712767608 <unknown>
#14 0x55f712767788 <unknown>
#15 0x55f712781f1d <unknown>
#16 0x7f8fe4f69609 <unknown>

at org.openqa.selenium.remote.W3CHandshakeResponse.lambda$errorHandler$0(W3CHandshakeResponse.java:62)
at org.openqa.selenium.remote.HandshakeResponse.lambda$getResponseFunction$0(HandshakeResponse.java:30)
at org.openqa.selenium.remote.ProtocolHandshake.lambda$createSession$0(ProtocolHandshake.java:126)
at java.util.stream.ReferencePipeline$3$1.accept(ReferencePipeline.java:193)
at java.util.Spliterators$ArraySpliterator.tryAdvance(Spliterators.java:958)
at java.util.stream.ReferencePipeline.forEachWithCancel(ReferencePipeline.java:126)
at java.util.stream.AbstractPipeline.copyIntoWithCancel(AbstractPipeline.java:499)
at java.util.stream.AbstractPipeline.copyInto(AbstractPipeline.java:486)
at java.util.stream.AbstractPipeline.wrapAndCopyInto(AbstractPipeline.java:472)
at java.util.stream.FindOps$FindOp.evaluateSequential(FindOps.java:152)
at java.util.stream.AbstractPipeline.evaluate(AbstractPipeline.java:234)
at java.util.stream.ReferencePipeline.findFirst(ReferencePipeline.java:531)
at org.openqa.selenium.remote.ProtocolHandshake.createSession(ProtocolHandshake.java:128)
at org.openqa.selenium.remote.ProtocolHandshake.createSession(ProtocolHandshake.java:74)
at org.openqa.selenium.remote.HttpCommandExecutor.execute(HttpCommandExecutor.java:136)
at org.openqa.selenium.remote.service.DriverCommandExecutor.execute(DriverCommandExecutor.java:83)
at org.openqa.selenium.remote.RemoteWebDriver.execute(RemoteWebDriver.java:552)
at org.openqa.selenium.remote.RemoteWebDriver.startSession(RemoteWebDriver.java:213)
at org.openqa.selenium.remote.RemoteWebDriver.<init>(RemoteWebDriver.java:131)
at org.openqa.selenium.chrome.ChromeDriver.<init>(ChromeDriver.java:181)
at org.openqa.selenium.chrome.ChromeDriver.<init>(ChromeDriver.java:168)
at org.openqa.selenium.chrome.ChromeDriver.<init>(ChromeDriver.java:123)
at manage_companies.Hold_Company.Sign_up(Hold_Company.java:15)
at java.util.ArrayList.forEach(ArrayList.java:1259)
... Removed 31 stack frames]]>
    </failure>
  </testcase> <!-- Sign_up -->
  <testcase name="Hold_comp" time="3.001" classname="manage_companies.Hold_Company">
    <failure type="java.lang.NullPointerException">
      <![CDATA[java.lang.NullPointerException
at com.Xuriti.admin_panel_main.Manage_Companies_Edit.Edit_company(Manage_Companies_Edit.java:20)
at manage_companies.Hold_Company.Hold_comp(Hold_Company.java:26)
at java.util.ArrayList.forEach(ArrayList.java:1259)
... Removed 27 stack frames]]>
    </failure>
  </testcase> <!-- Hold_comp -->
  <testcase name="Sign_up" time="0.184" classname="manage_companies.edit_company_mobile_num">
    <failure type="org.openqa.selenium.WebDriverException" message="unknown error: Chrome failed to start: exited abnormally.
  (unknown error: DevToolsActivePort file doesn&amp;apos;t exist)
  (The process started from chrome location /usr/bin/google-chrome is no longer running, so ChromeDriver is assuming that Chrome has crashed.)
Build info: version: &amp;apos;3.141.59&amp;apos;, revision: &amp;apos;e82be7d358&amp;apos;, time: &amp;apos;2018-11-14T08:17:03&amp;apos;
System info: host: &amp;apos;varsha-HP&amp;apos;, ip: &amp;apos;127.0.1.1&amp;apos;, os.name: &amp;apos;Linux&amp;apos;, os.arch: &amp;apos;amd64&amp;apos;, os.version: &amp;apos;5.13.0-51-generic&amp;apos;, java.version: &amp;apos;1.8.0_312&amp;apos;
Driver info: driver.version: ChromeDriver
remote stacktrace: #0 0x5625b3a08f33 &amp;lt;unknown&amp;gt;
#1 0x5625b3753118 &amp;lt;unknown&amp;gt;
#2 0x5625b3776678 &amp;lt;unknown&amp;gt;
#3 0x5625b3771d5a &amp;lt;unknown&amp;gt;
#4 0x5625b37acd3a &amp;lt;unknown&amp;gt;
#5 0x5625b37a6e63 &amp;lt;unknown&amp;gt;
#6 0x5625b377c82a &amp;lt;unknown&amp;gt;
#7 0x5625b377d985 &amp;lt;unknown&amp;gt;
#8 0x5625b3a4d4cd &amp;lt;unknown&amp;gt;
#9 0x5625b3a515ec &amp;lt;unknown&amp;gt;
#10 0x5625b3a3771e &amp;lt;unknown&amp;gt;
#11 0x5625b3a52238 &amp;lt;unknown&amp;gt;
#12 0x5625b3a2c870 &amp;lt;unknown&amp;gt;
#13 0x5625b3a6e608 &amp;lt;unknown&amp;gt;
#14 0x5625b3a6e788 &amp;lt;unknown&amp;gt;
#15 0x5625b3a88f1d &amp;lt;unknown&amp;gt;
#16 0x7fdf25579609 &amp;lt;unknown&amp;gt;
">
      <![CDATA[org.openqa.selenium.WebDriverException: unknown error: Chrome failed to start: exited abnormally.
  (unknown error: DevToolsActivePort file doesn't exist)
  (The process started from chrome location /usr/bin/google-chrome is no longer running, so ChromeDriver is assuming that Chrome has crashed.)
Build info: version: '3.141.59', revision: 'e82be7d358', time: '2018-11-14T08:17:03'
System info: host: 'varsha-HP', ip: '127.0.1.1', os.name: 'Linux', os.arch: 'amd64', os.version: '5.13.0-51-generic', java.version: '1.8.0_312'
Driver info: driver.version: ChromeDriver
remote stacktrace: #0 0x5625b3a08f33 <unknown>
#1 0x5625b3753118 <unknown>
#2 0x5625b3776678 <unknown>
#3 0x5625b3771d5a <unknown>
#4 0x5625b37acd3a <unknown>
#5 0x5625b37a6e63 <unknown>
#6 0x5625b377c82a <unknown>
#7 0x5625b377d985 <unknown>
#8 0x5625b3a4d4cd <unknown>
#9 0x5625b3a515ec <unknown>
#10 0x5625b3a3771e <unknown>
#11 0x5625b3a52238 <unknown>
#12 0x5625b3a2c870 <unknown>
#13 0x5625b3a6e608 <unknown>
#14 0x5625b3a6e788 <unknown>
#15 0x5625b3a88f1d <unknown>
#16 0x7fdf25579609 <unknown>

at org.openqa.selenium.remote.W3CHandshakeResponse.lambda$errorHandler$0(W3CHandshakeResponse.java:62)
at org.openqa.selenium.remote.HandshakeResponse.lambda$getResponseFunction$0(HandshakeResponse.java:30)
at org.openqa.selenium.remote.ProtocolHandshake.lambda$createSession$0(ProtocolHandshake.java:126)
at java.util.stream.ReferencePipeline$3$1.accept(ReferencePipeline.java:193)
at java.util.Spliterators$ArraySpliterator.tryAdvance(Spliterators.java:958)
at java.util.stream.ReferencePipeline.forEachWithCancel(ReferencePipeline.java:126)
at java.util.stream.AbstractPipeline.copyIntoWithCancel(AbstractPipeline.java:499)
at java.util.stream.AbstractPipeline.copyInto(AbstractPipeline.java:486)
at java.util.stream.AbstractPipeline.wrapAndCopyInto(AbstractPipeline.java:472)
at java.util.stream.FindOps$FindOp.evaluateSequential(FindOps.java:152)
at java.util.stream.AbstractPipeline.evaluate(AbstractPipeline.java:234)
at java.util.stream.ReferencePipeline.findFirst(ReferencePipeline.java:531)
at org.openqa.selenium.remote.ProtocolHandshake.createSession(ProtocolHandshake.java:128)
at org.openqa.selenium.remote.ProtocolHandshake.createSession(ProtocolHandshake.java:74)
at org.openqa.selenium.remote.HttpCommandExecutor.execute(HttpCommandExecutor.java:136)
at org.openqa.selenium.remote.service.DriverCommandExecutor.execute(DriverCommandExecutor.java:83)
at org.openqa.selenium.remote.RemoteWebDriver.execute(RemoteWebDriver.java:552)
at org.openqa.selenium.remote.RemoteWebDriver.startSession(RemoteWebDriver.java:213)
at org.openqa.selenium.remote.RemoteWebDriver.<init>(RemoteWebDriver.java:131)
at org.openqa.selenium.chrome.ChromeDriver.<init>(ChromeDriver.java:181)
at org.openqa.selenium.chrome.ChromeDriver.<init>(ChromeDriver.java:168)
at org.openqa.selenium.chrome.ChromeDriver.<init>(ChromeDriver.java:123)
at manage_companies.edit_company_mobile_num.Sign_up(edit_company_mobile_num.java:15)
at java.util.ArrayList.forEach(ArrayList.java:1259)
... Removed 31 stack frames]]>
    </failure>
  </testcase> <!-- Sign_up -->
  <testcase name="Hold_comp" time="3.002" classname="manage_companies.edit_company_mobile_num">
    <failure type="java.lang.NullPointerException">
      <![CDATA[java.lang.NullPointerException
at com.Xuriti.admin_panel_main.Manage_Companies_Edit.Edit_company(Manage_Companies_Edit.java:20)
at manage_companies.edit_company_mobile_num.Hold_comp(edit_company_mobile_num.java:26)
at java.util.ArrayList.forEach(ArrayList.java:1259)
... Removed 27 stack frames]]>
    </failure>
  </testcase> <!-- Hold_comp -->
  <testcase name="Sign_up" time="0.202" classname="manage_companies.edit_pin_code">
    <failure type="org.openqa.selenium.WebDriverException" message="unknown error: Chrome failed to start: exited abnormally.
  (unknown error: DevToolsActivePort file doesn&amp;apos;t exist)
  (The process started from chrome location /usr/bin/google-chrome is no longer running, so ChromeDriver is assuming that Chrome has crashed.)
Build info: version: &amp;apos;3.141.59&amp;apos;, revision: &amp;apos;e82be7d358&amp;apos;, time: &amp;apos;2018-11-14T08:17:03&amp;apos;
System info: host: &amp;apos;varsha-HP&amp;apos;, ip: &amp;apos;127.0.1.1&amp;apos;, os.name: &amp;apos;Linux&amp;apos;, os.arch: &amp;apos;amd64&amp;apos;, os.version: &amp;apos;5.13.0-51-generic&amp;apos;, java.version: &amp;apos;1.8.0_312&amp;apos;
Driver info: driver.version: ChromeDriver
remote stacktrace: #0 0x56135becef33 &amp;lt;unknown&amp;gt;
#1 0x56135bc19118 &amp;lt;unknown&amp;gt;
#2 0x56135bc3c678 &amp;lt;unknown&amp;gt;
#3 0x56135bc37d5a &amp;lt;unknown&amp;gt;
#4 0x56135bc72d3a &amp;lt;unknown&amp;gt;
#5 0x56135bc6ce63 &amp;lt;unknown&amp;gt;
#6 0x56135bc4282a &amp;lt;unknown&amp;gt;
#7 0x56135bc43985 &amp;lt;unknown&amp;gt;
#8 0x56135bf134cd &amp;lt;unknown&amp;gt;
#9 0x56135bf175ec &amp;lt;unknown&amp;gt;
#10 0x56135befd71e &amp;lt;unknown&amp;gt;
#11 0x56135bf18238 &amp;lt;unknown&amp;gt;
#12 0x56135bef2870 &amp;lt;unknown&amp;gt;
#13 0x56135bf34608 &amp;lt;unknown&amp;gt;
#14 0x56135bf34788 &amp;lt;unknown&amp;gt;
#15 0x56135bf4ef1d &amp;lt;unknown&amp;gt;
#16 0x7fd3137a3609 &amp;lt;unknown&amp;gt;
">
      <![CDATA[org.openqa.selenium.WebDriverException: unknown error: Chrome failed to start: exited abnormally.
  (unknown error: DevToolsActivePort file doesn't exist)
  (The process started from chrome location /usr/bin/google-chrome is no longer running, so ChromeDriver is assuming that Chrome has crashed.)
Build info: version: '3.141.59', revision: 'e82be7d358', time: '2018-11-14T08:17:03'
System info: host: 'varsha-HP', ip: '127.0.1.1', os.name: 'Linux', os.arch: 'amd64', os.version: '5.13.0-51-generic', java.version: '1.8.0_312'
Driver info: driver.version: ChromeDriver
remote stacktrace: #0 0x56135becef33 <unknown>
#1 0x56135bc19118 <unknown>
#2 0x56135bc3c678 <unknown>
#3 0x56135bc37d5a <unknown>
#4 0x56135bc72d3a <unknown>
#5 0x56135bc6ce63 <unknown>
#6 0x56135bc4282a <unknown>
#7 0x56135bc43985 <unknown>
#8 0x56135bf134cd <unknown>
#9 0x56135bf175ec <unknown>
#10 0x56135befd71e <unknown>
#11 0x56135bf18238 <unknown>
#12 0x56135bef2870 <unknown>
#13 0x56135bf34608 <unknown>
#14 0x56135bf34788 <unknown>
#15 0x56135bf4ef1d <unknown>
#16 0x7fd3137a3609 <unknown>

at org.openqa.selenium.remote.W3CHandshakeResponse.lambda$errorHandler$0(W3CHandshakeResponse.java:62)
at org.openqa.selenium.remote.HandshakeResponse.lambda$getResponseFunction$0(HandshakeResponse.java:30)
at org.openqa.selenium.remote.ProtocolHandshake.lambda$createSession$0(ProtocolHandshake.java:126)
at java.util.stream.ReferencePipeline$3$1.accept(ReferencePipeline.java:193)
at java.util.Spliterators$ArraySpliterator.tryAdvance(Spliterators.java:958)
at java.util.stream.ReferencePipeline.forEachWithCancel(ReferencePipeline.java:126)
at java.util.stream.AbstractPipeline.copyIntoWithCancel(AbstractPipeline.java:499)
at java.util.stream.AbstractPipeline.copyInto(AbstractPipeline.java:486)
at java.util.stream.AbstractPipeline.wrapAndCopyInto(AbstractPipeline.java:472)
at java.util.stream.FindOps$FindOp.evaluateSequential(FindOps.java:152)
at java.util.stream.AbstractPipeline.evaluate(AbstractPipeline.java:234)
at java.util.stream.ReferencePipeline.findFirst(ReferencePipeline.java:531)
at org.openqa.selenium.remote.ProtocolHandshake.createSession(ProtocolHandshake.java:128)
at org.openqa.selenium.remote.ProtocolHandshake.createSession(ProtocolHandshake.java:74)
at org.openqa.selenium.remote.HttpCommandExecutor.execute(HttpCommandExecutor.java:136)
at org.openqa.selenium.remote.service.DriverCommandExecutor.execute(DriverCommandExecutor.java:83)
at org.openqa.selenium.remote.RemoteWebDriver.execute(RemoteWebDriver.java:552)
at org.openqa.selenium.remote.RemoteWebDriver.startSession(RemoteWebDriver.java:213)
at org.openqa.selenium.remote.RemoteWebDriver.<init>(RemoteWebDriver.java:131)
at org.openqa.selenium.chrome.ChromeDriver.<init>(ChromeDriver.java:181)
at org.openqa.selenium.chrome.ChromeDriver.<init>(ChromeDriver.java:168)
at org.openqa.selenium.chrome.ChromeDriver.<init>(ChromeDriver.java:123)
at manage_companies.edit_pin_code.Sign_up(edit_pin_code.java:15)
at java.util.ArrayList.forEach(ArrayList.java:1259)
... Removed 31 stack frames]]>
    </failure>
  </testcase> <!-- Sign_up -->
  <testcase name="Hold_comp" time="3.001" classname="manage_companies.edit_pin_code">
    <failure type="java.lang.NullPointerException">
      <![CDATA[java.lang.NullPointerException
at com.Xuriti.admin_panel_main.Manage_Companies_Edit.Edit_company(Manage_Companies_Edit.java:20)
at manage_companies.edit_pin_code.Hold_comp(edit_pin_code.java:26)
at java.util.ArrayList.forEach(ArrayList.java:1259)
... Removed 27 stack frames]]>
    </failure>
  </testcase> <!-- Hold_comp -->
  <testcase name="Sign_up" time="0.185" classname="manage_companies.edit_district">
    <failure type="org.openqa.selenium.WebDriverException" message="unknown error: Chrome failed to start: exited abnormally.
  (unknown error: DevToolsActivePort file doesn&amp;apos;t exist)
  (The process started from chrome location /usr/bin/google-chrome is no longer running, so ChromeDriver is assuming that Chrome has crashed.)
Build info: version: &amp;apos;3.141.59&amp;apos;, revision: &amp;apos;e82be7d358&amp;apos;, time: &amp;apos;2018-11-14T08:17:03&amp;apos;
System info: host: &amp;apos;varsha-HP&amp;apos;, ip: &amp;apos;127.0.1.1&amp;apos;, os.name: &amp;apos;Linux&amp;apos;, os.arch: &amp;apos;amd64&amp;apos;, os.version: &amp;apos;5.13.0-51-generic&amp;apos;, java.version: &amp;apos;1.8.0_312&amp;apos;
Driver info: driver.version: ChromeDriver
remote stacktrace: #0 0x55cfa0fe9f33 &amp;lt;unknown&amp;gt;
#1 0x55cfa0d34118 &amp;lt;unknown&amp;gt;
#2 0x55cfa0d57678 &amp;lt;unknown&amp;gt;
#3 0x55cfa0d52d5a &amp;lt;unknown&amp;gt;
#4 0x55cfa0d8dd3a &amp;lt;unknown&amp;gt;
#5 0x55cfa0d87e63 &amp;lt;unknown&amp;gt;
#6 0x55cfa0d5d82a &amp;lt;unknown&amp;gt;
#7 0x55cfa0d5e985 &amp;lt;unknown&amp;gt;
#8 0x55cfa102e4cd &amp;lt;unknown&amp;gt;
#9 0x55cfa10325ec &amp;lt;unknown&amp;gt;
#10 0x55cfa101871e &amp;lt;unknown&amp;gt;
#11 0x55cfa1033238 &amp;lt;unknown&amp;gt;
#12 0x55cfa100d870 &amp;lt;unknown&amp;gt;
#13 0x55cfa104f608 &amp;lt;unknown&amp;gt;
#14 0x55cfa104f788 &amp;lt;unknown&amp;gt;
#15 0x55cfa1069f1d &amp;lt;unknown&amp;gt;
#16 0x7fa523ec9609 &amp;lt;unknown&amp;gt;
">
      <![CDATA[org.openqa.selenium.WebDriverException: unknown error: Chrome failed to start: exited abnormally.
  (unknown error: DevToolsActivePort file doesn't exist)
  (The process started from chrome location /usr/bin/google-chrome is no longer running, so ChromeDriver is assuming that Chrome has crashed.)
Build info: version: '3.141.59', revision: 'e82be7d358', time: '2018-11-14T08:17:03'
System info: host: 'varsha-HP', ip: '127.0.1.1', os.name: 'Linux', os.arch: 'amd64', os.version: '5.13.0-51-generic', java.version: '1.8.0_312'
Driver info: driver.version: ChromeDriver
remote stacktrace: #0 0x55cfa0fe9f33 <unknown>
#1 0x55cfa0d34118 <unknown>
#2 0x55cfa0d57678 <unknown>
#3 0x55cfa0d52d5a <unknown>
#4 0x55cfa0d8dd3a <unknown>
#5 0x55cfa0d87e63 <unknown>
#6 0x55cfa0d5d82a <unknown>
#7 0x55cfa0d5e985 <unknown>
#8 0x55cfa102e4cd <unknown>
#9 0x55cfa10325ec <unknown>
#10 0x55cfa101871e <unknown>
#11 0x55cfa1033238 <unknown>
#12 0x55cfa100d870 <unknown>
#13 0x55cfa104f608 <unknown>
#14 0x55cfa104f788 <unknown>
#15 0x55cfa1069f1d <unknown>
#16 0x7fa523ec9609 <unknown>

at org.openqa.selenium.remote.W3CHandshakeResponse.lambda$errorHandler$0(W3CHandshakeResponse.java:62)
at org.openqa.selenium.remote.HandshakeResponse.lambda$getResponseFunction$0(HandshakeResponse.java:30)
at org.openqa.selenium.remote.ProtocolHandshake.lambda$createSession$0(ProtocolHandshake.java:126)
at java.util.stream.ReferencePipeline$3$1.accept(ReferencePipeline.java:193)
at java.util.Spliterators$ArraySpliterator.tryAdvance(Spliterators.java:958)
at java.util.stream.ReferencePipeline.forEachWithCancel(ReferencePipeline.java:126)
at java.util.stream.AbstractPipeline.copyIntoWithCancel(AbstractPipeline.java:499)
at java.util.stream.AbstractPipeline.copyInto(AbstractPipeline.java:486)
at java.util.stream.AbstractPipeline.wrapAndCopyInto(AbstractPipeline.java:472)
at java.util.stream.FindOps$FindOp.evaluateSequential(FindOps.java:152)
at java.util.stream.AbstractPipeline.evaluate(AbstractPipeline.java:234)
at java.util.stream.ReferencePipeline.findFirst(ReferencePipeline.java:531)
at org.openqa.selenium.remote.ProtocolHandshake.createSession(ProtocolHandshake.java:128)
at org.openqa.selenium.remote.ProtocolHandshake.createSession(ProtocolHandshake.java:74)
at org.openqa.selenium.remote.HttpCommandExecutor.execute(HttpCommandExecutor.java:136)
at org.openqa.selenium.remote.service.DriverCommandExecutor.execute(DriverCommandExecutor.java:83)
at org.openqa.selenium.remote.RemoteWebDriver.execute(RemoteWebDriver.java:552)
at org.openqa.selenium.remote.RemoteWebDriver.startSession(RemoteWebDriver.java:213)
at org.openqa.selenium.remote.RemoteWebDriver.<init>(RemoteWebDriver.java:131)
at org.openqa.selenium.chrome.ChromeDriver.<init>(ChromeDriver.java:181)
at org.openqa.selenium.chrome.ChromeDriver.<init>(ChromeDriver.java:168)
at org.openqa.selenium.chrome.ChromeDriver.<init>(ChromeDriver.java:123)
at manage_companies.edit_district.Sign_up(edit_district.java:15)
at java.util.ArrayList.forEach(ArrayList.java:1259)
... Removed 31 stack frames]]>
    </failure>
  </testcase> <!-- Sign_up -->
  <testcase name="Hold_comp" time="3.001" classname="manage_companies.edit_district">
    <failure type="java.lang.NullPointerException">
      <![CDATA[java.lang.NullPointerException
at com.Xuriti.admin_panel_main.Manage_Companies_Edit.Edit_company(Manage_Companies_Edit.java:20)
at manage_companies.edit_district.Hold_comp(edit_district.java:26)
at java.util.ArrayList.forEach(ArrayList.java:1259)
... Removed 27 stack frames]]>
    </failure>
  </testcase> <!-- Hold_comp -->
  <testcase name="Sign_up" time="0.179" classname="manage_companies.Credit_plan_selection_2">
    <failure type="org.openqa.selenium.WebDriverException" message="unknown error: Chrome failed to start: exited abnormally.
  (unknown error: DevToolsActivePort file doesn&amp;apos;t exist)
  (The process started from chrome location /usr/bin/google-chrome is no longer running, so ChromeDriver is assuming that Chrome has crashed.)
Build info: version: &amp;apos;3.141.59&amp;apos;, revision: &amp;apos;e82be7d358&amp;apos;, time: &amp;apos;2018-11-14T08:17:03&amp;apos;
System info: host: &amp;apos;varsha-HP&amp;apos;, ip: &amp;apos;127.0.1.1&amp;apos;, os.name: &amp;apos;Linux&amp;apos;, os.arch: &amp;apos;amd64&amp;apos;, os.version: &amp;apos;5.13.0-51-generic&amp;apos;, java.version: &amp;apos;1.8.0_312&amp;apos;
Driver info: driver.version: ChromeDriver
remote stacktrace: #0 0x56302d183f33 &amp;lt;unknown&amp;gt;
#1 0x56302cece118 &amp;lt;unknown&amp;gt;
#2 0x56302cef1678 &amp;lt;unknown&amp;gt;
#3 0x56302ceecd5a &amp;lt;unknown&amp;gt;
#4 0x56302cf27d3a &amp;lt;unknown&amp;gt;
#5 0x56302cf21e63 &amp;lt;unknown&amp;gt;
#6 0x56302cef782a &amp;lt;unknown&amp;gt;
#7 0x56302cef8985 &amp;lt;unknown&amp;gt;
#8 0x56302d1c84cd &amp;lt;unknown&amp;gt;
#9 0x56302d1cc5ec &amp;lt;unknown&amp;gt;
#10 0x56302d1b271e &amp;lt;unknown&amp;gt;
#11 0x56302d1cd238 &amp;lt;unknown&amp;gt;
#12 0x56302d1a7870 &amp;lt;unknown&amp;gt;
#13 0x56302d1e9608 &amp;lt;unknown&amp;gt;
#14 0x56302d1e9788 &amp;lt;unknown&amp;gt;
#15 0x56302d203f1d &amp;lt;unknown&amp;gt;
#16 0x7f849acd0609 &amp;lt;unknown&amp;gt;
">
      <![CDATA[org.openqa.selenium.WebDriverException: unknown error: Chrome failed to start: exited abnormally.
  (unknown error: DevToolsActivePort file doesn't exist)
  (The process started from chrome location /usr/bin/google-chrome is no longer running, so ChromeDriver is assuming that Chrome has crashed.)
Build info: version: '3.141.59', revision: 'e82be7d358', time: '2018-11-14T08:17:03'
System info: host: 'varsha-HP', ip: '127.0.1.1', os.name: 'Linux', os.arch: 'amd64', os.version: '5.13.0-51-generic', java.version: '1.8.0_312'
Driver info: driver.version: ChromeDriver
remote stacktrace: #0 0x56302d183f33 <unknown>
#1 0x56302cece118 <unknown>
#2 0x56302cef1678 <unknown>
#3 0x56302ceecd5a <unknown>
#4 0x56302cf27d3a <unknown>
#5 0x56302cf21e63 <unknown>
#6 0x56302cef782a <unknown>
#7 0x56302cef8985 <unknown>
#8 0x56302d1c84cd <unknown>
#9 0x56302d1cc5ec <unknown>
#10 0x56302d1b271e <unknown>
#11 0x56302d1cd238 <unknown>
#12 0x56302d1a7870 <unknown>
#13 0x56302d1e9608 <unknown>
#14 0x56302d1e9788 <unknown>
#15 0x56302d203f1d <unknown>
#16 0x7f849acd0609 <unknown>

at org.openqa.selenium.remote.W3CHandshakeResponse.lambda$errorHandler$0(W3CHandshakeResponse.java:62)
at org.openqa.selenium.remote.HandshakeResponse.lambda$getResponseFunction$0(HandshakeResponse.java:30)
at org.openqa.selenium.remote.ProtocolHandshake.lambda$createSession$0(ProtocolHandshake.java:126)
at java.util.stream.ReferencePipeline$3$1.accept(ReferencePipeline.java:193)
at java.util.Spliterators$ArraySpliterator.tryAdvance(Spliterators.java:958)
at java.util.stream.ReferencePipeline.forEachWithCancel(ReferencePipeline.java:126)
at java.util.stream.AbstractPipeline.copyIntoWithCancel(AbstractPipeline.java:499)
at java.util.stream.AbstractPipeline.copyInto(AbstractPipeline.java:486)
at java.util.stream.AbstractPipeline.wrapAndCopyInto(AbstractPipeline.java:472)
at java.util.stream.FindOps$FindOp.evaluateSequential(FindOps.java:152)
at java.util.stream.AbstractPipeline.evaluate(AbstractPipeline.java:234)
at java.util.stream.ReferencePipeline.findFirst(ReferencePipeline.java:531)
at org.openqa.selenium.remote.ProtocolHandshake.createSession(ProtocolHandshake.java:128)
at org.openqa.selenium.remote.ProtocolHandshake.createSession(ProtocolHandshake.java:74)
at org.openqa.selenium.remote.HttpCommandExecutor.execute(HttpCommandExecutor.java:136)
at org.openqa.selenium.remote.service.DriverCommandExecutor.execute(DriverCommandExecutor.java:83)
at org.openqa.selenium.remote.RemoteWebDriver.execute(RemoteWebDriver.java:552)
at org.openqa.selenium.remote.RemoteWebDriver.startSession(RemoteWebDriver.java:213)
at org.openqa.selenium.remote.RemoteWebDriver.<init>(RemoteWebDriver.java:131)
at org.openqa.selenium.chrome.ChromeDriver.<init>(ChromeDriver.java:181)
at org.openqa.selenium.chrome.ChromeDriver.<init>(ChromeDriver.java:168)
at org.openqa.selenium.chrome.ChromeDriver.<init>(ChromeDriver.java:123)
at manage_companies.Credit_plan_selection_2.Sign_up(Credit_plan_selection_2.java:15)
at java.util.ArrayList.forEach(ArrayList.java:1259)
... Removed 31 stack frames]]>
    </failure>
  </testcase> <!-- Sign_up -->
  <testcase name="credit_plan_select" time="3.001" classname="manage_companies.Credit_plan_selection_2">
    <failure type="java.lang.NullPointerException">
      <![CDATA[java.lang.NullPointerException
at com.Xuriti.admin_panel_main.Manage_Companies_Edit.Click_on_Credit_plan(Manage_Companies_Edit.java:478)
at manage_companies.Credit_plan_selection_2.credit_plan_select(Credit_plan_selection_2.java:26)
at java.util.ArrayList.forEach(ArrayList.java:1259)
... Removed 27 stack frames]]>
    </failure>
  </testcase> <!-- credit_plan_select -->
  <testcase name="Sign_up" time="0.183" classname="manage_companies.Credit_plan_selection_3">
    <failure type="org.openqa.selenium.WebDriverException" message="unknown error: Chrome failed to start: exited abnormally.
  (unknown error: DevToolsActivePort file doesn&amp;apos;t exist)
  (The process started from chrome location /usr/bin/google-chrome is no longer running, so ChromeDriver is assuming that Chrome has crashed.)
Build info: version: &amp;apos;3.141.59&amp;apos;, revision: &amp;apos;e82be7d358&amp;apos;, time: &amp;apos;2018-11-14T08:17:03&amp;apos;
System info: host: &amp;apos;varsha-HP&amp;apos;, ip: &amp;apos;127.0.1.1&amp;apos;, os.name: &amp;apos;Linux&amp;apos;, os.arch: &amp;apos;amd64&amp;apos;, os.version: &amp;apos;5.13.0-51-generic&amp;apos;, java.version: &amp;apos;1.8.0_312&amp;apos;
Driver info: driver.version: ChromeDriver
remote stacktrace: #0 0x55c4b6cbff33 &amp;lt;unknown&amp;gt;
#1 0x55c4b6a0a118 &amp;lt;unknown&amp;gt;
#2 0x55c4b6a2d678 &amp;lt;unknown&amp;gt;
#3 0x55c4b6a28d5a &amp;lt;unknown&amp;gt;
#4 0x55c4b6a63d3a &amp;lt;unknown&amp;gt;
#5 0x55c4b6a5de63 &amp;lt;unknown&amp;gt;
#6 0x55c4b6a3382a &amp;lt;unknown&amp;gt;
#7 0x55c4b6a34985 &amp;lt;unknown&amp;gt;
#8 0x55c4b6d044cd &amp;lt;unknown&amp;gt;
#9 0x55c4b6d085ec &amp;lt;unknown&amp;gt;
#10 0x55c4b6cee71e &amp;lt;unknown&amp;gt;
#11 0x55c4b6d09238 &amp;lt;unknown&amp;gt;
#12 0x55c4b6ce3870 &amp;lt;unknown&amp;gt;
#13 0x55c4b6d25608 &amp;lt;unknown&amp;gt;
#14 0x55c4b6d25788 &amp;lt;unknown&amp;gt;
#15 0x55c4b6d3ff1d &amp;lt;unknown&amp;gt;
#16 0x7fe65ad95609 &amp;lt;unknown&amp;gt;
">
      <![CDATA[org.openqa.selenium.WebDriverException: unknown error: Chrome failed to start: exited abnormally.
  (unknown error: DevToolsActivePort file doesn't exist)
  (The process started from chrome location /usr/bin/google-chrome is no longer running, so ChromeDriver is assuming that Chrome has crashed.)
Build info: version: '3.141.59', revision: 'e82be7d358', time: '2018-11-14T08:17:03'
System info: host: 'varsha-HP', ip: '127.0.1.1', os.name: 'Linux', os.arch: 'amd64', os.version: '5.13.0-51-generic', java.version: '1.8.0_312'
Driver info: driver.version: ChromeDriver
remote stacktrace: #0 0x55c4b6cbff33 <unknown>
#1 0x55c4b6a0a118 <unknown>
#2 0x55c4b6a2d678 <unknown>
#3 0x55c4b6a28d5a <unknown>
#4 0x55c4b6a63d3a <unknown>
#5 0x55c4b6a5de63 <unknown>
#6 0x55c4b6a3382a <unknown>
#7 0x55c4b6a34985 <unknown>
#8 0x55c4b6d044cd <unknown>
#9 0x55c4b6d085ec <unknown>
#10 0x55c4b6cee71e <unknown>
#11 0x55c4b6d09238 <unknown>
#12 0x55c4b6ce3870 <unknown>
#13 0x55c4b6d25608 <unknown>
#14 0x55c4b6d25788 <unknown>
#15 0x55c4b6d3ff1d <unknown>
#16 0x7fe65ad95609 <unknown>

at org.openqa.selenium.remote.W3CHandshakeResponse.lambda$errorHandler$0(W3CHandshakeResponse.java:62)
at org.openqa.selenium.remote.HandshakeResponse.lambda$getResponseFunction$0(HandshakeResponse.java:30)
at org.openqa.selenium.remote.ProtocolHandshake.lambda$createSession$0(ProtocolHandshake.java:126)
at java.util.stream.ReferencePipeline$3$1.accept(ReferencePipeline.java:193)
at java.util.Spliterators$ArraySpliterator.tryAdvance(Spliterators.java:958)
at java.util.stream.ReferencePipeline.forEachWithCancel(ReferencePipeline.java:126)
at java.util.stream.AbstractPipeline.copyIntoWithCancel(AbstractPipeline.java:499)
at java.util.stream.AbstractPipeline.copyInto(AbstractPipeline.java:486)
at java.util.stream.AbstractPipeline.wrapAndCopyInto(AbstractPipeline.java:472)
at java.util.stream.FindOps$FindOp.evaluateSequential(FindOps.java:152)
at java.util.stream.AbstractPipeline.evaluate(AbstractPipeline.java:234)
at java.util.stream.ReferencePipeline.findFirst(ReferencePipeline.java:531)
at org.openqa.selenium.remote.ProtocolHandshake.createSession(ProtocolHandshake.java:128)
at org.openqa.selenium.remote.ProtocolHandshake.createSession(ProtocolHandshake.java:74)
at org.openqa.selenium.remote.HttpCommandExecutor.execute(HttpCommandExecutor.java:136)
at org.openqa.selenium.remote.service.DriverCommandExecutor.execute(DriverCommandExecutor.java:83)
at org.openqa.selenium.remote.RemoteWebDriver.execute(RemoteWebDriver.java:552)
at org.openqa.selenium.remote.RemoteWebDriver.startSession(RemoteWebDriver.java:213)
at org.openqa.selenium.remote.RemoteWebDriver.<init>(RemoteWebDriver.java:131)
at org.openqa.selenium.chrome.ChromeDriver.<init>(ChromeDriver.java:181)
at org.openqa.selenium.chrome.ChromeDriver.<init>(ChromeDriver.java:168)
at org.openqa.selenium.chrome.ChromeDriver.<init>(ChromeDriver.java:123)
at manage_companies.Credit_plan_selection_3.Sign_up(Credit_plan_selection_3.java:15)
at java.util.ArrayList.forEach(ArrayList.java:1259)
... Removed 31 stack frames]]>
    </failure>
  </testcase> <!-- Sign_up -->
  <testcase name="credit_plan_select" time="3.001" classname="manage_companies.Credit_plan_selection_3">
    <failure type="java.lang.NullPointerException">
      <![CDATA[java.lang.NullPointerException
at com.Xuriti.admin_panel_main.Manage_Companies_Edit.Click_on_Credit_plan(Manage_Companies_Edit.java:478)
at manage_companies.Credit_plan_selection_3.credit_plan_select(Credit_plan_selection_3.java:26)
at java.util.ArrayList.forEach(ArrayList.java:1259)
... Removed 27 stack frames]]>
    </failure>
  </testcase> <!-- credit_plan_select -->
  <testcase name="Sign_up" time="0.234" classname="manage_companies.Credit_plan_selection_4">
    <failure type="org.openqa.selenium.WebDriverException" message="unknown error: Chrome failed to start: exited abnormally.
  (unknown error: DevToolsActivePort file doesn&amp;apos;t exist)
  (The process started from chrome location /usr/bin/google-chrome is no longer running, so ChromeDriver is assuming that Chrome has crashed.)
Build info: version: &amp;apos;3.141.59&amp;apos;, revision: &amp;apos;e82be7d358&amp;apos;, time: &amp;apos;2018-11-14T08:17:03&amp;apos;
System info: host: &amp;apos;varsha-HP&amp;apos;, ip: &amp;apos;127.0.1.1&amp;apos;, os.name: &amp;apos;Linux&amp;apos;, os.arch: &amp;apos;amd64&amp;apos;, os.version: &amp;apos;5.13.0-51-generic&amp;apos;, java.version: &amp;apos;1.8.0_312&amp;apos;
Driver info: driver.version: ChromeDriver
remote stacktrace: #0 0x5628b3362f33 &amp;lt;unknown&amp;gt;
#1 0x5628b30ad118 &amp;lt;unknown&amp;gt;
#2 0x5628b30d0678 &amp;lt;unknown&amp;gt;
#3 0x5628b30cbd5a &amp;lt;unknown&amp;gt;
#4 0x5628b3106d3a &amp;lt;unknown&amp;gt;
#5 0x5628b3100e63 &amp;lt;unknown&amp;gt;
#6 0x5628b30d682a &amp;lt;unknown&amp;gt;
#7 0x5628b30d7985 &amp;lt;unknown&amp;gt;
#8 0x5628b33a74cd &amp;lt;unknown&amp;gt;
#9 0x5628b33ab5ec &amp;lt;unknown&amp;gt;
#10 0x5628b339171e &amp;lt;unknown&amp;gt;
#11 0x5628b33ac238 &amp;lt;unknown&amp;gt;
#12 0x5628b3386870 &amp;lt;unknown&amp;gt;
#13 0x5628b33c8608 &amp;lt;unknown&amp;gt;
#14 0x5628b33c8788 &amp;lt;unknown&amp;gt;
#15 0x5628b33e2f1d &amp;lt;unknown&amp;gt;
#16 0x7f76f4176609 &amp;lt;unknown&amp;gt;
">
      <![CDATA[org.openqa.selenium.WebDriverException: unknown error: Chrome failed to start: exited abnormally.
  (unknown error: DevToolsActivePort file doesn't exist)
  (The process started from chrome location /usr/bin/google-chrome is no longer running, so ChromeDriver is assuming that Chrome has crashed.)
Build info: version: '3.141.59', revision: 'e82be7d358', time: '2018-11-14T08:17:03'
System info: host: 'varsha-HP', ip: '127.0.1.1', os.name: 'Linux', os.arch: 'amd64', os.version: '5.13.0-51-generic', java.version: '1.8.0_312'
Driver info: driver.version: ChromeDriver
remote stacktrace: #0 0x5628b3362f33 <unknown>
#1 0x5628b30ad118 <unknown>
#2 0x5628b30d0678 <unknown>
#3 0x5628b30cbd5a <unknown>
#4 0x5628b3106d3a <unknown>
#5 0x5628b3100e63 <unknown>
#6 0x5628b30d682a <unknown>
#7 0x5628b30d7985 <unknown>
#8 0x5628b33a74cd <unknown>
#9 0x5628b33ab5ec <unknown>
#10 0x5628b339171e <unknown>
#11 0x5628b33ac238 <unknown>
#12 0x5628b3386870 <unknown>
#13 0x5628b33c8608 <unknown>
#14 0x5628b33c8788 <unknown>
#15 0x5628b33e2f1d <unknown>
#16 0x7f76f4176609 <unknown>

at org.openqa.selenium.remote.W3CHandshakeResponse.lambda$errorHandler$0(W3CHandshakeResponse.java:62)
at org.openqa.selenium.remote.HandshakeResponse.lambda$getResponseFunction$0(HandshakeResponse.java:30)
at org.openqa.selenium.remote.ProtocolHandshake.lambda$createSession$0(ProtocolHandshake.java:126)
at java.util.stream.ReferencePipeline$3$1.accept(ReferencePipeline.java:193)
at java.util.Spliterators$ArraySpliterator.tryAdvance(Spliterators.java:958)
at java.util.stream.ReferencePipeline.forEachWithCancel(ReferencePipeline.java:126)
at java.util.stream.AbstractPipeline.copyIntoWithCancel(AbstractPipeline.java:499)
at java.util.stream.AbstractPipeline.copyInto(AbstractPipeline.java:486)
at java.util.stream.AbstractPipeline.wrapAndCopyInto(AbstractPipeline.java:472)
at java.util.stream.FindOps$FindOp.evaluateSequential(FindOps.java:152)
at java.util.stream.AbstractPipeline.evaluate(AbstractPipeline.java:234)
at java.util.stream.ReferencePipeline.findFirst(ReferencePipeline.java:531)
at org.openqa.selenium.remote.ProtocolHandshake.createSession(ProtocolHandshake.java:128)
at org.openqa.selenium.remote.ProtocolHandshake.createSession(ProtocolHandshake.java:74)
at org.openqa.selenium.remote.HttpCommandExecutor.execute(HttpCommandExecutor.java:136)
at org.openqa.selenium.remote.service.DriverCommandExecutor.execute(DriverCommandExecutor.java:83)
at org.openqa.selenium.remote.RemoteWebDriver.execute(RemoteWebDriver.java:552)
at org.openqa.selenium.remote.RemoteWebDriver.startSession(RemoteWebDriver.java:213)
at org.openqa.selenium.remote.RemoteWebDriver.<init>(RemoteWebDriver.java:131)
at org.openqa.selenium.chrome.ChromeDriver.<init>(ChromeDriver.java:181)
at org.openqa.selenium.chrome.ChromeDriver.<init>(ChromeDriver.java:168)
at org.openqa.selenium.chrome.ChromeDriver.<init>(ChromeDriver.java:123)
at manage_companies.Credit_plan_selection_4.Sign_up(Credit_plan_selection_4.java:15)
at java.util.ArrayList.forEach(ArrayList.java:1259)
... Removed 31 stack frames]]>
    </failure>
  </testcase> <!-- Sign_up -->
  <testcase name="credit_plan_select" time="3.0" classname="manage_companies.Credit_plan_selection_4">
    <failure type="java.lang.NullPointerException">
      <![CDATA[java.lang.NullPointerException
at com.Xuriti.admin_panel_main.Manage_Companies_Edit.Click_on_Credit_plan(Manage_Companies_Edit.java:478)
at manage_companies.Credit_plan_selection_4.credit_plan_select(Credit_plan_selection_4.java:26)
at java.util.ArrayList.forEach(ArrayList.java:1259)
... Removed 27 stack frames]]>
    </failure>
  </testcase> <!-- credit_plan_select -->
  <testcase name="Sign_up" time="0.182" classname="manage_companies.Credit_plan_selection_5">
    <failure type="org.openqa.selenium.WebDriverException" message="unknown error: Chrome failed to start: exited abnormally.
  (unknown error: DevToolsActivePort file doesn&amp;apos;t exist)
  (The process started from chrome location /usr/bin/google-chrome is no longer running, so ChromeDriver is assuming that Chrome has crashed.)
Build info: version: &amp;apos;3.141.59&amp;apos;, revision: &amp;apos;e82be7d358&amp;apos;, time: &amp;apos;2018-11-14T08:17:03&amp;apos;
System info: host: &amp;apos;varsha-HP&amp;apos;, ip: &amp;apos;127.0.1.1&amp;apos;, os.name: &amp;apos;Linux&amp;apos;, os.arch: &amp;apos;amd64&amp;apos;, os.version: &amp;apos;5.13.0-51-generic&amp;apos;, java.version: &amp;apos;1.8.0_312&amp;apos;
Driver info: driver.version: ChromeDriver
remote stacktrace: #0 0x5572ec645f33 &amp;lt;unknown&amp;gt;
#1 0x5572ec390118 &amp;lt;unknown&amp;gt;
#2 0x5572ec3b3678 &amp;lt;unknown&amp;gt;
#3 0x5572ec3aed5a &amp;lt;unknown&amp;gt;
#4 0x5572ec3e9d3a &amp;lt;unknown&amp;gt;
#5 0x5572ec3e3e63 &amp;lt;unknown&amp;gt;
#6 0x5572ec3b982a &amp;lt;unknown&amp;gt;
#7 0x5572ec3ba985 &amp;lt;unknown&amp;gt;
#8 0x5572ec68a4cd &amp;lt;unknown&amp;gt;
#9 0x5572ec68e5ec &amp;lt;unknown&amp;gt;
#10 0x5572ec67471e &amp;lt;unknown&amp;gt;
#11 0x5572ec68f238 &amp;lt;unknown&amp;gt;
#12 0x5572ec669870 &amp;lt;unknown&amp;gt;
#13 0x5572ec6ab608 &amp;lt;unknown&amp;gt;
#14 0x5572ec6ab788 &amp;lt;unknown&amp;gt;
#15 0x5572ec6c5f1d &amp;lt;unknown&amp;gt;
#16 0x7f0587a00609 &amp;lt;unknown&amp;gt;
">
      <![CDATA[org.openqa.selenium.WebDriverException: unknown error: Chrome failed to start: exited abnormally.
  (unknown error: DevToolsActivePort file doesn't exist)
  (The process started from chrome location /usr/bin/google-chrome is no longer running, so ChromeDriver is assuming that Chrome has crashed.)
Build info: version: '3.141.59', revision: 'e82be7d358', time: '2018-11-14T08:17:03'
System info: host: 'varsha-HP', ip: '127.0.1.1', os.name: 'Linux', os.arch: 'amd64', os.version: '5.13.0-51-generic', java.version: '1.8.0_312'
Driver info: driver.version: ChromeDriver
remote stacktrace: #0 0x5572ec645f33 <unknown>
#1 0x5572ec390118 <unknown>
#2 0x5572ec3b3678 <unknown>
#3 0x5572ec3aed5a <unknown>
#4 0x5572ec3e9d3a <unknown>
#5 0x5572ec3e3e63 <unknown>
#6 0x5572ec3b982a <unknown>
#7 0x5572ec3ba985 <unknown>
#8 0x5572ec68a4cd <unknown>
#9 0x5572ec68e5ec <unknown>
#10 0x5572ec67471e <unknown>
#11 0x5572ec68f238 <unknown>
#12 0x5572ec669870 <unknown>
#13 0x5572ec6ab608 <unknown>
#14 0x5572ec6ab788 <unknown>
#15 0x5572ec6c5f1d <unknown>
#16 0x7f0587a00609 <unknown>

at org.openqa.selenium.remote.W3CHandshakeResponse.lambda$errorHandler$0(W3CHandshakeResponse.java:62)
at org.openqa.selenium.remote.HandshakeResponse.lambda$getResponseFunction$0(HandshakeResponse.java:30)
at org.openqa.selenium.remote.ProtocolHandshake.lambda$createSession$0(ProtocolHandshake.java:126)
at java.util.stream.ReferencePipeline$3$1.accept(ReferencePipeline.java:193)
at java.util.Spliterators$ArraySpliterator.tryAdvance(Spliterators.java:958)
at java.util.stream.ReferencePipeline.forEachWithCancel(ReferencePipeline.java:126)
at java.util.stream.AbstractPipeline.copyIntoWithCancel(AbstractPipeline.java:499)
at java.util.stream.AbstractPipeline.copyInto(AbstractPipeline.java:486)
at java.util.stream.AbstractPipeline.wrapAndCopyInto(AbstractPipeline.java:472)
at java.util.stream.FindOps$FindOp.evaluateSequential(FindOps.java:152)
at java.util.stream.AbstractPipeline.evaluate(AbstractPipeline.java:234)
at java.util.stream.ReferencePipeline.findFirst(ReferencePipeline.java:531)
at org.openqa.selenium.remote.ProtocolHandshake.createSession(ProtocolHandshake.java:128)
at org.openqa.selenium.remote.ProtocolHandshake.createSession(ProtocolHandshake.java:74)
at org.openqa.selenium.remote.HttpCommandExecutor.execute(HttpCommandExecutor.java:136)
at org.openqa.selenium.remote.service.DriverCommandExecutor.execute(DriverCommandExecutor.java:83)
at org.openqa.selenium.remote.RemoteWebDriver.execute(RemoteWebDriver.java:552)
at org.openqa.selenium.remote.RemoteWebDriver.startSession(RemoteWebDriver.java:213)
at org.openqa.selenium.remote.RemoteWebDriver.<init>(RemoteWebDriver.java:131)
at org.openqa.selenium.chrome.ChromeDriver.<init>(ChromeDriver.java:181)
at org.openqa.selenium.chrome.ChromeDriver.<init>(ChromeDriver.java:168)
at org.openqa.selenium.chrome.ChromeDriver.<init>(ChromeDriver.java:123)
at manage_companies.Credit_plan_selection_5.Sign_up(Credit_plan_selection_5.java:15)
at java.util.ArrayList.forEach(ArrayList.java:1259)
... Removed 31 stack frames]]>
    </failure>
  </testcase> <!-- Sign_up -->
  <testcase name="credit_plan_select" time="3.001" classname="manage_companies.Credit_plan_selection_5">
    <failure type="java.lang.NullPointerException">
      <![CDATA[java.lang.NullPointerException
at com.Xuriti.admin_panel_main.Manage_Companies_Edit.Click_on_Credit_plan(Manage_Companies_Edit.java:478)
at manage_companies.Credit_plan_selection_5.credit_plan_select(Credit_plan_selection_5.java:26)
at java.util.ArrayList.forEach(ArrayList.java:1259)
... Removed 27 stack frames]]>
    </failure>
  </testcase> <!-- credit_plan_select -->
  <testcase name="Sign_up" time="0.388" classname="manage_companies.Approve_company">
    <failure type="org.openqa.selenium.WebDriverException" message="unknown error: Chrome failed to start: exited abnormally.
  (unknown error: DevToolsActivePort file doesn&amp;apos;t exist)
  (The process started from chrome location /usr/bin/google-chrome is no longer running, so ChromeDriver is assuming that Chrome has crashed.)
Build info: version: &amp;apos;3.141.59&amp;apos;, revision: &amp;apos;e82be7d358&amp;apos;, time: &amp;apos;2018-11-14T08:17:03&amp;apos;
System info: host: &amp;apos;varsha-HP&amp;apos;, ip: &amp;apos;127.0.1.1&amp;apos;, os.name: &amp;apos;Linux&amp;apos;, os.arch: &amp;apos;amd64&amp;apos;, os.version: &amp;apos;5.13.0-51-generic&amp;apos;, java.version: &amp;apos;1.8.0_312&amp;apos;
Driver info: driver.version: ChromeDriver
remote stacktrace: #0 0x557378d73f33 &amp;lt;unknown&amp;gt;
#1 0x557378abe118 &amp;lt;unknown&amp;gt;
#2 0x557378ae1678 &amp;lt;unknown&amp;gt;
#3 0x557378adcd5a &amp;lt;unknown&amp;gt;
#4 0x557378b17d3a &amp;lt;unknown&amp;gt;
#5 0x557378b11e63 &amp;lt;unknown&amp;gt;
#6 0x557378ae782a &amp;lt;unknown&amp;gt;
#7 0x557378ae8985 &amp;lt;unknown&amp;gt;
#8 0x557378db84cd &amp;lt;unknown&amp;gt;
#9 0x557378dbc5ec &amp;lt;unknown&amp;gt;
#10 0x557378da271e &amp;lt;unknown&amp;gt;
#11 0x557378dbd238 &amp;lt;unknown&amp;gt;
#12 0x557378d97870 &amp;lt;unknown&amp;gt;
#13 0x557378dd9608 &amp;lt;unknown&amp;gt;
#14 0x557378dd9788 &amp;lt;unknown&amp;gt;
#15 0x557378df3f1d &amp;lt;unknown&amp;gt;
#16 0x7fcaac210609 &amp;lt;unknown&amp;gt;
">
      <![CDATA[org.openqa.selenium.WebDriverException: unknown error: Chrome failed to start: exited abnormally.
  (unknown error: DevToolsActivePort file doesn't exist)
  (The process started from chrome location /usr/bin/google-chrome is no longer running, so ChromeDriver is assuming that Chrome has crashed.)
Build info: version: '3.141.59', revision: 'e82be7d358', time: '2018-11-14T08:17:03'
System info: host: 'varsha-HP', ip: '127.0.1.1', os.name: 'Linux', os.arch: 'amd64', os.version: '5.13.0-51-generic', java.version: '1.8.0_312'
Driver info: driver.version: ChromeDriver
remote stacktrace: #0 0x557378d73f33 <unknown>
#1 0x557378abe118 <unknown>
#2 0x557378ae1678 <unknown>
#3 0x557378adcd5a <unknown>
#4 0x557378b17d3a <unknown>
#5 0x557378b11e63 <unknown>
#6 0x557378ae782a <unknown>
#7 0x557378ae8985 <unknown>
#8 0x557378db84cd <unknown>
#9 0x557378dbc5ec <unknown>
#10 0x557378da271e <unknown>
#11 0x557378dbd238 <unknown>
#12 0x557378d97870 <unknown>
#13 0x557378dd9608 <unknown>
#14 0x557378dd9788 <unknown>
#15 0x557378df3f1d <unknown>
#16 0x7fcaac210609 <unknown>

at org.openqa.selenium.remote.W3CHandshakeResponse.lambda$errorHandler$0(W3CHandshakeResponse.java:62)
at org.openqa.selenium.remote.HandshakeResponse.lambda$getResponseFunction$0(HandshakeResponse.java:30)
at org.openqa.selenium.remote.ProtocolHandshake.lambda$createSession$0(ProtocolHandshake.java:126)
at java.util.stream.ReferencePipeline$3$1.accept(ReferencePipeline.java:193)
at java.util.Spliterators$ArraySpliterator.tryAdvance(Spliterators.java:958)
at java.util.stream.ReferencePipeline.forEachWithCancel(ReferencePipeline.java:126)
at java.util.stream.AbstractPipeline.copyIntoWithCancel(AbstractPipeline.java:499)
at java.util.stream.AbstractPipeline.copyInto(AbstractPipeline.java:486)
at java.util.stream.AbstractPipeline.wrapAndCopyInto(AbstractPipeline.java:472)
at java.util.stream.FindOps$FindOp.evaluateSequential(FindOps.java:152)
at java.util.stream.AbstractPipeline.evaluate(AbstractPipeline.java:234)
at java.util.stream.ReferencePipeline.findFirst(ReferencePipeline.java:531)
at org.openqa.selenium.remote.ProtocolHandshake.createSession(ProtocolHandshake.java:128)
at org.openqa.selenium.remote.ProtocolHandshake.createSession(ProtocolHandshake.java:74)
at org.openqa.selenium.remote.HttpCommandExecutor.execute(HttpCommandExecutor.java:136)
at org.openqa.selenium.remote.service.DriverCommandExecutor.execute(DriverCommandExecutor.java:83)
at org.openqa.selenium.remote.RemoteWebDriver.execute(RemoteWebDriver.java:552)
at org.openqa.selenium.remote.RemoteWebDriver.startSession(RemoteWebDriver.java:213)
at org.openqa.selenium.remote.RemoteWebDriver.<init>(RemoteWebDriver.java:131)
at org.openqa.selenium.chrome.ChromeDriver.<init>(ChromeDriver.java:181)
at org.openqa.selenium.chrome.ChromeDriver.<init>(ChromeDriver.java:168)
at org.openqa.selenium.chrome.ChromeDriver.<init>(ChromeDriver.java:123)
at manage_companies.Approve_company.Sign_up(Approve_company.java:15)
at java.util.ArrayList.forEach(ArrayList.java:1259)
... Removed 31 stack frames]]>
    </failure>
  </testcase> <!-- Sign_up -->
  <testcase name="Approve_comp" time="3.001" classname="manage_companies.Approve_company">
    <failure type="java.lang.NullPointerException">
      <![CDATA[java.lang.NullPointerException
at com.Xuriti.admin_panel_main.Manage_Companies_Edit.Edit_company(Manage_Companies_Edit.java:20)
at manage_companies.Approve_company.Approve_comp(Approve_company.java:26)
at java.util.ArrayList.forEach(ArrayList.java:1259)
... Removed 27 stack frames]]>
    </failure>
  </testcase> <!-- Approve_comp -->
  <testcase name="Sign_up" time="0.13" classname="manage_companies.edit_type_of_business">
    <failure type="org.openqa.selenium.WebDriverException" message="unknown error: Chrome failed to start: exited abnormally.
  (unknown error: DevToolsActivePort file doesn&amp;apos;t exist)
  (The process started from chrome location /usr/bin/google-chrome is no longer running, so ChromeDriver is assuming that Chrome has crashed.)
Build info: version: &amp;apos;3.141.59&amp;apos;, revision: &amp;apos;e82be7d358&amp;apos;, time: &amp;apos;2018-11-14T08:17:03&amp;apos;
System info: host: &amp;apos;varsha-HP&amp;apos;, ip: &amp;apos;127.0.1.1&amp;apos;, os.name: &amp;apos;Linux&amp;apos;, os.arch: &amp;apos;amd64&amp;apos;, os.version: &amp;apos;5.13.0-51-generic&amp;apos;, java.version: &amp;apos;1.8.0_312&amp;apos;
Driver info: driver.version: ChromeDriver
remote stacktrace: #0 0x55a57ddc5f33 &amp;lt;unknown&amp;gt;
#1 0x55a57db10118 &amp;lt;unknown&amp;gt;
#2 0x55a57db33678 &amp;lt;unknown&amp;gt;
#3 0x55a57db2ed5a &amp;lt;unknown&amp;gt;
#4 0x55a57db69d3a &amp;lt;unknown&amp;gt;
#5 0x55a57db63e63 &amp;lt;unknown&amp;gt;
#6 0x55a57db3982a &amp;lt;unknown&amp;gt;
#7 0x55a57db3a985 &amp;lt;unknown&amp;gt;
#8 0x55a57de0a4cd &amp;lt;unknown&amp;gt;
#9 0x55a57de0e5ec &amp;lt;unknown&amp;gt;
#10 0x55a57ddf471e &amp;lt;unknown&amp;gt;
#11 0x55a57de0f238 &amp;lt;unknown&amp;gt;
#12 0x55a57dde9870 &amp;lt;unknown&amp;gt;
#13 0x55a57de2b608 &amp;lt;unknown&amp;gt;
#14 0x55a57de2b788 &amp;lt;unknown&amp;gt;
#15 0x55a57de45f1d &amp;lt;unknown&amp;gt;
#16 0x7fbc2a77f609 &amp;lt;unknown&amp;gt;
">
      <![CDATA[org.openqa.selenium.WebDriverException: unknown error: Chrome failed to start: exited abnormally.
  (unknown error: DevToolsActivePort file doesn't exist)
  (The process started from chrome location /usr/bin/google-chrome is no longer running, so ChromeDriver is assuming that Chrome has crashed.)
Build info: version: '3.141.59', revision: 'e82be7d358', time: '2018-11-14T08:17:03'
System info: host: 'varsha-HP', ip: '127.0.1.1', os.name: 'Linux', os.arch: 'amd64', os.version: '5.13.0-51-generic', java.version: '1.8.0_312'
Driver info: driver.version: ChromeDriver
remote stacktrace: #0 0x55a57ddc5f33 <unknown>
#1 0x55a57db10118 <unknown>
#2 0x55a57db33678 <unknown>
#3 0x55a57db2ed5a <unknown>
#4 0x55a57db69d3a <unknown>
#5 0x55a57db63e63 <unknown>
#6 0x55a57db3982a <unknown>
#7 0x55a57db3a985 <unknown>
#8 0x55a57de0a4cd <unknown>
#9 0x55a57de0e5ec <unknown>
#10 0x55a57ddf471e <unknown>
#11 0x55a57de0f238 <unknown>
#12 0x55a57dde9870 <unknown>
#13 0x55a57de2b608 <unknown>
#14 0x55a57de2b788 <unknown>
#15 0x55a57de45f1d <unknown>
#16 0x7fbc2a77f609 <unknown>

at org.openqa.selenium.remote.W3CHandshakeResponse.lambda$errorHandler$0(W3CHandshakeResponse.java:62)
at org.openqa.selenium.remote.HandshakeResponse.lambda$getResponseFunction$0(HandshakeResponse.java:30)
at org.openqa.selenium.remote.ProtocolHandshake.lambda$createSession$0(ProtocolHandshake.java:126)
at java.util.stream.ReferencePipeline$3$1.accept(ReferencePipeline.java:193)
at java.util.Spliterators$ArraySpliterator.tryAdvance(Spliterators.java:958)
at java.util.stream.ReferencePipeline.forEachWithCancel(ReferencePipeline.java:126)
at java.util.stream.AbstractPipeline.copyIntoWithCancel(AbstractPipeline.java:499)
at java.util.stream.AbstractPipeline.copyInto(AbstractPipeline.java:486)
at java.util.stream.AbstractPipeline.wrapAndCopyInto(AbstractPipeline.java:472)
at java.util.stream.FindOps$FindOp.evaluateSequential(FindOps.java:152)
at java.util.stream.AbstractPipeline.evaluate(AbstractPipeline.java:234)
at java.util.stream.ReferencePipeline.findFirst(ReferencePipeline.java:531)
at org.openqa.selenium.remote.ProtocolHandshake.createSession(ProtocolHandshake.java:128)
at org.openqa.selenium.remote.ProtocolHandshake.createSession(ProtocolHandshake.java:74)
at org.openqa.selenium.remote.HttpCommandExecutor.execute(HttpCommandExecutor.java:136)
at org.openqa.selenium.remote.service.DriverCommandExecutor.execute(DriverCommandExecutor.java:83)
at org.openqa.selenium.remote.RemoteWebDriver.execute(RemoteWebDriver.java:552)
at org.openqa.selenium.remote.RemoteWebDriver.startSession(RemoteWebDriver.java:213)
at org.openqa.selenium.remote.RemoteWebDriver.<init>(RemoteWebDriver.java:131)
at org.openqa.selenium.chrome.ChromeDriver.<init>(ChromeDriver.java:181)
at org.openqa.selenium.chrome.ChromeDriver.<init>(ChromeDriver.java:168)
at org.openqa.selenium.chrome.ChromeDriver.<init>(ChromeDriver.java:123)
at manage_companies.edit_type_of_business.Sign_up(edit_type_of_business.java:15)
at java.util.ArrayList.forEach(ArrayList.java:1259)
... Removed 31 stack frames]]>
    </failure>
  </testcase> <!-- Sign_up -->
  <testcase name="Hold_comp" time="3.002" classname="manage_companies.edit_type_of_business">
    <failure type="java.lang.NullPointerException">
      <![CDATA[java.lang.NullPointerException
at com.Xuriti.admin_panel_main.Manage_Companies_Edit.Edit_company(Manage_Companies_Edit.java:20)
at manage_companies.edit_type_of_business.Hold_comp(edit_type_of_business.java:26)
at java.util.ArrayList.forEach(ArrayList.java:1259)
... Removed 27 stack frames]]>
    </failure>
  </testcase> <!-- Hold_comp -->
  <testcase name="Sign_up" time="0.182" classname="manage_companies.edit_credit_limit">
    <failure type="org.openqa.selenium.WebDriverException" message="unknown error: Chrome failed to start: exited abnormally.
  (unknown error: DevToolsActivePort file doesn&amp;apos;t exist)
  (The process started from chrome location /usr/bin/google-chrome is no longer running, so ChromeDriver is assuming that Chrome has crashed.)
Build info: version: &amp;apos;3.141.59&amp;apos;, revision: &amp;apos;e82be7d358&amp;apos;, time: &amp;apos;2018-11-14T08:17:03&amp;apos;
System info: host: &amp;apos;varsha-HP&amp;apos;, ip: &amp;apos;127.0.1.1&amp;apos;, os.name: &amp;apos;Linux&amp;apos;, os.arch: &amp;apos;amd64&amp;apos;, os.version: &amp;apos;5.13.0-51-generic&amp;apos;, java.version: &amp;apos;1.8.0_312&amp;apos;
Driver info: driver.version: ChromeDriver
remote stacktrace: #0 0x5584b3ae0f33 &amp;lt;unknown&amp;gt;
#1 0x5584b382b118 &amp;lt;unknown&amp;gt;
#2 0x5584b384e678 &amp;lt;unknown&amp;gt;
#3 0x5584b3849d5a &amp;lt;unknown&amp;gt;
#4 0x5584b3884d3a &amp;lt;unknown&amp;gt;
#5 0x5584b387ee63 &amp;lt;unknown&amp;gt;
#6 0x5584b385482a &amp;lt;unknown&amp;gt;
#7 0x5584b3855985 &amp;lt;unknown&amp;gt;
#8 0x5584b3b254cd &amp;lt;unknown&amp;gt;
#9 0x5584b3b295ec &amp;lt;unknown&amp;gt;
#10 0x5584b3b0f71e &amp;lt;unknown&amp;gt;
#11 0x5584b3b2a238 &amp;lt;unknown&amp;gt;
#12 0x5584b3b04870 &amp;lt;unknown&amp;gt;
#13 0x5584b3b46608 &amp;lt;unknown&amp;gt;
#14 0x5584b3b46788 &amp;lt;unknown&amp;gt;
#15 0x5584b3b60f1d &amp;lt;unknown&amp;gt;
#16 0x7f59cc2ab609 &amp;lt;unknown&amp;gt;
">
      <![CDATA[org.openqa.selenium.WebDriverException: unknown error: Chrome failed to start: exited abnormally.
  (unknown error: DevToolsActivePort file doesn't exist)
  (The process started from chrome location /usr/bin/google-chrome is no longer running, so ChromeDriver is assuming that Chrome has crashed.)
Build info: version: '3.141.59', revision: 'e82be7d358', time: '2018-11-14T08:17:03'
System info: host: 'varsha-HP', ip: '127.0.1.1', os.name: 'Linux', os.arch: 'amd64', os.version: '5.13.0-51-generic', java.version: '1.8.0_312'
Driver info: driver.version: ChromeDriver
remote stacktrace: #0 0x5584b3ae0f33 <unknown>
#1 0x5584b382b118 <unknown>
#2 0x5584b384e678 <unknown>
#3 0x5584b3849d5a <unknown>
#4 0x5584b3884d3a <unknown>
#5 0x5584b387ee63 <unknown>
#6 0x5584b385482a <unknown>
#7 0x5584b3855985 <unknown>
#8 0x5584b3b254cd <unknown>
#9 0x5584b3b295ec <unknown>
#10 0x5584b3b0f71e <unknown>
#11 0x5584b3b2a238 <unknown>
#12 0x5584b3b04870 <unknown>
#13 0x5584b3b46608 <unknown>
#14 0x5584b3b46788 <unknown>
#15 0x5584b3b60f1d <unknown>
#16 0x7f59cc2ab609 <unknown>

at org.openqa.selenium.remote.W3CHandshakeResponse.lambda$errorHandler$0(W3CHandshakeResponse.java:62)
at org.openqa.selenium.remote.HandshakeResponse.lambda$getResponseFunction$0(HandshakeResponse.java:30)
at org.openqa.selenium.remote.ProtocolHandshake.lambda$createSession$0(ProtocolHandshake.java:126)
at java.util.stream.ReferencePipeline$3$1.accept(ReferencePipeline.java:193)
at java.util.Spliterators$ArraySpliterator.tryAdvance(Spliterators.java:958)
at java.util.stream.ReferencePipeline.forEachWithCancel(ReferencePipeline.java:126)
at java.util.stream.AbstractPipeline.copyIntoWithCancel(AbstractPipeline.java:499)
at java.util.stream.AbstractPipeline.copyInto(AbstractPipeline.java:486)
at java.util.stream.AbstractPipeline.wrapAndCopyInto(AbstractPipeline.java:472)
at java.util.stream.FindOps$FindOp.evaluateSequential(FindOps.java:152)
at java.util.stream.AbstractPipeline.evaluate(AbstractPipeline.java:234)
at java.util.stream.ReferencePipeline.findFirst(ReferencePipeline.java:531)
at org.openqa.selenium.remote.ProtocolHandshake.createSession(ProtocolHandshake.java:128)
at org.openqa.selenium.remote.ProtocolHandshake.createSession(ProtocolHandshake.java:74)
at org.openqa.selenium.remote.HttpCommandExecutor.execute(HttpCommandExecutor.java:136)
at org.openqa.selenium.remote.service.DriverCommandExecutor.execute(DriverCommandExecutor.java:83)
at org.openqa.selenium.remote.RemoteWebDriver.execute(RemoteWebDriver.java:552)
at org.openqa.selenium.remote.RemoteWebDriver.startSession(RemoteWebDriver.java:213)
at org.openqa.selenium.remote.RemoteWebDriver.<init>(RemoteWebDriver.java:131)
at org.openqa.selenium.chrome.ChromeDriver.<init>(ChromeDriver.java:181)
at org.openqa.selenium.chrome.ChromeDriver.<init>(ChromeDriver.java:168)
at org.openqa.selenium.chrome.ChromeDriver.<init>(ChromeDriver.java:123)
at manage_companies.edit_credit_limit.Sign_up(edit_credit_limit.java:15)
at java.util.ArrayList.forEach(ArrayList.java:1259)
... Removed 31 stack frames]]>
    </failure>
  </testcase> <!-- Sign_up -->
  <testcase name="Hold_comp" time="3.001" classname="manage_companies.edit_credit_limit">
    <failure type="java.lang.NullPointerException">
      <![CDATA[java.lang.NullPointerException
at com.Xuriti.admin_panel_main.Manage_Companies_Edit.Edit_company(Manage_Companies_Edit.java:20)
at manage_companies.edit_credit_limit.Hold_comp(edit_credit_limit.java:26)
at java.util.ArrayList.forEach(ArrayList.java:1259)
... Removed 27 stack frames]]>
    </failure>
  </testcase> <!-- Hold_comp -->
  <testcase name="Sign_up" time="0.232" classname="manage_companies.Credit_plan_selection_1">
    <failure type="org.openqa.selenium.WebDriverException" message="unknown error: Chrome failed to start: exited abnormally.
  (unknown error: DevToolsActivePort file doesn&amp;apos;t exist)
  (The process started from chrome location /usr/bin/google-chrome is no longer running, so ChromeDriver is assuming that Chrome has crashed.)
Build info: version: &amp;apos;3.141.59&amp;apos;, revision: &amp;apos;e82be7d358&amp;apos;, time: &amp;apos;2018-11-14T08:17:03&amp;apos;
System info: host: &amp;apos;varsha-HP&amp;apos;, ip: &amp;apos;127.0.1.1&amp;apos;, os.name: &amp;apos;Linux&amp;apos;, os.arch: &amp;apos;amd64&amp;apos;, os.version: &amp;apos;5.13.0-51-generic&amp;apos;, java.version: &amp;apos;1.8.0_312&amp;apos;
Driver info: driver.version: ChromeDriver
remote stacktrace: #0 0x55d9f5082f33 &amp;lt;unknown&amp;gt;
#1 0x55d9f4dcd118 &amp;lt;unknown&amp;gt;
#2 0x55d9f4df0678 &amp;lt;unknown&amp;gt;
#3 0x55d9f4debd5a &amp;lt;unknown&amp;gt;
#4 0x55d9f4e26d3a &amp;lt;unknown&amp;gt;
#5 0x55d9f4e20e63 &amp;lt;unknown&amp;gt;
#6 0x55d9f4df682a &amp;lt;unknown&amp;gt;
#7 0x55d9f4df7985 &amp;lt;unknown&amp;gt;
#8 0x55d9f50c74cd &amp;lt;unknown&amp;gt;
#9 0x55d9f50cb5ec &amp;lt;unknown&amp;gt;
#10 0x55d9f50b171e &amp;lt;unknown&amp;gt;
#11 0x55d9f50cc238 &amp;lt;unknown&amp;gt;
#12 0x55d9f50a6870 &amp;lt;unknown&amp;gt;
#13 0x55d9f50e8608 &amp;lt;unknown&amp;gt;
#14 0x55d9f50e8788 &amp;lt;unknown&amp;gt;
#15 0x55d9f5102f1d &amp;lt;unknown&amp;gt;
#16 0x7fa96ed26609 &amp;lt;unknown&amp;gt;
">
      <![CDATA[org.openqa.selenium.WebDriverException: unknown error: Chrome failed to start: exited abnormally.
  (unknown error: DevToolsActivePort file doesn't exist)
  (The process started from chrome location /usr/bin/google-chrome is no longer running, so ChromeDriver is assuming that Chrome has crashed.)
Build info: version: '3.141.59', revision: 'e82be7d358', time: '2018-11-14T08:17:03'
System info: host: 'varsha-HP', ip: '127.0.1.1', os.name: 'Linux', os.arch: 'amd64', os.version: '5.13.0-51-generic', java.version: '1.8.0_312'
Driver info: driver.version: ChromeDriver
remote stacktrace: #0 0x55d9f5082f33 <unknown>
#1 0x55d9f4dcd118 <unknown>
#2 0x55d9f4df0678 <unknown>
#3 0x55d9f4debd5a <unknown>
#4 0x55d9f4e26d3a <unknown>
#5 0x55d9f4e20e63 <unknown>
#6 0x55d9f4df682a <unknown>
#7 0x55d9f4df7985 <unknown>
#8 0x55d9f50c74cd <unknown>
#9 0x55d9f50cb5ec <unknown>
#10 0x55d9f50b171e <unknown>
#11 0x55d9f50cc238 <unknown>
#12 0x55d9f50a6870 <unknown>
#13 0x55d9f50e8608 <unknown>
#14 0x55d9f50e8788 <unknown>
#15 0x55d9f5102f1d <unknown>
#16 0x7fa96ed26609 <unknown>

at org.openqa.selenium.remote.W3CHandshakeResponse.lambda$errorHandler$0(W3CHandshakeResponse.java:62)
at org.openqa.selenium.remote.HandshakeResponse.lambda$getResponseFunction$0(HandshakeResponse.java:30)
at org.openqa.selenium.remote.ProtocolHandshake.lambda$createSession$0(ProtocolHandshake.java:126)
at java.util.stream.ReferencePipeline$3$1.accept(ReferencePipeline.java:193)
at java.util.Spliterators$ArraySpliterator.tryAdvance(Spliterators.java:958)
at java.util.stream.ReferencePipeline.forEachWithCancel(ReferencePipeline.java:126)
at java.util.stream.AbstractPipeline.copyIntoWithCancel(AbstractPipeline.java:499)
at java.util.stream.AbstractPipeline.copyInto(AbstractPipeline.java:486)
at java.util.stream.AbstractPipeline.wrapAndCopyInto(AbstractPipeline.java:472)
at java.util.stream.FindOps$FindOp.evaluateSequential(FindOps.java:152)
at java.util.stream.AbstractPipeline.evaluate(AbstractPipeline.java:234)
at java.util.stream.ReferencePipeline.findFirst(ReferencePipeline.java:531)
at org.openqa.selenium.remote.ProtocolHandshake.createSession(ProtocolHandshake.java:128)
at org.openqa.selenium.remote.ProtocolHandshake.createSession(ProtocolHandshake.java:74)
at org.openqa.selenium.remote.HttpCommandExecutor.execute(HttpCommandExecutor.java:136)
at org.openqa.selenium.remote.service.DriverCommandExecutor.execute(DriverCommandExecutor.java:83)
at org.openqa.selenium.remote.RemoteWebDriver.execute(RemoteWebDriver.java:552)
at org.openqa.selenium.remote.RemoteWebDriver.startSession(RemoteWebDriver.java:213)
at org.openqa.selenium.remote.RemoteWebDriver.<init>(RemoteWebDriver.java:131)
at org.openqa.selenium.chrome.ChromeDriver.<init>(ChromeDriver.java:181)
at org.openqa.selenium.chrome.ChromeDriver.<init>(ChromeDriver.java:168)
at org.openqa.selenium.chrome.ChromeDriver.<init>(ChromeDriver.java:123)
at manage_companies.Credit_plan_selection_1.Sign_up(Credit_plan_selection_1.java:15)
at java.util.ArrayList.forEach(ArrayList.java:1259)
... Removed 30 stack frames]]>
    </failure>
  </testcase> <!-- Sign_up -->
  <testcase name="credit_plan_select" time="3.0" classname="manage_companies.Credit_plan_selection_1">
    <failure type="java.lang.NullPointerException">
      <![CDATA[java.lang.NullPointerException
at com.Xuriti.admin_panel_main.Manage_Companies_Edit.Click_on_Credit_plan(Manage_Companies_Edit.java:478)
at manage_companies.Credit_plan_selection_1.credit_plan_select(Credit_plan_selection_1.java:26)
at java.util.ArrayList.forEach(ArrayList.java:1259)
... Removed 27 stack frames]]>
    </failure>
  </testcase> <!-- credit_plan_select -->
  <testcase name="Sign_up" time="0.181" classname="manage_companies.Items_per_page_10">
    <failure type="org.openqa.selenium.WebDriverException" message="unknown error: Chrome failed to start: exited abnormally.
  (unknown error: DevToolsActivePort file doesn&amp;apos;t exist)
  (The process started from chrome location /usr/bin/google-chrome is no longer running, so ChromeDriver is assuming that Chrome has crashed.)
Build info: version: &amp;apos;3.141.59&amp;apos;, revision: &amp;apos;e82be7d358&amp;apos;, time: &amp;apos;2018-11-14T08:17:03&amp;apos;
System info: host: &amp;apos;varsha-HP&amp;apos;, ip: &amp;apos;127.0.1.1&amp;apos;, os.name: &amp;apos;Linux&amp;apos;, os.arch: &amp;apos;amd64&amp;apos;, os.version: &amp;apos;5.13.0-51-generic&amp;apos;, java.version: &amp;apos;1.8.0_312&amp;apos;
Driver info: driver.version: ChromeDriver
remote stacktrace: #0 0x55f31833cf33 &amp;lt;unknown&amp;gt;
#1 0x55f318087118 &amp;lt;unknown&amp;gt;
#2 0x55f3180aa678 &amp;lt;unknown&amp;gt;
#3 0x55f3180a5d5a &amp;lt;unknown&amp;gt;
#4 0x55f3180e0d3a &amp;lt;unknown&amp;gt;
#5 0x55f3180dae63 &amp;lt;unknown&amp;gt;
#6 0x55f3180b082a &amp;lt;unknown&amp;gt;
#7 0x55f3180b1985 &amp;lt;unknown&amp;gt;
#8 0x55f3183814cd &amp;lt;unknown&amp;gt;
#9 0x55f3183855ec &amp;lt;unknown&amp;gt;
#10 0x55f31836b71e &amp;lt;unknown&amp;gt;
#11 0x55f318386238 &amp;lt;unknown&amp;gt;
#12 0x55f318360870 &amp;lt;unknown&amp;gt;
#13 0x55f3183a2608 &amp;lt;unknown&amp;gt;
#14 0x55f3183a2788 &amp;lt;unknown&amp;gt;
#15 0x55f3183bcf1d &amp;lt;unknown&amp;gt;
#16 0x7f42db6cb609 &amp;lt;unknown&amp;gt;
">
      <![CDATA[org.openqa.selenium.WebDriverException: unknown error: Chrome failed to start: exited abnormally.
  (unknown error: DevToolsActivePort file doesn't exist)
  (The process started from chrome location /usr/bin/google-chrome is no longer running, so ChromeDriver is assuming that Chrome has crashed.)
Build info: version: '3.141.59', revision: 'e82be7d358', time: '2018-11-14T08:17:03'
System info: host: 'varsha-HP', ip: '127.0.1.1', os.name: 'Linux', os.arch: 'amd64', os.version: '5.13.0-51-generic', java.version: '1.8.0_312'
Driver info: driver.version: ChromeDriver
remote stacktrace: #0 0x55f31833cf33 <unknown>
#1 0x55f318087118 <unknown>
#2 0x55f3180aa678 <unknown>
#3 0x55f3180a5d5a <unknown>
#4 0x55f3180e0d3a <unknown>
#5 0x55f3180dae63 <unknown>
#6 0x55f3180b082a <unknown>
#7 0x55f3180b1985 <unknown>
#8 0x55f3183814cd <unknown>
#9 0x55f3183855ec <unknown>
#10 0x55f31836b71e <unknown>
#11 0x55f318386238 <unknown>
#12 0x55f318360870 <unknown>
#13 0x55f3183a2608 <unknown>
#14 0x55f3183a2788 <unknown>
#15 0x55f3183bcf1d <unknown>
#16 0x7f42db6cb609 <unknown>

at org.openqa.selenium.remote.W3CHandshakeResponse.lambda$errorHandler$0(W3CHandshakeResponse.java:62)
at org.openqa.selenium.remote.HandshakeResponse.lambda$getResponseFunction$0(HandshakeResponse.java:30)
at org.openqa.selenium.remote.ProtocolHandshake.lambda$createSession$0(ProtocolHandshake.java:126)
at java.util.stream.ReferencePipeline$3$1.accept(ReferencePipeline.java:193)
at java.util.Spliterators$ArraySpliterator.tryAdvance(Spliterators.java:958)
at java.util.stream.ReferencePipeline.forEachWithCancel(ReferencePipeline.java:126)
at java.util.stream.AbstractPipeline.copyIntoWithCancel(AbstractPipeline.java:499)
at java.util.stream.AbstractPipeline.copyInto(AbstractPipeline.java:486)
at java.util.stream.AbstractPipeline.wrapAndCopyInto(AbstractPipeline.java:472)
at java.util.stream.FindOps$FindOp.evaluateSequential(FindOps.java:152)
at java.util.stream.AbstractPipeline.evaluate(AbstractPipeline.java:234)
at java.util.stream.ReferencePipeline.findFirst(ReferencePipeline.java:531)
at org.openqa.selenium.remote.ProtocolHandshake.createSession(ProtocolHandshake.java:128)
at org.openqa.selenium.remote.ProtocolHandshake.createSession(ProtocolHandshake.java:74)
at org.openqa.selenium.remote.HttpCommandExecutor.execute(HttpCommandExecutor.java:136)
at org.openqa.selenium.remote.service.DriverCommandExecutor.execute(DriverCommandExecutor.java:83)
at org.openqa.selenium.remote.RemoteWebDriver.execute(RemoteWebDriver.java:552)
at org.openqa.selenium.remote.RemoteWebDriver.startSession(RemoteWebDriver.java:213)
at org.openqa.selenium.remote.RemoteWebDriver.<init>(RemoteWebDriver.java:131)
at org.openqa.selenium.chrome.ChromeDriver.<init>(ChromeDriver.java:181)
at org.openqa.selenium.chrome.ChromeDriver.<init>(ChromeDriver.java:168)
at org.openqa.selenium.chrome.ChromeDriver.<init>(ChromeDriver.java:123)
at manage_companies.Items_per_page_10.Sign_up(Items_per_page_10.java:14)
at java.util.ArrayList.forEach(ArrayList.java:1259)
... Removed 30 stack frames]]>
    </failure>
  </testcase> <!-- Sign_up -->
  <testcase name="Manage_comp" time="2.001" classname="manage_companies.Items_per_page_10">
    <failure type="java.lang.NullPointerException">
      <![CDATA[java.lang.NullPointerException
at com.Xuriti.admin_panel_main.Manage_Companies_Edit.Items_per_page_10(Manage_Companies_Edit.java:973)
at manage_companies.Items_per_page_10.Manage_comp(Items_per_page_10.java:25)
at java.util.ArrayList.forEach(ArrayList.java:1259)
... Removed 27 stack frames]]>
    </failure>
  </testcase> <!-- Manage_comp -->
  <testcase name="Sign_up" time="0.266" classname="manage_companies.Company_status_Hold">
    <failure type="org.openqa.selenium.WebDriverException" message="unknown error: Chrome failed to start: exited abnormally.
  (unknown error: DevToolsActivePort file doesn&amp;apos;t exist)
  (The process started from chrome location /usr/bin/google-chrome is no longer running, so ChromeDriver is assuming that Chrome has crashed.)
Build info: version: &amp;apos;3.141.59&amp;apos;, revision: &amp;apos;e82be7d358&amp;apos;, time: &amp;apos;2018-11-14T08:17:03&amp;apos;
System info: host: &amp;apos;varsha-HP&amp;apos;, ip: &amp;apos;127.0.1.1&amp;apos;, os.name: &amp;apos;Linux&amp;apos;, os.arch: &amp;apos;amd64&amp;apos;, os.version: &amp;apos;5.13.0-51-generic&amp;apos;, java.version: &amp;apos;1.8.0_312&amp;apos;
Driver info: driver.version: ChromeDriver
remote stacktrace: #0 0x562105feff33 &amp;lt;unknown&amp;gt;
#1 0x562105d3a118 &amp;lt;unknown&amp;gt;
#2 0x562105d5d678 &amp;lt;unknown&amp;gt;
#3 0x562105d58d5a &amp;lt;unknown&amp;gt;
#4 0x562105d93d3a &amp;lt;unknown&amp;gt;
#5 0x562105d8de63 &amp;lt;unknown&amp;gt;
#6 0x562105d6382a &amp;lt;unknown&amp;gt;
#7 0x562105d64985 &amp;lt;unknown&amp;gt;
#8 0x5621060344cd &amp;lt;unknown&amp;gt;
#9 0x5621060385ec &amp;lt;unknown&amp;gt;
#10 0x56210601e71e &amp;lt;unknown&amp;gt;
#11 0x562106039238 &amp;lt;unknown&amp;gt;
#12 0x562106013870 &amp;lt;unknown&amp;gt;
#13 0x562106055608 &amp;lt;unknown&amp;gt;
#14 0x562106055788 &amp;lt;unknown&amp;gt;
#15 0x56210606ff1d &amp;lt;unknown&amp;gt;
#16 0x7f3ffcdcc609 &amp;lt;unknown&amp;gt;
">
      <![CDATA[org.openqa.selenium.WebDriverException: unknown error: Chrome failed to start: exited abnormally.
  (unknown error: DevToolsActivePort file doesn't exist)
  (The process started from chrome location /usr/bin/google-chrome is no longer running, so ChromeDriver is assuming that Chrome has crashed.)
Build info: version: '3.141.59', revision: 'e82be7d358', time: '2018-11-14T08:17:03'
System info: host: 'varsha-HP', ip: '127.0.1.1', os.name: 'Linux', os.arch: 'amd64', os.version: '5.13.0-51-generic', java.version: '1.8.0_312'
Driver info: driver.version: ChromeDriver
remote stacktrace: #0 0x562105feff33 <unknown>
#1 0x562105d3a118 <unknown>
#2 0x562105d5d678 <unknown>
#3 0x562105d58d5a <unknown>
#4 0x562105d93d3a <unknown>
#5 0x562105d8de63 <unknown>
#6 0x562105d6382a <unknown>
#7 0x562105d64985 <unknown>
#8 0x5621060344cd <unknown>
#9 0x5621060385ec <unknown>
#10 0x56210601e71e <unknown>
#11 0x562106039238 <unknown>
#12 0x562106013870 <unknown>
#13 0x562106055608 <unknown>
#14 0x562106055788 <unknown>
#15 0x56210606ff1d <unknown>
#16 0x7f3ffcdcc609 <unknown>

at org.openqa.selenium.remote.W3CHandshakeResponse.lambda$errorHandler$0(W3CHandshakeResponse.java:62)
at org.openqa.selenium.remote.HandshakeResponse.lambda$getResponseFunction$0(HandshakeResponse.java:30)
at org.openqa.selenium.remote.ProtocolHandshake.lambda$createSession$0(ProtocolHandshake.java:126)
at java.util.stream.ReferencePipeline$3$1.accept(ReferencePipeline.java:193)
at java.util.Spliterators$ArraySpliterator.tryAdvance(Spliterators.java:958)
at java.util.stream.ReferencePipeline.forEachWithCancel(ReferencePipeline.java:126)
at java.util.stream.AbstractPipeline.copyIntoWithCancel(AbstractPipeline.java:499)
at java.util.stream.AbstractPipeline.copyInto(AbstractPipeline.java:486)
at java.util.stream.AbstractPipeline.wrapAndCopyInto(AbstractPipeline.java:472)
at java.util.stream.FindOps$FindOp.evaluateSequential(FindOps.java:152)
at java.util.stream.AbstractPipeline.evaluate(AbstractPipeline.java:234)
at java.util.stream.ReferencePipeline.findFirst(ReferencePipeline.java:531)
at org.openqa.selenium.remote.ProtocolHandshake.createSession(ProtocolHandshake.java:128)
at org.openqa.selenium.remote.ProtocolHandshake.createSession(ProtocolHandshake.java:74)
at org.openqa.selenium.remote.HttpCommandExecutor.execute(HttpCommandExecutor.java:136)
at org.openqa.selenium.remote.service.DriverCommandExecutor.execute(DriverCommandExecutor.java:83)
at org.openqa.selenium.remote.RemoteWebDriver.execute(RemoteWebDriver.java:552)
at org.openqa.selenium.remote.RemoteWebDriver.startSession(RemoteWebDriver.java:213)
at org.openqa.selenium.remote.RemoteWebDriver.<init>(RemoteWebDriver.java:131)
at org.openqa.selenium.chrome.ChromeDriver.<init>(ChromeDriver.java:181)
at org.openqa.selenium.chrome.ChromeDriver.<init>(ChromeDriver.java:168)
at org.openqa.selenium.chrome.ChromeDriver.<init>(ChromeDriver.java:123)
at manage_companies.Company_status_Hold.Sign_up(Company_status_Hold.java:15)
at java.util.ArrayList.forEach(ArrayList.java:1259)
... Removed 30 stack frames]]>
    </failure>
  </testcase> <!-- Sign_up -->
  <testcase name="comp_status_hold" time="2.001" classname="manage_companies.Company_status_Hold">
    <failure type="java.lang.NullPointerException">
      <![CDATA[java.lang.NullPointerException
at com.Xuriti.admin_panel_main.Manage_Companies_Edit.Company_Status_HOLD(Manage_Companies_Edit.java:930)
at manage_companies.Company_status_Hold.comp_status_hold(Company_status_Hold.java:26)
at java.util.ArrayList.forEach(ArrayList.java:1259)
... Removed 27 stack frames]]>
    </failure>
  </testcase> <!-- comp_status_hold -->
  <testcase name="Sign_up" time="0.128" classname="manage_companies.edit_admin_name">
    <failure type="org.openqa.selenium.WebDriverException" message="unknown error: Chrome failed to start: exited abnormally.
  (unknown error: DevToolsActivePort file doesn&amp;apos;t exist)
  (The process started from chrome location /usr/bin/google-chrome is no longer running, so ChromeDriver is assuming that Chrome has crashed.)
Build info: version: &amp;apos;3.141.59&amp;apos;, revision: &amp;apos;e82be7d358&amp;apos;, time: &amp;apos;2018-11-14T08:17:03&amp;apos;
System info: host: &amp;apos;varsha-HP&amp;apos;, ip: &amp;apos;127.0.1.1&amp;apos;, os.name: &amp;apos;Linux&amp;apos;, os.arch: &amp;apos;amd64&amp;apos;, os.version: &amp;apos;5.13.0-51-generic&amp;apos;, java.version: &amp;apos;1.8.0_312&amp;apos;
Driver info: driver.version: ChromeDriver
remote stacktrace: #0 0x5584b8301f33 &amp;lt;unknown&amp;gt;
#1 0x5584b804c118 &amp;lt;unknown&amp;gt;
#2 0x5584b806f678 &amp;lt;unknown&amp;gt;
#3 0x5584b806ad5a &amp;lt;unknown&amp;gt;
#4 0x5584b80a5d3a &amp;lt;unknown&amp;gt;
#5 0x5584b809fe63 &amp;lt;unknown&amp;gt;
#6 0x5584b807582a &amp;lt;unknown&amp;gt;
#7 0x5584b8076985 &amp;lt;unknown&amp;gt;
#8 0x5584b83464cd &amp;lt;unknown&amp;gt;
#9 0x5584b834a5ec &amp;lt;unknown&amp;gt;
#10 0x5584b833071e &amp;lt;unknown&amp;gt;
#11 0x5584b834b238 &amp;lt;unknown&amp;gt;
#12 0x5584b8325870 &amp;lt;unknown&amp;gt;
#13 0x5584b8367608 &amp;lt;unknown&amp;gt;
#14 0x5584b8367788 &amp;lt;unknown&amp;gt;
#15 0x5584b8381f1d &amp;lt;unknown&amp;gt;
#16 0x7f654e8fa609 &amp;lt;unknown&amp;gt;
">
      <![CDATA[org.openqa.selenium.WebDriverException: unknown error: Chrome failed to start: exited abnormally.
  (unknown error: DevToolsActivePort file doesn't exist)
  (The process started from chrome location /usr/bin/google-chrome is no longer running, so ChromeDriver is assuming that Chrome has crashed.)
Build info: version: '3.141.59', revision: 'e82be7d358', time: '2018-11-14T08:17:03'
System info: host: 'varsha-HP', ip: '127.0.1.1', os.name: 'Linux', os.arch: 'amd64', os.version: '5.13.0-51-generic', java.version: '1.8.0_312'
Driver info: driver.version: ChromeDriver
remote stacktrace: #0 0x5584b8301f33 <unknown>
#1 0x5584b804c118 <unknown>
#2 0x5584b806f678 <unknown>
#3 0x5584b806ad5a <unknown>
#4 0x5584b80a5d3a <unknown>
#5 0x5584b809fe63 <unknown>
#6 0x5584b807582a <unknown>
#7 0x5584b8076985 <unknown>
#8 0x5584b83464cd <unknown>
#9 0x5584b834a5ec <unknown>
#10 0x5584b833071e <unknown>
#11 0x5584b834b238 <unknown>
#12 0x5584b8325870 <unknown>
#13 0x5584b8367608 <unknown>
#14 0x5584b8367788 <unknown>
#15 0x5584b8381f1d <unknown>
#16 0x7f654e8fa609 <unknown>

at org.openqa.selenium.remote.W3CHandshakeResponse.lambda$errorHandler$0(W3CHandshakeResponse.java:62)
at org.openqa.selenium.remote.HandshakeResponse.lambda$getResponseFunction$0(HandshakeResponse.java:30)
at org.openqa.selenium.remote.ProtocolHandshake.lambda$createSession$0(ProtocolHandshake.java:126)
at java.util.stream.ReferencePipeline$3$1.accept(ReferencePipeline.java:193)
at java.util.Spliterators$ArraySpliterator.tryAdvance(Spliterators.java:958)
at java.util.stream.ReferencePipeline.forEachWithCancel(ReferencePipeline.java:126)
at java.util.stream.AbstractPipeline.copyIntoWithCancel(AbstractPipeline.java:499)
at java.util.stream.AbstractPipeline.copyInto(AbstractPipeline.java:486)
at java.util.stream.AbstractPipeline.wrapAndCopyInto(AbstractPipeline.java:472)
at java.util.stream.FindOps$FindOp.evaluateSequential(FindOps.java:152)
at java.util.stream.AbstractPipeline.evaluate(AbstractPipeline.java:234)
at java.util.stream.ReferencePipeline.findFirst(ReferencePipeline.java:531)
at org.openqa.selenium.remote.ProtocolHandshake.createSession(ProtocolHandshake.java:128)
at org.openqa.selenium.remote.ProtocolHandshake.createSession(ProtocolHandshake.java:74)
at org.openqa.selenium.remote.HttpCommandExecutor.execute(HttpCommandExecutor.java:136)
at org.openqa.selenium.remote.service.DriverCommandExecutor.execute(DriverCommandExecutor.java:83)
at org.openqa.selenium.remote.RemoteWebDriver.execute(RemoteWebDriver.java:552)
at org.openqa.selenium.remote.RemoteWebDriver.startSession(RemoteWebDriver.java:213)
at org.openqa.selenium.remote.RemoteWebDriver.<init>(RemoteWebDriver.java:131)
at org.openqa.selenium.chrome.ChromeDriver.<init>(ChromeDriver.java:181)
at org.openqa.selenium.chrome.ChromeDriver.<init>(ChromeDriver.java:168)
at org.openqa.selenium.chrome.ChromeDriver.<init>(ChromeDriver.java:123)
at manage_companies.edit_admin_name.Sign_up(edit_admin_name.java:15)
at java.util.ArrayList.forEach(ArrayList.java:1259)
... Removed 30 stack frames]]>
    </failure>
  </testcase> <!-- Sign_up -->
  <testcase name="Hold_comp" time="3.001" classname="manage_companies.edit_admin_name">
    <failure type="java.lang.NullPointerException">
      <![CDATA[java.lang.NullPointerException
at com.Xuriti.admin_panel_main.Manage_Companies_Edit.Edit_company(Manage_Companies_Edit.java:20)
at manage_companies.edit_admin_name.Hold_comp(edit_admin_name.java:26)
at java.util.ArrayList.forEach(ArrayList.java:1259)
... Removed 27 stack frames]]>
    </failure>
  </testcase> <!-- Hold_comp -->
  <testcase name="Sign_up" time="0.182" classname="manage_companies.Credit_plan_selection_6">
    <failure type="org.openqa.selenium.WebDriverException" message="unknown error: Chrome failed to start: exited abnormally.
  (unknown error: DevToolsActivePort file doesn&amp;apos;t exist)
  (The process started from chrome location /usr/bin/google-chrome is no longer running, so ChromeDriver is assuming that Chrome has crashed.)
Build info: version: &amp;apos;3.141.59&amp;apos;, revision: &amp;apos;e82be7d358&amp;apos;, time: &amp;apos;2018-11-14T08:17:03&amp;apos;
System info: host: &amp;apos;varsha-HP&amp;apos;, ip: &amp;apos;127.0.1.1&amp;apos;, os.name: &amp;apos;Linux&amp;apos;, os.arch: &amp;apos;amd64&amp;apos;, os.version: &amp;apos;5.13.0-51-generic&amp;apos;, java.version: &amp;apos;1.8.0_312&amp;apos;
Driver info: driver.version: ChromeDriver
remote stacktrace: #0 0x55daba724f33 &amp;lt;unknown&amp;gt;
#1 0x55daba46f118 &amp;lt;unknown&amp;gt;
#2 0x55daba492678 &amp;lt;unknown&amp;gt;
#3 0x55daba48dd5a &amp;lt;unknown&amp;gt;
#4 0x55daba4c8d3a &amp;lt;unknown&amp;gt;
#5 0x55daba4c2e63 &amp;lt;unknown&amp;gt;
#6 0x55daba49882a &amp;lt;unknown&amp;gt;
#7 0x55daba499985 &amp;lt;unknown&amp;gt;
#8 0x55daba7694cd &amp;lt;unknown&amp;gt;
#9 0x55daba76d5ec &amp;lt;unknown&amp;gt;
#10 0x55daba75371e &amp;lt;unknown&amp;gt;
#11 0x55daba76e238 &amp;lt;unknown&amp;gt;
#12 0x55daba748870 &amp;lt;unknown&amp;gt;
#13 0x55daba78a608 &amp;lt;unknown&amp;gt;
#14 0x55daba78a788 &amp;lt;unknown&amp;gt;
#15 0x55daba7a4f1d &amp;lt;unknown&amp;gt;
#16 0x7f1b77da9609 &amp;lt;unknown&amp;gt;
">
      <![CDATA[org.openqa.selenium.WebDriverException: unknown error: Chrome failed to start: exited abnormally.
  (unknown error: DevToolsActivePort file doesn't exist)
  (The process started from chrome location /usr/bin/google-chrome is no longer running, so ChromeDriver is assuming that Chrome has crashed.)
Build info: version: '3.141.59', revision: 'e82be7d358', time: '2018-11-14T08:17:03'
System info: host: 'varsha-HP', ip: '127.0.1.1', os.name: 'Linux', os.arch: 'amd64', os.version: '5.13.0-51-generic', java.version: '1.8.0_312'
Driver info: driver.version: ChromeDriver
remote stacktrace: #0 0x55daba724f33 <unknown>
#1 0x55daba46f118 <unknown>
#2 0x55daba492678 <unknown>
#3 0x55daba48dd5a <unknown>
#4 0x55daba4c8d3a <unknown>
#5 0x55daba4c2e63 <unknown>
#6 0x55daba49882a <unknown>
#7 0x55daba499985 <unknown>
#8 0x55daba7694cd <unknown>
#9 0x55daba76d5ec <unknown>
#10 0x55daba75371e <unknown>
#11 0x55daba76e238 <unknown>
#12 0x55daba748870 <unknown>
#13 0x55daba78a608 <unknown>
#14 0x55daba78a788 <unknown>
#15 0x55daba7a4f1d <unknown>
#16 0x7f1b77da9609 <unknown>

at org.openqa.selenium.remote.W3CHandshakeResponse.lambda$errorHandler$0(W3CHandshakeResponse.java:62)
at org.openqa.selenium.remote.HandshakeResponse.lambda$getResponseFunction$0(HandshakeResponse.java:30)
at org.openqa.selenium.remote.ProtocolHandshake.lambda$createSession$0(ProtocolHandshake.java:126)
at java.util.stream.ReferencePipeline$3$1.accept(ReferencePipeline.java:193)
at java.util.Spliterators$ArraySpliterator.tryAdvance(Spliterators.java:958)
at java.util.stream.ReferencePipeline.forEachWithCancel(ReferencePipeline.java:126)
at java.util.stream.AbstractPipeline.copyIntoWithCancel(AbstractPipeline.java:499)
at java.util.stream.AbstractPipeline.copyInto(AbstractPipeline.java:486)
at java.util.stream.AbstractPipeline.wrapAndCopyInto(AbstractPipeline.java:472)
at java.util.stream.FindOps$FindOp.evaluateSequential(FindOps.java:152)
at java.util.stream.AbstractPipeline.evaluate(AbstractPipeline.java:234)
at java.util.stream.ReferencePipeline.findFirst(ReferencePipeline.java:531)
at org.openqa.selenium.remote.ProtocolHandshake.createSession(ProtocolHandshake.java:128)
at org.openqa.selenium.remote.ProtocolHandshake.createSession(ProtocolHandshake.java:74)
at org.openqa.selenium.remote.HttpCommandExecutor.execute(HttpCommandExecutor.java:136)
at org.openqa.selenium.remote.service.DriverCommandExecutor.execute(DriverCommandExecutor.java:83)
at org.openqa.selenium.remote.RemoteWebDriver.execute(RemoteWebDriver.java:552)
at org.openqa.selenium.remote.RemoteWebDriver.startSession(RemoteWebDriver.java:213)
at org.openqa.selenium.remote.RemoteWebDriver.<init>(RemoteWebDriver.java:131)
at org.openqa.selenium.chrome.ChromeDriver.<init>(ChromeDriver.java:181)
at org.openqa.selenium.chrome.ChromeDriver.<init>(ChromeDriver.java:168)
at org.openqa.selenium.chrome.ChromeDriver.<init>(ChromeDriver.java:123)
at manage_companies.Credit_plan_selection_6.Sign_up(Credit_plan_selection_6.java:15)
at java.util.ArrayList.forEach(ArrayList.java:1259)
... Removed 30 stack frames]]>
    </failure>
  </testcase> <!-- Sign_up -->
  <testcase name="credit_plan_select" time="3.001" classname="manage_companies.Credit_plan_selection_6">
    <failure type="java.lang.NullPointerException">
      <![CDATA[java.lang.NullPointerException
at com.Xuriti.admin_panel_main.Manage_Companies_Edit.Click_on_Credit_plan(Manage_Companies_Edit.java:478)
at manage_companies.Credit_plan_selection_6.credit_plan_select(Credit_plan_selection_6.java:26)
at java.util.ArrayList.forEach(ArrayList.java:1259)
... Removed 27 stack frames]]>
    </failure>
  </testcase> <!-- credit_plan_select -->
  <testcase name="Sign_up" time="0.18" classname="manage_companies.Credit_plan_selection_7">
    <failure type="org.openqa.selenium.WebDriverException" message="unknown error: Chrome failed to start: exited abnormally.
  (unknown error: DevToolsActivePort file doesn&amp;apos;t exist)
  (The process started from chrome location /usr/bin/google-chrome is no longer running, so ChromeDriver is assuming that Chrome has crashed.)
Build info: version: &amp;apos;3.141.59&amp;apos;, revision: &amp;apos;e82be7d358&amp;apos;, time: &amp;apos;2018-11-14T08:17:03&amp;apos;
System info: host: &amp;apos;varsha-HP&amp;apos;, ip: &amp;apos;127.0.1.1&amp;apos;, os.name: &amp;apos;Linux&amp;apos;, os.arch: &amp;apos;amd64&amp;apos;, os.version: &amp;apos;5.13.0-51-generic&amp;apos;, java.version: &amp;apos;1.8.0_312&amp;apos;
Driver info: driver.version: ChromeDriver
remote stacktrace: #0 0x56450bc47f33 &amp;lt;unknown&amp;gt;
#1 0x56450b992118 &amp;lt;unknown&amp;gt;
#2 0x56450b9b5678 &amp;lt;unknown&amp;gt;
#3 0x56450b9b0d5a &amp;lt;unknown&amp;gt;
#4 0x56450b9ebd3a &amp;lt;unknown&amp;gt;
#5 0x56450b9e5e63 &amp;lt;unknown&amp;gt;
#6 0x56450b9bb82a &amp;lt;unknown&amp;gt;
#7 0x56450b9bc985 &amp;lt;unknown&amp;gt;
#8 0x56450bc8c4cd &amp;lt;unknown&amp;gt;
#9 0x56450bc905ec &amp;lt;unknown&amp;gt;
#10 0x56450bc7671e &amp;lt;unknown&amp;gt;
#11 0x56450bc91238 &amp;lt;unknown&amp;gt;
#12 0x56450bc6b870 &amp;lt;unknown&amp;gt;
#13 0x56450bcad608 &amp;lt;unknown&amp;gt;
#14 0x56450bcad788 &amp;lt;unknown&amp;gt;
#15 0x56450bcc7f1d &amp;lt;unknown&amp;gt;
#16 0x7f7db5533609 &amp;lt;unknown&amp;gt;
">
      <![CDATA[org.openqa.selenium.WebDriverException: unknown error: Chrome failed to start: exited abnormally.
  (unknown error: DevToolsActivePort file doesn't exist)
  (The process started from chrome location /usr/bin/google-chrome is no longer running, so ChromeDriver is assuming that Chrome has crashed.)
Build info: version: '3.141.59', revision: 'e82be7d358', time: '2018-11-14T08:17:03'
System info: host: 'varsha-HP', ip: '127.0.1.1', os.name: 'Linux', os.arch: 'amd64', os.version: '5.13.0-51-generic', java.version: '1.8.0_312'
Driver info: driver.version: ChromeDriver
remote stacktrace: #0 0x56450bc47f33 <unknown>
#1 0x56450b992118 <unknown>
#2 0x56450b9b5678 <unknown>
#3 0x56450b9b0d5a <unknown>
#4 0x56450b9ebd3a <unknown>
#5 0x56450b9e5e63 <unknown>
#6 0x56450b9bb82a <unknown>
#7 0x56450b9bc985 <unknown>
#8 0x56450bc8c4cd <unknown>
#9 0x56450bc905ec <unknown>
#10 0x56450bc7671e <unknown>
#11 0x56450bc91238 <unknown>
#12 0x56450bc6b870 <unknown>
#13 0x56450bcad608 <unknown>
#14 0x56450bcad788 <unknown>
#15 0x56450bcc7f1d <unknown>
#16 0x7f7db5533609 <unknown>

at org.openqa.selenium.remote.W3CHandshakeResponse.lambda$errorHandler$0(W3CHandshakeResponse.java:62)
at org.openqa.selenium.remote.HandshakeResponse.lambda$getResponseFunction$0(HandshakeResponse.java:30)
at org.openqa.selenium.remote.ProtocolHandshake.lambda$createSession$0(ProtocolHandshake.java:126)
at java.util.stream.ReferencePipeline$3$1.accept(ReferencePipeline.java:193)
at java.util.Spliterators$ArraySpliterator.tryAdvance(Spliterators.java:958)
at java.util.stream.ReferencePipeline.forEachWithCancel(ReferencePipeline.java:126)
at java.util.stream.AbstractPipeline.copyIntoWithCancel(AbstractPipeline.java:499)
at java.util.stream.AbstractPipeline.copyInto(AbstractPipeline.java:486)
at java.util.stream.AbstractPipeline.wrapAndCopyInto(AbstractPipeline.java:472)
at java.util.stream.FindOps$FindOp.evaluateSequential(FindOps.java:152)
at java.util.stream.AbstractPipeline.evaluate(AbstractPipeline.java:234)
at java.util.stream.ReferencePipeline.findFirst(ReferencePipeline.java:531)
at org.openqa.selenium.remote.ProtocolHandshake.createSession(ProtocolHandshake.java:128)
at org.openqa.selenium.remote.ProtocolHandshake.createSession(ProtocolHandshake.java:74)
at org.openqa.selenium.remote.HttpCommandExecutor.execute(HttpCommandExecutor.java:136)
at org.openqa.selenium.remote.service.DriverCommandExecutor.execute(DriverCommandExecutor.java:83)
at org.openqa.selenium.remote.RemoteWebDriver.execute(RemoteWebDriver.java:552)
at org.openqa.selenium.remote.RemoteWebDriver.startSession(RemoteWebDriver.java:213)
at org.openqa.selenium.remote.RemoteWebDriver.<init>(RemoteWebDriver.java:131)
at org.openqa.selenium.chrome.ChromeDriver.<init>(ChromeDriver.java:181)
at org.openqa.selenium.chrome.ChromeDriver.<init>(ChromeDriver.java:168)
at org.openqa.selenium.chrome.ChromeDriver.<init>(ChromeDriver.java:123)
at manage_companies.Credit_plan_selection_7.Sign_up(Credit_plan_selection_7.java:15)
at java.util.ArrayList.forEach(ArrayList.java:1259)
... Removed 30 stack frames]]>
    </failure>
  </testcase> <!-- Sign_up -->
  <testcase name="credit_plan_select" time="3.0" classname="manage_companies.Credit_plan_selection_7">
    <failure type="java.lang.NullPointerException">
      <![CDATA[java.lang.NullPointerException
at com.Xuriti.admin_panel_main.Manage_Companies_Edit.Click_on_Credit_plan(Manage_Companies_Edit.java:478)
at manage_companies.Credit_plan_selection_7.credit_plan_select(Credit_plan_selection_7.java:26)
at java.util.ArrayList.forEach(ArrayList.java:1259)
... Removed 27 stack frames]]>
    </failure>
  </testcase> <!-- credit_plan_select -->
  <testcase name="Sign_up" time="0.184" classname="manage_companies.edit_company_name">
    <failure type="org.openqa.selenium.WebDriverException" message="unknown error: Chrome failed to start: exited abnormally.
  (unknown error: DevToolsActivePort file doesn&amp;apos;t exist)
  (The process started from chrome location /usr/bin/google-chrome is no longer running, so ChromeDriver is assuming that Chrome has crashed.)
Build info: version: &amp;apos;3.141.59&amp;apos;, revision: &amp;apos;e82be7d358&amp;apos;, time: &amp;apos;2018-11-14T08:17:03&amp;apos;
System info: host: &amp;apos;varsha-HP&amp;apos;, ip: &amp;apos;127.0.1.1&amp;apos;, os.name: &amp;apos;Linux&amp;apos;, os.arch: &amp;apos;amd64&amp;apos;, os.version: &amp;apos;5.13.0-51-generic&amp;apos;, java.version: &amp;apos;1.8.0_312&amp;apos;
Driver info: driver.version: ChromeDriver
remote stacktrace: #0 0x55ed3c325f33 &amp;lt;unknown&amp;gt;
#1 0x55ed3c070118 &amp;lt;unknown&amp;gt;
#2 0x55ed3c093678 &amp;lt;unknown&amp;gt;
#3 0x55ed3c08ed5a &amp;lt;unknown&amp;gt;
#4 0x55ed3c0c9d3a &amp;lt;unknown&amp;gt;
#5 0x55ed3c0c3e63 &amp;lt;unknown&amp;gt;
#6 0x55ed3c09982a &amp;lt;unknown&amp;gt;
#7 0x55ed3c09a985 &amp;lt;unknown&amp;gt;
#8 0x55ed3c36a4cd &amp;lt;unknown&amp;gt;
#9 0x55ed3c36e5ec &amp;lt;unknown&amp;gt;
#10 0x55ed3c35471e &amp;lt;unknown&amp;gt;
#11 0x55ed3c36f238 &amp;lt;unknown&amp;gt;
#12 0x55ed3c349870 &amp;lt;unknown&amp;gt;
#13 0x55ed3c38b608 &amp;lt;unknown&amp;gt;
#14 0x55ed3c38b788 &amp;lt;unknown&amp;gt;
#15 0x55ed3c3a5f1d &amp;lt;unknown&amp;gt;
#16 0x7f1e583b6609 &amp;lt;unknown&amp;gt;
">
      <![CDATA[org.openqa.selenium.WebDriverException: unknown error: Chrome failed to start: exited abnormally.
  (unknown error: DevToolsActivePort file doesn't exist)
  (The process started from chrome location /usr/bin/google-chrome is no longer running, so ChromeDriver is assuming that Chrome has crashed.)
Build info: version: '3.141.59', revision: 'e82be7d358', time: '2018-11-14T08:17:03'
System info: host: 'varsha-HP', ip: '127.0.1.1', os.name: 'Linux', os.arch: 'amd64', os.version: '5.13.0-51-generic', java.version: '1.8.0_312'
Driver info: driver.version: ChromeDriver
remote stacktrace: #0 0x55ed3c325f33 <unknown>
#1 0x55ed3c070118 <unknown>
#2 0x55ed3c093678 <unknown>
#3 0x55ed3c08ed5a <unknown>
#4 0x55ed3c0c9d3a <unknown>
#5 0x55ed3c0c3e63 <unknown>
#6 0x55ed3c09982a <unknown>
#7 0x55ed3c09a985 <unknown>
#8 0x55ed3c36a4cd <unknown>
#9 0x55ed3c36e5ec <unknown>
#10 0x55ed3c35471e <unknown>
#11 0x55ed3c36f238 <unknown>
#12 0x55ed3c349870 <unknown>
#13 0x55ed3c38b608 <unknown>
#14 0x55ed3c38b788 <unknown>
#15 0x55ed3c3a5f1d <unknown>
#16 0x7f1e583b6609 <unknown>

at org.openqa.selenium.remote.W3CHandshakeResponse.lambda$errorHandler$0(W3CHandshakeResponse.java:62)
at org.openqa.selenium.remote.HandshakeResponse.lambda$getResponseFunction$0(HandshakeResponse.java:30)
at org.openqa.selenium.remote.ProtocolHandshake.lambda$createSession$0(ProtocolHandshake.java:126)
at java.util.stream.ReferencePipeline$3$1.accept(ReferencePipeline.java:193)
at java.util.Spliterators$ArraySpliterator.tryAdvance(Spliterators.java:958)
at java.util.stream.ReferencePipeline.forEachWithCancel(ReferencePipeline.java:126)
at java.util.stream.AbstractPipeline.copyIntoWithCancel(AbstractPipeline.java:499)
at java.util.stream.AbstractPipeline.copyInto(AbstractPipeline.java:486)
at java.util.stream.AbstractPipeline.wrapAndCopyInto(AbstractPipeline.java:472)
at java.util.stream.FindOps$FindOp.evaluateSequential(FindOps.java:152)
at java.util.stream.AbstractPipeline.evaluate(AbstractPipeline.java:234)
at java.util.stream.ReferencePipeline.findFirst(ReferencePipeline.java:531)
at org.openqa.selenium.remote.ProtocolHandshake.createSession(ProtocolHandshake.java:128)
at org.openqa.selenium.remote.ProtocolHandshake.createSession(ProtocolHandshake.java:74)
at org.openqa.selenium.remote.HttpCommandExecutor.execute(HttpCommandExecutor.java:136)
at org.openqa.selenium.remote.service.DriverCommandExecutor.execute(DriverCommandExecutor.java:83)
at org.openqa.selenium.remote.RemoteWebDriver.execute(RemoteWebDriver.java:552)
at org.openqa.selenium.remote.RemoteWebDriver.startSession(RemoteWebDriver.java:213)
at org.openqa.selenium.remote.RemoteWebDriver.<init>(RemoteWebDriver.java:131)
at org.openqa.selenium.chrome.ChromeDriver.<init>(ChromeDriver.java:181)
at org.openqa.selenium.chrome.ChromeDriver.<init>(ChromeDriver.java:168)
at org.openqa.selenium.chrome.ChromeDriver.<init>(ChromeDriver.java:123)
at manage_companies.edit_company_name.Sign_up(edit_company_name.java:15)
at java.util.ArrayList.forEach(ArrayList.java:1259)
... Removed 30 stack frames]]>
    </failure>
  </testcase> <!-- Sign_up -->
  <testcase name="Hold_comp" time="3.0" classname="manage_companies.edit_company_name">
    <failure type="java.lang.NullPointerException">
      <![CDATA[java.lang.NullPointerException
at com.Xuriti.admin_panel_main.Manage_Companies_Edit.Edit_company(Manage_Companies_Edit.java:20)
at manage_companies.edit_company_name.Hold_comp(edit_company_name.java:26)
at java.util.ArrayList.forEach(ArrayList.java:1259)
... Removed 27 stack frames]]>
    </failure>
  </testcase> <!-- Hold_comp -->
  <testcase name="Sign_up" time="0.183" classname="manage_companies.edit_admin_email_add">
    <failure type="org.openqa.selenium.WebDriverException" message="unknown error: Chrome failed to start: exited abnormally.
  (unknown error: DevToolsActivePort file doesn&amp;apos;t exist)
  (The process started from chrome location /usr/bin/google-chrome is no longer running, so ChromeDriver is assuming that Chrome has crashed.)
Build info: version: &amp;apos;3.141.59&amp;apos;, revision: &amp;apos;e82be7d358&amp;apos;, time: &amp;apos;2018-11-14T08:17:03&amp;apos;
System info: host: &amp;apos;varsha-HP&amp;apos;, ip: &amp;apos;127.0.1.1&amp;apos;, os.name: &amp;apos;Linux&amp;apos;, os.arch: &amp;apos;amd64&amp;apos;, os.version: &amp;apos;5.13.0-51-generic&amp;apos;, java.version: &amp;apos;1.8.0_312&amp;apos;
Driver info: driver.version: ChromeDriver
remote stacktrace: #0 0x55ef09613f33 &amp;lt;unknown&amp;gt;
#1 0x55ef0935e118 &amp;lt;unknown&amp;gt;
#2 0x55ef09381678 &amp;lt;unknown&amp;gt;
#3 0x55ef0937cd5a &amp;lt;unknown&amp;gt;
#4 0x55ef093b7d3a &amp;lt;unknown&amp;gt;
#5 0x55ef093b1e63 &amp;lt;unknown&amp;gt;
#6 0x55ef0938782a &amp;lt;unknown&amp;gt;
#7 0x55ef09388985 &amp;lt;unknown&amp;gt;
#8 0x55ef096584cd &amp;lt;unknown&amp;gt;
#9 0x55ef0965c5ec &amp;lt;unknown&amp;gt;
#10 0x55ef0964271e &amp;lt;unknown&amp;gt;
#11 0x55ef0965d238 &amp;lt;unknown&amp;gt;
#12 0x55ef09637870 &amp;lt;unknown&amp;gt;
#13 0x55ef09679608 &amp;lt;unknown&amp;gt;
#14 0x55ef09679788 &amp;lt;unknown&amp;gt;
#15 0x55ef09693f1d &amp;lt;unknown&amp;gt;
#16 0x7f5f1456e609 &amp;lt;unknown&amp;gt;
">
      <![CDATA[org.openqa.selenium.WebDriverException: unknown error: Chrome failed to start: exited abnormally.
  (unknown error: DevToolsActivePort file doesn't exist)
  (The process started from chrome location /usr/bin/google-chrome is no longer running, so ChromeDriver is assuming that Chrome has crashed.)
Build info: version: '3.141.59', revision: 'e82be7d358', time: '2018-11-14T08:17:03'
System info: host: 'varsha-HP', ip: '127.0.1.1', os.name: 'Linux', os.arch: 'amd64', os.version: '5.13.0-51-generic', java.version: '1.8.0_312'
Driver info: driver.version: ChromeDriver
remote stacktrace: #0 0x55ef09613f33 <unknown>
#1 0x55ef0935e118 <unknown>
#2 0x55ef09381678 <unknown>
#3 0x55ef0937cd5a <unknown>
#4 0x55ef093b7d3a <unknown>
#5 0x55ef093b1e63 <unknown>
#6 0x55ef0938782a <unknown>
#7 0x55ef09388985 <unknown>
#8 0x55ef096584cd <unknown>
#9 0x55ef0965c5ec <unknown>
#10 0x55ef0964271e <unknown>
#11 0x55ef0965d238 <unknown>
#12 0x55ef09637870 <unknown>
#13 0x55ef09679608 <unknown>
#14 0x55ef09679788 <unknown>
#15 0x55ef09693f1d <unknown>
#16 0x7f5f1456e609 <unknown>

at org.openqa.selenium.remote.W3CHandshakeResponse.lambda$errorHandler$0(W3CHandshakeResponse.java:62)
at org.openqa.selenium.remote.HandshakeResponse.lambda$getResponseFunction$0(HandshakeResponse.java:30)
at org.openqa.selenium.remote.ProtocolHandshake.lambda$createSession$0(ProtocolHandshake.java:126)
at java.util.stream.ReferencePipeline$3$1.accept(ReferencePipeline.java:193)
at java.util.Spliterators$ArraySpliterator.tryAdvance(Spliterators.java:958)
at java.util.stream.ReferencePipeline.forEachWithCancel(ReferencePipeline.java:126)
at java.util.stream.AbstractPipeline.copyIntoWithCancel(AbstractPipeline.java:499)
at java.util.stream.AbstractPipeline.copyInto(AbstractPipeline.java:486)
at java.util.stream.AbstractPipeline.wrapAndCopyInto(AbstractPipeline.java:472)
at java.util.stream.FindOps$FindOp.evaluateSequential(FindOps.java:152)
at java.util.stream.AbstractPipeline.evaluate(AbstractPipeline.java:234)
at java.util.stream.ReferencePipeline.findFirst(ReferencePipeline.java:531)
at org.openqa.selenium.remote.ProtocolHandshake.createSession(ProtocolHandshake.java:128)
at org.openqa.selenium.remote.ProtocolHandshake.createSession(ProtocolHandshake.java:74)
at org.openqa.selenium.remote.HttpCommandExecutor.execute(HttpCommandExecutor.java:136)
at org.openqa.selenium.remote.service.DriverCommandExecutor.execute(DriverCommandExecutor.java:83)
at org.openqa.selenium.remote.RemoteWebDriver.execute(RemoteWebDriver.java:552)
at org.openqa.selenium.remote.RemoteWebDriver.startSession(RemoteWebDriver.java:213)
at org.openqa.selenium.remote.RemoteWebDriver.<init>(RemoteWebDriver.java:131)
at org.openqa.selenium.chrome.ChromeDriver.<init>(ChromeDriver.java:181)
at org.openqa.selenium.chrome.ChromeDriver.<init>(ChromeDriver.java:168)
at org.openqa.selenium.chrome.ChromeDriver.<init>(ChromeDriver.java:123)
at manage_companies.edit_admin_email_add.Sign_up(edit_admin_email_add.java:15)
at java.util.ArrayList.forEach(ArrayList.java:1259)
... Removed 30 stack frames]]>
    </failure>
  </testcase> <!-- Sign_up -->
  <testcase name="Hold_comp" time="3.001" classname="manage_companies.edit_admin_email_add">
    <failure type="java.lang.NullPointerException">
      <![CDATA[java.lang.NullPointerException
at com.Xuriti.admin_panel_main.Manage_Companies_Edit.Edit_company(Manage_Companies_Edit.java:20)
at manage_companies.edit_admin_email_add.Hold_comp(edit_admin_email_add.java:26)
at java.util.ArrayList.forEach(ArrayList.java:1259)
... Removed 27 stack frames]]>
    </failure>
  </testcase> <!-- Hold_comp -->
  <testcase name="Sign_up" time="0.13" classname="manage_companies.Items_per_page_50">
    <failure type="org.openqa.selenium.WebDriverException" message="unknown error: Chrome failed to start: exited abnormally.
  (unknown error: DevToolsActivePort file doesn&amp;apos;t exist)
  (The process started from chrome location /usr/bin/google-chrome is no longer running, so ChromeDriver is assuming that Chrome has crashed.)
Build info: version: &amp;apos;3.141.59&amp;apos;, revision: &amp;apos;e82be7d358&amp;apos;, time: &amp;apos;2018-11-14T08:17:03&amp;apos;
System info: host: &amp;apos;varsha-HP&amp;apos;, ip: &amp;apos;127.0.1.1&amp;apos;, os.name: &amp;apos;Linux&amp;apos;, os.arch: &amp;apos;amd64&amp;apos;, os.version: &amp;apos;5.13.0-51-generic&amp;apos;, java.version: &amp;apos;1.8.0_312&amp;apos;
Driver info: driver.version: ChromeDriver
remote stacktrace: #0 0x564934e51f33 &amp;lt;unknown&amp;gt;
#1 0x564934b9c118 &amp;lt;unknown&amp;gt;
#2 0x564934bbf678 &amp;lt;unknown&amp;gt;
#3 0x564934bbad5a &amp;lt;unknown&amp;gt;
#4 0x564934bf5d3a &amp;lt;unknown&amp;gt;
#5 0x564934befe63 &amp;lt;unknown&amp;gt;
#6 0x564934bc582a &amp;lt;unknown&amp;gt;
#7 0x564934bc6985 &amp;lt;unknown&amp;gt;
#8 0x564934e964cd &amp;lt;unknown&amp;gt;
#9 0x564934e9a5ec &amp;lt;unknown&amp;gt;
#10 0x564934e8071e &amp;lt;unknown&amp;gt;
#11 0x564934e9b238 &amp;lt;unknown&amp;gt;
#12 0x564934e75870 &amp;lt;unknown&amp;gt;
#13 0x564934eb7608 &amp;lt;unknown&amp;gt;
#14 0x564934eb7788 &amp;lt;unknown&amp;gt;
#15 0x564934ed1f1d &amp;lt;unknown&amp;gt;
#16 0x7ffa4ef1c609 &amp;lt;unknown&amp;gt;
">
      <![CDATA[org.openqa.selenium.WebDriverException: unknown error: Chrome failed to start: exited abnormally.
  (unknown error: DevToolsActivePort file doesn't exist)
  (The process started from chrome location /usr/bin/google-chrome is no longer running, so ChromeDriver is assuming that Chrome has crashed.)
Build info: version: '3.141.59', revision: 'e82be7d358', time: '2018-11-14T08:17:03'
System info: host: 'varsha-HP', ip: '127.0.1.1', os.name: 'Linux', os.arch: 'amd64', os.version: '5.13.0-51-generic', java.version: '1.8.0_312'
Driver info: driver.version: ChromeDriver
remote stacktrace: #0 0x564934e51f33 <unknown>
#1 0x564934b9c118 <unknown>
#2 0x564934bbf678 <unknown>
#3 0x564934bbad5a <unknown>
#4 0x564934bf5d3a <unknown>
#5 0x564934befe63 <unknown>
#6 0x564934bc582a <unknown>
#7 0x564934bc6985 <unknown>
#8 0x564934e964cd <unknown>
#9 0x564934e9a5ec <unknown>
#10 0x564934e8071e <unknown>
#11 0x564934e9b238 <unknown>
#12 0x564934e75870 <unknown>
#13 0x564934eb7608 <unknown>
#14 0x564934eb7788 <unknown>
#15 0x564934ed1f1d <unknown>
#16 0x7ffa4ef1c609 <unknown>

at org.openqa.selenium.remote.W3CHandshakeResponse.lambda$errorHandler$0(W3CHandshakeResponse.java:62)
at org.openqa.selenium.remote.HandshakeResponse.lambda$getResponseFunction$0(HandshakeResponse.java:30)
at org.openqa.selenium.remote.ProtocolHandshake.lambda$createSession$0(ProtocolHandshake.java:126)
at java.util.stream.ReferencePipeline$3$1.accept(ReferencePipeline.java:193)
at java.util.Spliterators$ArraySpliterator.tryAdvance(Spliterators.java:958)
at java.util.stream.ReferencePipeline.forEachWithCancel(ReferencePipeline.java:126)
at java.util.stream.AbstractPipeline.copyIntoWithCancel(AbstractPipeline.java:499)
at java.util.stream.AbstractPipeline.copyInto(AbstractPipeline.java:486)
at java.util.stream.AbstractPipeline.wrapAndCopyInto(AbstractPipeline.java:472)
at java.util.stream.FindOps$FindOp.evaluateSequential(FindOps.java:152)
at java.util.stream.AbstractPipeline.evaluate(AbstractPipeline.java:234)
at java.util.stream.ReferencePipeline.findFirst(ReferencePipeline.java:531)
at org.openqa.selenium.remote.ProtocolHandshake.createSession(ProtocolHandshake.java:128)
at org.openqa.selenium.remote.ProtocolHandshake.createSession(ProtocolHandshake.java:74)
at org.openqa.selenium.remote.HttpCommandExecutor.execute(HttpCommandExecutor.java:136)
at org.openqa.selenium.remote.service.DriverCommandExecutor.execute(DriverCommandExecutor.java:83)
at org.openqa.selenium.remote.RemoteWebDriver.execute(RemoteWebDriver.java:552)
at org.openqa.selenium.remote.RemoteWebDriver.startSession(RemoteWebDriver.java:213)
at org.openqa.selenium.remote.RemoteWebDriver.<init>(RemoteWebDriver.java:131)
at org.openqa.selenium.chrome.ChromeDriver.<init>(ChromeDriver.java:181)
at org.openqa.selenium.chrome.ChromeDriver.<init>(ChromeDriver.java:168)
at org.openqa.selenium.chrome.ChromeDriver.<init>(ChromeDriver.java:123)
at manage_companies.Items_per_page_50.Sign_up(Items_per_page_50.java:14)
at java.util.ArrayList.forEach(ArrayList.java:1259)
... Removed 30 stack frames]]>
    </failure>
  </testcase> <!-- Sign_up -->
  <testcase name="Manage_comp" time="2.0" classname="manage_companies.Items_per_page_50">
    <failure type="java.lang.NullPointerException">
      <![CDATA[java.lang.NullPointerException
at com.Xuriti.admin_panel_main.Manage_Companies_Edit.Items_per_page_50(Manage_Companies_Edit.java:988)
at manage_companies.Items_per_page_50.Manage_comp(Items_per_page_50.java:25)
at java.util.ArrayList.forEach(ArrayList.java:1259)
... Removed 27 stack frames]]>
    </failure>
  </testcase> <!-- Manage_comp -->
  <testcase name="Sign_up" time="0.178" classname="manage_companies.edit_credit_plan">
    <failure type="org.openqa.selenium.WebDriverException" message="unknown error: Chrome failed to start: exited abnormally.
  (unknown error: DevToolsActivePort file doesn&amp;apos;t exist)
  (The process started from chrome location /usr/bin/google-chrome is no longer running, so ChromeDriver is assuming that Chrome has crashed.)
Build info: version: &amp;apos;3.141.59&amp;apos;, revision: &amp;apos;e82be7d358&amp;apos;, time: &amp;apos;2018-11-14T08:17:03&amp;apos;
System info: host: &amp;apos;varsha-HP&amp;apos;, ip: &amp;apos;127.0.1.1&amp;apos;, os.name: &amp;apos;Linux&amp;apos;, os.arch: &amp;apos;amd64&amp;apos;, os.version: &amp;apos;5.13.0-51-generic&amp;apos;, java.version: &amp;apos;1.8.0_312&amp;apos;
Driver info: driver.version: ChromeDriver
remote stacktrace: #0 0x5617b78ebf33 &amp;lt;unknown&amp;gt;
#1 0x5617b7636118 &amp;lt;unknown&amp;gt;
#2 0x5617b7659678 &amp;lt;unknown&amp;gt;
#3 0x5617b7654d5a &amp;lt;unknown&amp;gt;
#4 0x5617b768fd3a &amp;lt;unknown&amp;gt;
#5 0x5617b7689e63 &amp;lt;unknown&amp;gt;
#6 0x5617b765f82a &amp;lt;unknown&amp;gt;
#7 0x5617b7660985 &amp;lt;unknown&amp;gt;
#8 0x5617b79304cd &amp;lt;unknown&amp;gt;
#9 0x5617b79345ec &amp;lt;unknown&amp;gt;
#10 0x5617b791a71e &amp;lt;unknown&amp;gt;
#11 0x5617b7935238 &amp;lt;unknown&amp;gt;
#12 0x5617b790f870 &amp;lt;unknown&amp;gt;
#13 0x5617b7951608 &amp;lt;unknown&amp;gt;
#14 0x5617b7951788 &amp;lt;unknown&amp;gt;
#15 0x5617b796bf1d &amp;lt;unknown&amp;gt;
#16 0x7f3eb244a609 &amp;lt;unknown&amp;gt;
">
      <![CDATA[org.openqa.selenium.WebDriverException: unknown error: Chrome failed to start: exited abnormally.
  (unknown error: DevToolsActivePort file doesn't exist)
  (The process started from chrome location /usr/bin/google-chrome is no longer running, so ChromeDriver is assuming that Chrome has crashed.)
Build info: version: '3.141.59', revision: 'e82be7d358', time: '2018-11-14T08:17:03'
System info: host: 'varsha-HP', ip: '127.0.1.1', os.name: 'Linux', os.arch: 'amd64', os.version: '5.13.0-51-generic', java.version: '1.8.0_312'
Driver info: driver.version: ChromeDriver
remote stacktrace: #0 0x5617b78ebf33 <unknown>
#1 0x5617b7636118 <unknown>
#2 0x5617b7659678 <unknown>
#3 0x5617b7654d5a <unknown>
#4 0x5617b768fd3a <unknown>
#5 0x5617b7689e63 <unknown>
#6 0x5617b765f82a <unknown>
#7 0x5617b7660985 <unknown>
#8 0x5617b79304cd <unknown>
#9 0x5617b79345ec <unknown>
#10 0x5617b791a71e <unknown>
#11 0x5617b7935238 <unknown>
#12 0x5617b790f870 <unknown>
#13 0x5617b7951608 <unknown>
#14 0x5617b7951788 <unknown>
#15 0x5617b796bf1d <unknown>
#16 0x7f3eb244a609 <unknown>

at org.openqa.selenium.remote.W3CHandshakeResponse.lambda$errorHandler$0(W3CHandshakeResponse.java:62)
at org.openqa.selenium.remote.HandshakeResponse.lambda$getResponseFunction$0(HandshakeResponse.java:30)
at org.openqa.selenium.remote.ProtocolHandshake.lambda$createSession$0(ProtocolHandshake.java:126)
at java.util.stream.ReferencePipeline$3$1.accept(ReferencePipeline.java:193)
at java.util.Spliterators$ArraySpliterator.tryAdvance(Spliterators.java:958)
at java.util.stream.ReferencePipeline.forEachWithCancel(ReferencePipeline.java:126)
at java.util.stream.AbstractPipeline.copyIntoWithCancel(AbstractPipeline.java:499)
at java.util.stream.AbstractPipeline.copyInto(AbstractPipeline.java:486)
at java.util.stream.AbstractPipeline.wrapAndCopyInto(AbstractPipeline.java:472)
at java.util.stream.FindOps$FindOp.evaluateSequential(FindOps.java:152)
at java.util.stream.AbstractPipeline.evaluate(AbstractPipeline.java:234)
at java.util.stream.ReferencePipeline.findFirst(ReferencePipeline.java:531)
at org.openqa.selenium.remote.ProtocolHandshake.createSession(ProtocolHandshake.java:128)
at org.openqa.selenium.remote.ProtocolHandshake.createSession(ProtocolHandshake.java:74)
at org.openqa.selenium.remote.HttpCommandExecutor.execute(HttpCommandExecutor.java:136)
at org.openqa.selenium.remote.service.DriverCommandExecutor.execute(DriverCommandExecutor.java:83)
at org.openqa.selenium.remote.RemoteWebDriver.execute(RemoteWebDriver.java:552)
at org.openqa.selenium.remote.RemoteWebDriver.startSession(RemoteWebDriver.java:213)
at org.openqa.selenium.remote.RemoteWebDriver.<init>(RemoteWebDriver.java:131)
at org.openqa.selenium.chrome.ChromeDriver.<init>(ChromeDriver.java:181)
at org.openqa.selenium.chrome.ChromeDriver.<init>(ChromeDriver.java:168)
at org.openqa.selenium.chrome.ChromeDriver.<init>(ChromeDriver.java:123)
at manage_companies.edit_credit_plan.Sign_up(edit_credit_plan.java:15)
at java.util.ArrayList.forEach(ArrayList.java:1259)
... Removed 30 stack frames]]>
    </failure>
  </testcase> <!-- Sign_up -->
  <testcase name="Hold_comp" time="3.001" classname="manage_companies.edit_credit_plan">
    <failure type="java.lang.NullPointerException">
      <![CDATA[java.lang.NullPointerException
at com.Xuriti.admin_panel_main.Manage_Companies_Edit.Edit_company(Manage_Companies_Edit.java:20)
at manage_companies.edit_credit_plan.Hold_comp(edit_credit_plan.java:26)
at java.util.ArrayList.forEach(ArrayList.java:1259)
... Removed 27 stack frames]]>
    </failure>
  </testcase> <!-- Hold_comp -->
  <testcase name="Sign_up" time="0.182" classname="manage_companies.edit_admin_mobile_num">
    <failure type="org.openqa.selenium.WebDriverException" message="unknown error: Chrome failed to start: exited abnormally.
  (unknown error: DevToolsActivePort file doesn&amp;apos;t exist)
  (The process started from chrome location /usr/bin/google-chrome is no longer running, so ChromeDriver is assuming that Chrome has crashed.)
Build info: version: &amp;apos;3.141.59&amp;apos;, revision: &amp;apos;e82be7d358&amp;apos;, time: &amp;apos;2018-11-14T08:17:03&amp;apos;
System info: host: &amp;apos;varsha-HP&amp;apos;, ip: &amp;apos;127.0.1.1&amp;apos;, os.name: &amp;apos;Linux&amp;apos;, os.arch: &amp;apos;amd64&amp;apos;, os.version: &amp;apos;5.13.0-51-generic&amp;apos;, java.version: &amp;apos;1.8.0_312&amp;apos;
Driver info: driver.version: ChromeDriver
remote stacktrace: #0 0x55b5e57e9f33 &amp;lt;unknown&amp;gt;
#1 0x55b5e5534118 &amp;lt;unknown&amp;gt;
#2 0x55b5e5557678 &amp;lt;unknown&amp;gt;
#3 0x55b5e5552d5a &amp;lt;unknown&amp;gt;
#4 0x55b5e558dd3a &amp;lt;unknown&amp;gt;
#5 0x55b5e5587e63 &amp;lt;unknown&amp;gt;
#6 0x55b5e555d82a &amp;lt;unknown&amp;gt;
#7 0x55b5e555e985 &amp;lt;unknown&amp;gt;
#8 0x55b5e582e4cd &amp;lt;unknown&amp;gt;
#9 0x55b5e58325ec &amp;lt;unknown&amp;gt;
#10 0x55b5e581871e &amp;lt;unknown&amp;gt;
#11 0x55b5e5833238 &amp;lt;unknown&amp;gt;
#12 0x55b5e580d870 &amp;lt;unknown&amp;gt;
#13 0x55b5e584f608 &amp;lt;unknown&amp;gt;
#14 0x55b5e584f788 &amp;lt;unknown&amp;gt;
#15 0x55b5e5869f1d &amp;lt;unknown&amp;gt;
#16 0x7fb74fd1e609 &amp;lt;unknown&amp;gt;
">
      <![CDATA[org.openqa.selenium.WebDriverException: unknown error: Chrome failed to start: exited abnormally.
  (unknown error: DevToolsActivePort file doesn't exist)
  (The process started from chrome location /usr/bin/google-chrome is no longer running, so ChromeDriver is assuming that Chrome has crashed.)
Build info: version: '3.141.59', revision: 'e82be7d358', time: '2018-11-14T08:17:03'
System info: host: 'varsha-HP', ip: '127.0.1.1', os.name: 'Linux', os.arch: 'amd64', os.version: '5.13.0-51-generic', java.version: '1.8.0_312'
Driver info: driver.version: ChromeDriver
remote stacktrace: #0 0x55b5e57e9f33 <unknown>
#1 0x55b5e5534118 <unknown>
#2 0x55b5e5557678 <unknown>
#3 0x55b5e5552d5a <unknown>
#4 0x55b5e558dd3a <unknown>
#5 0x55b5e5587e63 <unknown>
#6 0x55b5e555d82a <unknown>
#7 0x55b5e555e985 <unknown>
#8 0x55b5e582e4cd <unknown>
#9 0x55b5e58325ec <unknown>
#10 0x55b5e581871e <unknown>
#11 0x55b5e5833238 <unknown>
#12 0x55b5e580d870 <unknown>
#13 0x55b5e584f608 <unknown>
#14 0x55b5e584f788 <unknown>
#15 0x55b5e5869f1d <unknown>
#16 0x7fb74fd1e609 <unknown>

at org.openqa.selenium.remote.W3CHandshakeResponse.lambda$errorHandler$0(W3CHandshakeResponse.java:62)
at org.openqa.selenium.remote.HandshakeResponse.lambda$getResponseFunction$0(HandshakeResponse.java:30)
at org.openqa.selenium.remote.ProtocolHandshake.lambda$createSession$0(ProtocolHandshake.java:126)
at java.util.stream.ReferencePipeline$3$1.accept(ReferencePipeline.java:193)
at java.util.Spliterators$ArraySpliterator.tryAdvance(Spliterators.java:958)
at java.util.stream.ReferencePipeline.forEachWithCancel(ReferencePipeline.java:126)
at java.util.stream.AbstractPipeline.copyIntoWithCancel(AbstractPipeline.java:499)
at java.util.stream.AbstractPipeline.copyInto(AbstractPipeline.java:486)
at java.util.stream.AbstractPipeline.wrapAndCopyInto(AbstractPipeline.java:472)
at java.util.stream.FindOps$FindOp.evaluateSequential(FindOps.java:152)
at java.util.stream.AbstractPipeline.evaluate(AbstractPipeline.java:234)
at java.util.stream.ReferencePipeline.findFirst(ReferencePipeline.java:531)
at org.openqa.selenium.remote.ProtocolHandshake.createSession(ProtocolHandshake.java:128)
at org.openqa.selenium.remote.ProtocolHandshake.createSession(ProtocolHandshake.java:74)
at org.openqa.selenium.remote.HttpCommandExecutor.execute(HttpCommandExecutor.java:136)
at org.openqa.selenium.remote.service.DriverCommandExecutor.execute(DriverCommandExecutor.java:83)
at org.openqa.selenium.remote.RemoteWebDriver.execute(RemoteWebDriver.java:552)
at org.openqa.selenium.remote.RemoteWebDriver.startSession(RemoteWebDriver.java:213)
at org.openqa.selenium.remote.RemoteWebDriver.<init>(RemoteWebDriver.java:131)
at org.openqa.selenium.chrome.ChromeDriver.<init>(ChromeDriver.java:181)
at org.openqa.selenium.chrome.ChromeDriver.<init>(ChromeDriver.java:168)
at org.openqa.selenium.chrome.ChromeDriver.<init>(ChromeDriver.java:123)
at manage_companies.edit_admin_mobile_num.Sign_up(edit_admin_mobile_num.java:15)
at java.util.ArrayList.forEach(ArrayList.java:1259)
... Removed 30 stack frames]]>
    </failure>
  </testcase> <!-- Sign_up -->
  <testcase name="Hold_comp" time="3.0" classname="manage_companies.edit_admin_mobile_num">
    <failure type="java.lang.NullPointerException">
      <![CDATA[java.lang.NullPointerException
at com.Xuriti.admin_panel_main.Manage_Companies_Edit.Edit_company(Manage_Companies_Edit.java:20)
at manage_companies.edit_admin_mobile_num.Hold_comp(edit_admin_mobile_num.java:26)
at java.util.ArrayList.forEach(ArrayList.java:1259)
... Removed 27 stack frames]]>
    </failure>
  </testcase> <!-- Hold_comp -->
  <testcase name="Sign_up" time="0.129" classname="manage_companies.Search_by_company_name">
    <failure type="org.openqa.selenium.WebDriverException" message="unknown error: Chrome failed to start: exited abnormally.
  (unknown error: DevToolsActivePort file doesn&amp;apos;t exist)
  (The process started from chrome location /usr/bin/google-chrome is no longer running, so ChromeDriver is assuming that Chrome has crashed.)
Build info: version: &amp;apos;3.141.59&amp;apos;, revision: &amp;apos;e82be7d358&amp;apos;, time: &amp;apos;2018-11-14T08:17:03&amp;apos;
System info: host: &amp;apos;varsha-HP&amp;apos;, ip: &amp;apos;127.0.1.1&amp;apos;, os.name: &amp;apos;Linux&amp;apos;, os.arch: &amp;apos;amd64&amp;apos;, os.version: &amp;apos;5.13.0-51-generic&amp;apos;, java.version: &amp;apos;1.8.0_312&amp;apos;
Driver info: driver.version: ChromeDriver
remote stacktrace: #0 0x55a5a8becf33 &amp;lt;unknown&amp;gt;
#1 0x55a5a8937118 &amp;lt;unknown&amp;gt;
#2 0x55a5a895a678 &amp;lt;unknown&amp;gt;
#3 0x55a5a8955d5a &amp;lt;unknown&amp;gt;
#4 0x55a5a8990d3a &amp;lt;unknown&amp;gt;
#5 0x55a5a898ae63 &amp;lt;unknown&amp;gt;
#6 0x55a5a896082a &amp;lt;unknown&amp;gt;
#7 0x55a5a8961985 &amp;lt;unknown&amp;gt;
#8 0x55a5a8c314cd &amp;lt;unknown&amp;gt;
#9 0x55a5a8c355ec &amp;lt;unknown&amp;gt;
#10 0x55a5a8c1b71e &amp;lt;unknown&amp;gt;
#11 0x55a5a8c36238 &amp;lt;unknown&amp;gt;
#12 0x55a5a8c10870 &amp;lt;unknown&amp;gt;
#13 0x55a5a8c52608 &amp;lt;unknown&amp;gt;
#14 0x55a5a8c52788 &amp;lt;unknown&amp;gt;
#15 0x55a5a8c6cf1d &amp;lt;unknown&amp;gt;
#16 0x7f7016426609 &amp;lt;unknown&amp;gt;
">
      <![CDATA[org.openqa.selenium.WebDriverException: unknown error: Chrome failed to start: exited abnormally.
  (unknown error: DevToolsActivePort file doesn't exist)
  (The process started from chrome location /usr/bin/google-chrome is no longer running, so ChromeDriver is assuming that Chrome has crashed.)
Build info: version: '3.141.59', revision: 'e82be7d358', time: '2018-11-14T08:17:03'
System info: host: 'varsha-HP', ip: '127.0.1.1', os.name: 'Linux', os.arch: 'amd64', os.version: '5.13.0-51-generic', java.version: '1.8.0_312'
Driver info: driver.version: ChromeDriver
remote stacktrace: #0 0x55a5a8becf33 <unknown>
#1 0x55a5a8937118 <unknown>
#2 0x55a5a895a678 <unknown>
#3 0x55a5a8955d5a <unknown>
#4 0x55a5a8990d3a <unknown>
#5 0x55a5a898ae63 <unknown>
#6 0x55a5a896082a <unknown>
#7 0x55a5a8961985 <unknown>
#8 0x55a5a8c314cd <unknown>
#9 0x55a5a8c355ec <unknown>
#10 0x55a5a8c1b71e <unknown>
#11 0x55a5a8c36238 <unknown>
#12 0x55a5a8c10870 <unknown>
#13 0x55a5a8c52608 <unknown>
#14 0x55a5a8c52788 <unknown>
#15 0x55a5a8c6cf1d <unknown>
#16 0x7f7016426609 <unknown>

at org.openqa.selenium.remote.W3CHandshakeResponse.lambda$errorHandler$0(W3CHandshakeResponse.java:62)
at org.openqa.selenium.remote.HandshakeResponse.lambda$getResponseFunction$0(HandshakeResponse.java:30)
at org.openqa.selenium.remote.ProtocolHandshake.lambda$createSession$0(ProtocolHandshake.java:126)
at java.util.stream.ReferencePipeline$3$1.accept(ReferencePipeline.java:193)
at java.util.Spliterators$ArraySpliterator.tryAdvance(Spliterators.java:958)
at java.util.stream.ReferencePipeline.forEachWithCancel(ReferencePipeline.java:126)
at java.util.stream.AbstractPipeline.copyIntoWithCancel(AbstractPipeline.java:499)
at java.util.stream.AbstractPipeline.copyInto(AbstractPipeline.java:486)
at java.util.stream.AbstractPipeline.wrapAndCopyInto(AbstractPipeline.java:472)
at java.util.stream.FindOps$FindOp.evaluateSequential(FindOps.java:152)
at java.util.stream.AbstractPipeline.evaluate(AbstractPipeline.java:234)
at java.util.stream.ReferencePipeline.findFirst(ReferencePipeline.java:531)
at org.openqa.selenium.remote.ProtocolHandshake.createSession(ProtocolHandshake.java:128)
at org.openqa.selenium.remote.ProtocolHandshake.createSession(ProtocolHandshake.java:74)
at org.openqa.selenium.remote.HttpCommandExecutor.execute(HttpCommandExecutor.java:136)
at org.openqa.selenium.remote.service.DriverCommandExecutor.execute(DriverCommandExecutor.java:83)
at org.openqa.selenium.remote.RemoteWebDriver.execute(RemoteWebDriver.java:552)
at org.openqa.selenium.remote.RemoteWebDriver.startSession(RemoteWebDriver.java:213)
at org.openqa.selenium.remote.RemoteWebDriver.<init>(RemoteWebDriver.java:131)
at org.openqa.selenium.chrome.ChromeDriver.<init>(ChromeDriver.java:181)
at org.openqa.selenium.chrome.ChromeDriver.<init>(ChromeDriver.java:168)
at org.openqa.selenium.chrome.ChromeDriver.<init>(ChromeDriver.java:123)
at manage_companies.Search_by_company_name.Sign_up(Search_by_company_name.java:15)
at java.util.ArrayList.forEach(ArrayList.java:1259)
... Removed 30 stack frames]]>
    </failure>
  </testcase> <!-- Sign_up -->
  <testcase name="Search_by_comp_name" time="2.001" classname="manage_companies.Search_by_company_name">
    <failure type="java.lang.NullPointerException">
      <![CDATA[java.lang.NullPointerException
at com.Xuriti.admin_panel_main.Manage_Companies_Edit.Search_by_company_name(Manage_Companies_Edit.java:900)
at manage_companies.Search_by_company_name.Search_by_comp_name(Search_by_company_name.java:27)
at java.util.ArrayList.forEach(ArrayList.java:1259)
... Removed 27 stack frames]]>
    </failure>
  </testcase> <!-- Search_by_comp_name -->
  <testcase name="Sign_up" time="0.23" classname="manage_companies.edit_state">
    <failure type="org.openqa.selenium.WebDriverException" message="unknown error: Chrome failed to start: exited abnormally.
  (unknown error: DevToolsActivePort file doesn&amp;apos;t exist)
  (The process started from chrome location /usr/bin/google-chrome is no longer running, so ChromeDriver is assuming that Chrome has crashed.)
Build info: version: &amp;apos;3.141.59&amp;apos;, revision: &amp;apos;e82be7d358&amp;apos;, time: &amp;apos;2018-11-14T08:17:03&amp;apos;
System info: host: &amp;apos;varsha-HP&amp;apos;, ip: &amp;apos;127.0.1.1&amp;apos;, os.name: &amp;apos;Linux&amp;apos;, os.arch: &amp;apos;amd64&amp;apos;, os.version: &amp;apos;5.13.0-51-generic&amp;apos;, java.version: &amp;apos;1.8.0_312&amp;apos;
Driver info: driver.version: ChromeDriver
remote stacktrace: #0 0x56380d01ff33 &amp;lt;unknown&amp;gt;
#1 0x56380cd6a118 &amp;lt;unknown&amp;gt;
#2 0x56380cd8d678 &amp;lt;unknown&amp;gt;
#3 0x56380cd88d5a &amp;lt;unknown&amp;gt;
#4 0x56380cdc3d3a &amp;lt;unknown&amp;gt;
#5 0x56380cdbde63 &amp;lt;unknown&amp;gt;
#6 0x56380cd9382a &amp;lt;unknown&amp;gt;
#7 0x56380cd94985 &amp;lt;unknown&amp;gt;
#8 0x56380d0644cd &amp;lt;unknown&amp;gt;
#9 0x56380d0685ec &amp;lt;unknown&amp;gt;
#10 0x56380d04e71e &amp;lt;unknown&amp;gt;
#11 0x56380d069238 &amp;lt;unknown&amp;gt;
#12 0x56380d043870 &amp;lt;unknown&amp;gt;
#13 0x56380d085608 &amp;lt;unknown&amp;gt;
#14 0x56380d085788 &amp;lt;unknown&amp;gt;
#15 0x56380d09ff1d &amp;lt;unknown&amp;gt;
#16 0x7f9006573609 &amp;lt;unknown&amp;gt;
">
      <![CDATA[org.openqa.selenium.WebDriverException: unknown error: Chrome failed to start: exited abnormally.
  (unknown error: DevToolsActivePort file doesn't exist)
  (The process started from chrome location /usr/bin/google-chrome is no longer running, so ChromeDriver is assuming that Chrome has crashed.)
Build info: version: '3.141.59', revision: 'e82be7d358', time: '2018-11-14T08:17:03'
System info: host: 'varsha-HP', ip: '127.0.1.1', os.name: 'Linux', os.arch: 'amd64', os.version: '5.13.0-51-generic', java.version: '1.8.0_312'
Driver info: driver.version: ChromeDriver
remote stacktrace: #0 0x56380d01ff33 <unknown>
#1 0x56380cd6a118 <unknown>
#2 0x56380cd8d678 <unknown>
#3 0x56380cd88d5a <unknown>
#4 0x56380cdc3d3a <unknown>
#5 0x56380cdbde63 <unknown>
#6 0x56380cd9382a <unknown>
#7 0x56380cd94985 <unknown>
#8 0x56380d0644cd <unknown>
#9 0x56380d0685ec <unknown>
#10 0x56380d04e71e <unknown>
#11 0x56380d069238 <unknown>
#12 0x56380d043870 <unknown>
#13 0x56380d085608 <unknown>
#14 0x56380d085788 <unknown>
#15 0x56380d09ff1d <unknown>
#16 0x7f9006573609 <unknown>

at org.openqa.selenium.remote.W3CHandshakeResponse.lambda$errorHandler$0(W3CHandshakeResponse.java:62)
at org.openqa.selenium.remote.HandshakeResponse.lambda$getResponseFunction$0(HandshakeResponse.java:30)
at org.openqa.selenium.remote.ProtocolHandshake.lambda$createSession$0(ProtocolHandshake.java:126)
at java.util.stream.ReferencePipeline$3$1.accept(ReferencePipeline.java:193)
at java.util.Spliterators$ArraySpliterator.tryAdvance(Spliterators.java:958)
at java.util.stream.ReferencePipeline.forEachWithCancel(ReferencePipeline.java:126)
at java.util.stream.AbstractPipeline.copyIntoWithCancel(AbstractPipeline.java:499)
at java.util.stream.AbstractPipeline.copyInto(AbstractPipeline.java:486)
at java.util.stream.AbstractPipeline.wrapAndCopyInto(AbstractPipeline.java:472)
at java.util.stream.FindOps$FindOp.evaluateSequential(FindOps.java:152)
at java.util.stream.AbstractPipeline.evaluate(AbstractPipeline.java:234)
at java.util.stream.ReferencePipeline.findFirst(ReferencePipeline.java:531)
at org.openqa.selenium.remote.ProtocolHandshake.createSession(ProtocolHandshake.java:128)
at org.openqa.selenium.remote.ProtocolHandshake.createSession(ProtocolHandshake.java:74)
at org.openqa.selenium.remote.HttpCommandExecutor.execute(HttpCommandExecutor.java:136)
at org.openqa.selenium.remote.service.DriverCommandExecutor.execute(DriverCommandExecutor.java:83)
at org.openqa.selenium.remote.RemoteWebDriver.execute(RemoteWebDriver.java:552)
at org.openqa.selenium.remote.RemoteWebDriver.startSession(RemoteWebDriver.java:213)
at org.openqa.selenium.remote.RemoteWebDriver.<init>(RemoteWebDriver.java:131)
at org.openqa.selenium.chrome.ChromeDriver.<init>(ChromeDriver.java:181)
at org.openqa.selenium.chrome.ChromeDriver.<init>(ChromeDriver.java:168)
at org.openqa.selenium.chrome.ChromeDriver.<init>(ChromeDriver.java:123)
at manage_companies.edit_state.Sign_up(edit_state.java:15)
at java.util.ArrayList.forEach(ArrayList.java:1259)
... Removed 30 stack frames]]>
    </failure>
  </testcase> <!-- Sign_up -->
  <testcase name="Hold_comp" time="3.001" classname="manage_companies.edit_state">
    <failure type="java.lang.NullPointerException">
      <![CDATA[java.lang.NullPointerException
at com.Xuriti.admin_panel_main.Manage_Companies_Edit.Edit_company(Manage_Companies_Edit.java:20)
at manage_companies.edit_state.Hold_comp(edit_state.java:26)
at java.util.ArrayList.forEach(ArrayList.java:1259)
... Removed 27 stack frames]]>
    </failure>
  </testcase> <!-- Hold_comp -->
  <testcase name="Sign_up" time="0.179" classname="manage_companies.edit_TAN">
    <failure type="org.openqa.selenium.WebDriverException" message="unknown error: Chrome failed to start: exited abnormally.
  (unknown error: DevToolsActivePort file doesn&amp;apos;t exist)
  (The process started from chrome location /usr/bin/google-chrome is no longer running, so ChromeDriver is assuming that Chrome has crashed.)
Build info: version: &amp;apos;3.141.59&amp;apos;, revision: &amp;apos;e82be7d358&amp;apos;, time: &amp;apos;2018-11-14T08:17:03&amp;apos;
System info: host: &amp;apos;varsha-HP&amp;apos;, ip: &amp;apos;127.0.1.1&amp;apos;, os.name: &amp;apos;Linux&amp;apos;, os.arch: &amp;apos;amd64&amp;apos;, os.version: &amp;apos;5.13.0-51-generic&amp;apos;, java.version: &amp;apos;1.8.0_312&amp;apos;
Driver info: driver.version: ChromeDriver
remote stacktrace: #0 0x55f6edf84f33 &amp;lt;unknown&amp;gt;
#1 0x55f6edccf118 &amp;lt;unknown&amp;gt;
#2 0x55f6edcf2678 &amp;lt;unknown&amp;gt;
#3 0x55f6edcedd5a &amp;lt;unknown&amp;gt;
#4 0x55f6edd28d3a &amp;lt;unknown&amp;gt;
#5 0x55f6edd22e63 &amp;lt;unknown&amp;gt;
#6 0x55f6edcf882a &amp;lt;unknown&amp;gt;
#7 0x55f6edcf9985 &amp;lt;unknown&amp;gt;
#8 0x55f6edfc94cd &amp;lt;unknown&amp;gt;
#9 0x55f6edfcd5ec &amp;lt;unknown&amp;gt;
#10 0x55f6edfb371e &amp;lt;unknown&amp;gt;
#11 0x55f6edfce238 &amp;lt;unknown&amp;gt;
#12 0x55f6edfa8870 &amp;lt;unknown&amp;gt;
#13 0x55f6edfea608 &amp;lt;unknown&amp;gt;
#14 0x55f6edfea788 &amp;lt;unknown&amp;gt;
#15 0x55f6ee004f1d &amp;lt;unknown&amp;gt;
#16 0x7fe9a0f67609 &amp;lt;unknown&amp;gt;
">
      <![CDATA[org.openqa.selenium.WebDriverException: unknown error: Chrome failed to start: exited abnormally.
  (unknown error: DevToolsActivePort file doesn't exist)
  (The process started from chrome location /usr/bin/google-chrome is no longer running, so ChromeDriver is assuming that Chrome has crashed.)
Build info: version: '3.141.59', revision: 'e82be7d358', time: '2018-11-14T08:17:03'
System info: host: 'varsha-HP', ip: '127.0.1.1', os.name: 'Linux', os.arch: 'amd64', os.version: '5.13.0-51-generic', java.version: '1.8.0_312'
Driver info: driver.version: ChromeDriver
remote stacktrace: #0 0x55f6edf84f33 <unknown>
#1 0x55f6edccf118 <unknown>
#2 0x55f6edcf2678 <unknown>
#3 0x55f6edcedd5a <unknown>
#4 0x55f6edd28d3a <unknown>
#5 0x55f6edd22e63 <unknown>
#6 0x55f6edcf882a <unknown>
#7 0x55f6edcf9985 <unknown>
#8 0x55f6edfc94cd <unknown>
#9 0x55f6edfcd5ec <unknown>
#10 0x55f6edfb371e <unknown>
#11 0x55f6edfce238 <unknown>
#12 0x55f6edfa8870 <unknown>
#13 0x55f6edfea608 <unknown>
#14 0x55f6edfea788 <unknown>
#15 0x55f6ee004f1d <unknown>
#16 0x7fe9a0f67609 <unknown>

at org.openqa.selenium.remote.W3CHandshakeResponse.lambda$errorHandler$0(W3CHandshakeResponse.java:62)
at org.openqa.selenium.remote.HandshakeResponse.lambda$getResponseFunction$0(HandshakeResponse.java:30)
at org.openqa.selenium.remote.ProtocolHandshake.lambda$createSession$0(ProtocolHandshake.java:126)
at java.util.stream.ReferencePipeline$3$1.accept(ReferencePipeline.java:193)
at java.util.Spliterators$ArraySpliterator.tryAdvance(Spliterators.java:958)
at java.util.stream.ReferencePipeline.forEachWithCancel(ReferencePipeline.java:126)
at java.util.stream.AbstractPipeline.copyIntoWithCancel(AbstractPipeline.java:499)
at java.util.stream.AbstractPipeline.copyInto(AbstractPipeline.java:486)
at java.util.stream.AbstractPipeline.wrapAndCopyInto(AbstractPipeline.java:472)
at java.util.stream.FindOps$FindOp.evaluateSequential(FindOps.java:152)
at java.util.stream.AbstractPipeline.evaluate(AbstractPipeline.java:234)
at java.util.stream.ReferencePipeline.findFirst(ReferencePipeline.java:531)
at org.openqa.selenium.remote.ProtocolHandshake.createSession(ProtocolHandshake.java:128)
at org.openqa.selenium.remote.ProtocolHandshake.createSession(ProtocolHandshake.java:74)
at org.openqa.selenium.remote.HttpCommandExecutor.execute(HttpCommandExecutor.java:136)
at org.openqa.selenium.remote.service.DriverCommandExecutor.execute(DriverCommandExecutor.java:83)
at org.openqa.selenium.remote.RemoteWebDriver.execute(RemoteWebDriver.java:552)
at org.openqa.selenium.remote.RemoteWebDriver.startSession(RemoteWebDriver.java:213)
at org.openqa.selenium.remote.RemoteWebDriver.<init>(RemoteWebDriver.java:131)
at org.openqa.selenium.chrome.ChromeDriver.<init>(ChromeDriver.java:181)
at org.openqa.selenium.chrome.ChromeDriver.<init>(ChromeDriver.java:168)
at org.openqa.selenium.chrome.ChromeDriver.<init>(ChromeDriver.java:123)
at manage_companies.edit_TAN.Sign_up(edit_TAN.java:15)
at java.util.ArrayList.forEach(ArrayList.java:1259)
... Removed 30 stack frames]]>
    </failure>
  </testcase> <!-- Sign_up -->
  <testcase name="Hold_comp" time="3.001" classname="manage_companies.edit_TAN">
    <failure type="java.lang.NullPointerException">
      <![CDATA[java.lang.NullPointerException
at com.Xuriti.admin_panel_main.Manage_Companies_Edit.Edit_company(Manage_Companies_Edit.java:20)
at manage_companies.edit_TAN.Hold_comp(edit_TAN.java:26)
at java.util.ArrayList.forEach(ArrayList.java:1259)
... Removed 27 stack frames]]>
    </failure>
  </testcase> <!-- Hold_comp -->
  <testcase name="Sign_up" time="0.232" classname="manage_companies.edit_company_email_add">
    <failure type="org.openqa.selenium.WebDriverException" message="unknown error: Chrome failed to start: exited abnormally.
  (unknown error: DevToolsActivePort file doesn&amp;apos;t exist)
  (The process started from chrome location /usr/bin/google-chrome is no longer running, so ChromeDriver is assuming that Chrome has crashed.)
Build info: version: &amp;apos;3.141.59&amp;apos;, revision: &amp;apos;e82be7d358&amp;apos;, time: &amp;apos;2018-11-14T08:17:03&amp;apos;
System info: host: &amp;apos;varsha-HP&amp;apos;, ip: &amp;apos;127.0.1.1&amp;apos;, os.name: &amp;apos;Linux&amp;apos;, os.arch: &amp;apos;amd64&amp;apos;, os.version: &amp;apos;5.13.0-51-generic&amp;apos;, java.version: &amp;apos;1.8.0_312&amp;apos;
Driver info: driver.version: ChromeDriver
remote stacktrace: #0 0x56484362bf33 &amp;lt;unknown&amp;gt;
#1 0x564843376118 &amp;lt;unknown&amp;gt;
#2 0x564843399678 &amp;lt;unknown&amp;gt;
#3 0x564843394d5a &amp;lt;unknown&amp;gt;
#4 0x5648433cfd3a &amp;lt;unknown&amp;gt;
#5 0x5648433c9e63 &amp;lt;unknown&amp;gt;
#6 0x56484339f82a &amp;lt;unknown&amp;gt;
#7 0x5648433a0985 &amp;lt;unknown&amp;gt;
#8 0x5648436704cd &amp;lt;unknown&amp;gt;
#9 0x5648436745ec &amp;lt;unknown&amp;gt;
#10 0x56484365a71e &amp;lt;unknown&amp;gt;
#11 0x564843675238 &amp;lt;unknown&amp;gt;
#12 0x56484364f870 &amp;lt;unknown&amp;gt;
#13 0x564843691608 &amp;lt;unknown&amp;gt;
#14 0x564843691788 &amp;lt;unknown&amp;gt;
#15 0x5648436abf1d &amp;lt;unknown&amp;gt;
#16 0x7fc768e0f609 &amp;lt;unknown&amp;gt;
">
      <![CDATA[org.openqa.selenium.WebDriverException: unknown error: Chrome failed to start: exited abnormally.
  (unknown error: DevToolsActivePort file doesn't exist)
  (The process started from chrome location /usr/bin/google-chrome is no longer running, so ChromeDriver is assuming that Chrome has crashed.)
Build info: version: '3.141.59', revision: 'e82be7d358', time: '2018-11-14T08:17:03'
System info: host: 'varsha-HP', ip: '127.0.1.1', os.name: 'Linux', os.arch: 'amd64', os.version: '5.13.0-51-generic', java.version: '1.8.0_312'
Driver info: driver.version: ChromeDriver
remote stacktrace: #0 0x56484362bf33 <unknown>
#1 0x564843376118 <unknown>
#2 0x564843399678 <unknown>
#3 0x564843394d5a <unknown>
#4 0x5648433cfd3a <unknown>
#5 0x5648433c9e63 <unknown>
#6 0x56484339f82a <unknown>
#7 0x5648433a0985 <unknown>
#8 0x5648436704cd <unknown>
#9 0x5648436745ec <unknown>
#10 0x56484365a71e <unknown>
#11 0x564843675238 <unknown>
#12 0x56484364f870 <unknown>
#13 0x564843691608 <unknown>
#14 0x564843691788 <unknown>
#15 0x5648436abf1d <unknown>
#16 0x7fc768e0f609 <unknown>

at org.openqa.selenium.remote.W3CHandshakeResponse.lambda$errorHandler$0(W3CHandshakeResponse.java:62)
at org.openqa.selenium.remote.HandshakeResponse.lambda$getResponseFunction$0(HandshakeResponse.java:30)
at org.openqa.selenium.remote.ProtocolHandshake.lambda$createSession$0(ProtocolHandshake.java:126)
at java.util.stream.ReferencePipeline$3$1.accept(ReferencePipeline.java:193)
at java.util.Spliterators$ArraySpliterator.tryAdvance(Spliterators.java:958)
at java.util.stream.ReferencePipeline.forEachWithCancel(ReferencePipeline.java:126)
at java.util.stream.AbstractPipeline.copyIntoWithCancel(AbstractPipeline.java:499)
at java.util.stream.AbstractPipeline.copyInto(AbstractPipeline.java:486)
at java.util.stream.AbstractPipeline.wrapAndCopyInto(AbstractPipeline.java:472)
at java.util.stream.FindOps$FindOp.evaluateSequential(FindOps.java:152)
at java.util.stream.AbstractPipeline.evaluate(AbstractPipeline.java:234)
at java.util.stream.ReferencePipeline.findFirst(ReferencePipeline.java:531)
at org.openqa.selenium.remote.ProtocolHandshake.createSession(ProtocolHandshake.java:128)
at org.openqa.selenium.remote.ProtocolHandshake.createSession(ProtocolHandshake.java:74)
at org.openqa.selenium.remote.HttpCommandExecutor.execute(HttpCommandExecutor.java:136)
at org.openqa.selenium.remote.service.DriverCommandExecutor.execute(DriverCommandExecutor.java:83)
at org.openqa.selenium.remote.RemoteWebDriver.execute(RemoteWebDriver.java:552)
at org.openqa.selenium.remote.RemoteWebDriver.startSession(RemoteWebDriver.java:213)
at org.openqa.selenium.remote.RemoteWebDriver.<init>(RemoteWebDriver.java:131)
at org.openqa.selenium.chrome.ChromeDriver.<init>(ChromeDriver.java:181)
at org.openqa.selenium.chrome.ChromeDriver.<init>(ChromeDriver.java:168)
at org.openqa.selenium.chrome.ChromeDriver.<init>(ChromeDriver.java:123)
at manage_companies.edit_company_email_add.Sign_up(edit_company_email_add.java:15)
at java.util.ArrayList.forEach(ArrayList.java:1259)
... Removed 30 stack frames]]>
    </failure>
  </testcase> <!-- Sign_up -->
  <testcase name="Hold_comp" time="3.001" classname="manage_companies.edit_company_email_add">
    <failure type="java.lang.NullPointerException">
      <![CDATA[java.lang.NullPointerException
at com.Xuriti.admin_panel_main.Manage_Companies_Edit.Edit_company(Manage_Companies_Edit.java:20)
at manage_companies.edit_company_email_add.Hold_comp(edit_company_email_add.java:26)
at java.util.ArrayList.forEach(ArrayList.java:1259)
... Removed 27 stack frames]]>
    </failure>
  </testcase> <!-- Hold_comp -->
  <testcase name="Sign_up" time="0.181" classname="manage_companies.edit_Intrest">
    <failure type="org.openqa.selenium.WebDriverException" message="unknown error: Chrome failed to start: exited abnormally.
  (unknown error: DevToolsActivePort file doesn&amp;apos;t exist)
  (The process started from chrome location /usr/bin/google-chrome is no longer running, so ChromeDriver is assuming that Chrome has crashed.)
Build info: version: &amp;apos;3.141.59&amp;apos;, revision: &amp;apos;e82be7d358&amp;apos;, time: &amp;apos;2018-11-14T08:17:03&amp;apos;
System info: host: &amp;apos;varsha-HP&amp;apos;, ip: &amp;apos;127.0.1.1&amp;apos;, os.name: &amp;apos;Linux&amp;apos;, os.arch: &amp;apos;amd64&amp;apos;, os.version: &amp;apos;5.13.0-51-generic&amp;apos;, java.version: &amp;apos;1.8.0_312&amp;apos;
Driver info: driver.version: ChromeDriver
remote stacktrace: #0 0x564e1e9e3f33 &amp;lt;unknown&amp;gt;
#1 0x564e1e72e118 &amp;lt;unknown&amp;gt;
#2 0x564e1e751678 &amp;lt;unknown&amp;gt;
#3 0x564e1e74cd5a &amp;lt;unknown&amp;gt;
#4 0x564e1e787d3a &amp;lt;unknown&amp;gt;
#5 0x564e1e781e63 &amp;lt;unknown&amp;gt;
#6 0x564e1e75782a &amp;lt;unknown&amp;gt;
#7 0x564e1e758985 &amp;lt;unknown&amp;gt;
#8 0x564e1ea284cd &amp;lt;unknown&amp;gt;
#9 0x564e1ea2c5ec &amp;lt;unknown&amp;gt;
#10 0x564e1ea1271e &amp;lt;unknown&amp;gt;
#11 0x564e1ea2d238 &amp;lt;unknown&amp;gt;
#12 0x564e1ea07870 &amp;lt;unknown&amp;gt;
#13 0x564e1ea49608 &amp;lt;unknown&amp;gt;
#14 0x564e1ea49788 &amp;lt;unknown&amp;gt;
#15 0x564e1ea63f1d &amp;lt;unknown&amp;gt;
#16 0x7f49bcc65609 &amp;lt;unknown&amp;gt;
">
      <![CDATA[org.openqa.selenium.WebDriverException: unknown error: Chrome failed to start: exited abnormally.
  (unknown error: DevToolsActivePort file doesn't exist)
  (The process started from chrome location /usr/bin/google-chrome is no longer running, so ChromeDriver is assuming that Chrome has crashed.)
Build info: version: '3.141.59', revision: 'e82be7d358', time: '2018-11-14T08:17:03'
System info: host: 'varsha-HP', ip: '127.0.1.1', os.name: 'Linux', os.arch: 'amd64', os.version: '5.13.0-51-generic', java.version: '1.8.0_312'
Driver info: driver.version: ChromeDriver
remote stacktrace: #0 0x564e1e9e3f33 <unknown>
#1 0x564e1e72e118 <unknown>
#2 0x564e1e751678 <unknown>
#3 0x564e1e74cd5a <unknown>
#4 0x564e1e787d3a <unknown>
#5 0x564e1e781e63 <unknown>
#6 0x564e1e75782a <unknown>
#7 0x564e1e758985 <unknown>
#8 0x564e1ea284cd <unknown>
#9 0x564e1ea2c5ec <unknown>
#10 0x564e1ea1271e <unknown>
#11 0x564e1ea2d238 <unknown>
#12 0x564e1ea07870 <unknown>
#13 0x564e1ea49608 <unknown>
#14 0x564e1ea49788 <unknown>
#15 0x564e1ea63f1d <unknown>
#16 0x7f49bcc65609 <unknown>

at org.openqa.selenium.remote.W3CHandshakeResponse.lambda$errorHandler$0(W3CHandshakeResponse.java:62)
at org.openqa.selenium.remote.HandshakeResponse.lambda$getResponseFunction$0(HandshakeResponse.java:30)
at org.openqa.selenium.remote.ProtocolHandshake.lambda$createSession$0(ProtocolHandshake.java:126)
at java.util.stream.ReferencePipeline$3$1.accept(ReferencePipeline.java:193)
at java.util.Spliterators$ArraySpliterator.tryAdvance(Spliterators.java:958)
at java.util.stream.ReferencePipeline.forEachWithCancel(ReferencePipeline.java:126)
at java.util.stream.AbstractPipeline.copyIntoWithCancel(AbstractPipeline.java:499)
at java.util.stream.AbstractPipeline.copyInto(AbstractPipeline.java:486)
at java.util.stream.AbstractPipeline.wrapAndCopyInto(AbstractPipeline.java:472)
at java.util.stream.FindOps$FindOp.evaluateSequential(FindOps.java:152)
at java.util.stream.AbstractPipeline.evaluate(AbstractPipeline.java:234)
at java.util.stream.ReferencePipeline.findFirst(ReferencePipeline.java:531)
at org.openqa.selenium.remote.ProtocolHandshake.createSession(ProtocolHandshake.java:128)
at org.openqa.selenium.remote.ProtocolHandshake.createSession(ProtocolHandshake.java:74)
at org.openqa.selenium.remote.HttpCommandExecutor.execute(HttpCommandExecutor.java:136)
at org.openqa.selenium.remote.service.DriverCommandExecutor.execute(DriverCommandExecutor.java:83)
at org.openqa.selenium.remote.RemoteWebDriver.execute(RemoteWebDriver.java:552)
at org.openqa.selenium.remote.RemoteWebDriver.startSession(RemoteWebDriver.java:213)
at org.openqa.selenium.remote.RemoteWebDriver.<init>(RemoteWebDriver.java:131)
at org.openqa.selenium.chrome.ChromeDriver.<init>(ChromeDriver.java:181)
at org.openqa.selenium.chrome.ChromeDriver.<init>(ChromeDriver.java:168)
at org.openqa.selenium.chrome.ChromeDriver.<init>(ChromeDriver.java:123)
at manage_companies.edit_Intrest.Sign_up(edit_Intrest.java:15)
at java.util.ArrayList.forEach(ArrayList.java:1259)
... Removed 30 stack frames]]>
    </failure>
  </testcase> <!-- Sign_up -->
  <testcase name="Hold_comp" time="3.001" classname="manage_companies.edit_Intrest">
    <failure type="java.lang.NullPointerException">
      <![CDATA[java.lang.NullPointerException
at com.Xuriti.admin_panel_main.Manage_Companies_Edit.Edit_company(Manage_Companies_Edit.java:20)
at manage_companies.edit_Intrest.Hold_comp(edit_Intrest.java:26)
at java.util.ArrayList.forEach(ArrayList.java:1259)
... Removed 27 stack frames]]>
    </failure>
  </testcase> <!-- Hold_comp -->
  <testcase name="Sign_up" time="0.128" classname="manage_companies.edit_CIN">
    <failure type="org.openqa.selenium.WebDriverException" message="unknown error: Chrome failed to start: exited abnormally.
  (unknown error: DevToolsActivePort file doesn&amp;apos;t exist)
  (The process started from chrome location /usr/bin/google-chrome is no longer running, so ChromeDriver is assuming that Chrome has crashed.)
Build info: version: &amp;apos;3.141.59&amp;apos;, revision: &amp;apos;e82be7d358&amp;apos;, time: &amp;apos;2018-11-14T08:17:03&amp;apos;
System info: host: &amp;apos;varsha-HP&amp;apos;, ip: &amp;apos;127.0.1.1&amp;apos;, os.name: &amp;apos;Linux&amp;apos;, os.arch: &amp;apos;amd64&amp;apos;, os.version: &amp;apos;5.13.0-51-generic&amp;apos;, java.version: &amp;apos;1.8.0_312&amp;apos;
Driver info: driver.version: ChromeDriver
remote stacktrace: #0 0x55952082bf33 &amp;lt;unknown&amp;gt;
#1 0x559520576118 &amp;lt;unknown&amp;gt;
#2 0x559520599678 &amp;lt;unknown&amp;gt;
#3 0x559520594d5a &amp;lt;unknown&amp;gt;
#4 0x5595205cfd3a &amp;lt;unknown&amp;gt;
#5 0x5595205c9e63 &amp;lt;unknown&amp;gt;
#6 0x55952059f82a &amp;lt;unknown&amp;gt;
#7 0x5595205a0985 &amp;lt;unknown&amp;gt;
#8 0x5595208704cd &amp;lt;unknown&amp;gt;
#9 0x5595208745ec &amp;lt;unknown&amp;gt;
#10 0x55952085a71e &amp;lt;unknown&amp;gt;
#11 0x559520875238 &amp;lt;unknown&amp;gt;
#12 0x55952084f870 &amp;lt;unknown&amp;gt;
#13 0x559520891608 &amp;lt;unknown&amp;gt;
#14 0x559520891788 &amp;lt;unknown&amp;gt;
#15 0x5595208abf1d &amp;lt;unknown&amp;gt;
#16 0x7f8be2ea5609 &amp;lt;unknown&amp;gt;
">
      <![CDATA[org.openqa.selenium.WebDriverException: unknown error: Chrome failed to start: exited abnormally.
  (unknown error: DevToolsActivePort file doesn't exist)
  (The process started from chrome location /usr/bin/google-chrome is no longer running, so ChromeDriver is assuming that Chrome has crashed.)
Build info: version: '3.141.59', revision: 'e82be7d358', time: '2018-11-14T08:17:03'
System info: host: 'varsha-HP', ip: '127.0.1.1', os.name: 'Linux', os.arch: 'amd64', os.version: '5.13.0-51-generic', java.version: '1.8.0_312'
Driver info: driver.version: ChromeDriver
remote stacktrace: #0 0x55952082bf33 <unknown>
#1 0x559520576118 <unknown>
#2 0x559520599678 <unknown>
#3 0x559520594d5a <unknown>
#4 0x5595205cfd3a <unknown>
#5 0x5595205c9e63 <unknown>
#6 0x55952059f82a <unknown>
#7 0x5595205a0985 <unknown>
#8 0x5595208704cd <unknown>
#9 0x5595208745ec <unknown>
#10 0x55952085a71e <unknown>
#11 0x559520875238 <unknown>
#12 0x55952084f870 <unknown>
#13 0x559520891608 <unknown>
#14 0x559520891788 <unknown>
#15 0x5595208abf1d <unknown>
#16 0x7f8be2ea5609 <unknown>

at org.openqa.selenium.remote.W3CHandshakeResponse.lambda$errorHandler$0(W3CHandshakeResponse.java:62)
at org.openqa.selenium.remote.HandshakeResponse.lambda$getResponseFunction$0(HandshakeResponse.java:30)
at org.openqa.selenium.remote.ProtocolHandshake.lambda$createSession$0(ProtocolHandshake.java:126)
at java.util.stream.ReferencePipeline$3$1.accept(ReferencePipeline.java:193)
at java.util.Spliterators$ArraySpliterator.tryAdvance(Spliterators.java:958)
at java.util.stream.ReferencePipeline.forEachWithCancel(ReferencePipeline.java:126)
at java.util.stream.AbstractPipeline.copyIntoWithCancel(AbstractPipeline.java:499)
at java.util.stream.AbstractPipeline.copyInto(AbstractPipeline.java:486)
at java.util.stream.AbstractPipeline.wrapAndCopyInto(AbstractPipeline.java:472)
at java.util.stream.FindOps$FindOp.evaluateSequential(FindOps.java:152)
at java.util.stream.AbstractPipeline.evaluate(AbstractPipeline.java:234)
at java.util.stream.ReferencePipeline.findFirst(ReferencePipeline.java:531)
at org.openqa.selenium.remote.ProtocolHandshake.createSession(ProtocolHandshake.java:128)
at org.openqa.selenium.remote.ProtocolHandshake.createSession(ProtocolHandshake.java:74)
at org.openqa.selenium.remote.HttpCommandExecutor.execute(HttpCommandExecutor.java:136)
at org.openqa.selenium.remote.service.DriverCommandExecutor.execute(DriverCommandExecutor.java:83)
at org.openqa.selenium.remote.RemoteWebDriver.execute(RemoteWebDriver.java:552)
at org.openqa.selenium.remote.RemoteWebDriver.startSession(RemoteWebDriver.java:213)
at org.openqa.selenium.remote.RemoteWebDriver.<init>(RemoteWebDriver.java:131)
at org.openqa.selenium.chrome.ChromeDriver.<init>(ChromeDriver.java:181)
at org.openqa.selenium.chrome.ChromeDriver.<init>(ChromeDriver.java:168)
at org.openqa.selenium.chrome.ChromeDriver.<init>(ChromeDriver.java:123)
at manage_companies.edit_CIN.Sign_up(edit_CIN.java:15)
at java.util.ArrayList.forEach(ArrayList.java:1259)
... Removed 30 stack frames]]>
    </failure>
  </testcase> <!-- Sign_up -->
  <testcase name="Hold_comp" time="3.0" classname="manage_companies.edit_CIN">
    <failure type="java.lang.NullPointerException">
      <![CDATA[java.lang.NullPointerException
at com.Xuriti.admin_panel_main.Manage_Companies_Edit.Edit_company(Manage_Companies_Edit.java:20)
at manage_companies.edit_CIN.Hold_comp(edit_CIN.java:26)
at java.util.ArrayList.forEach(ArrayList.java:1259)
... Removed 27 stack frames]]>
    </failure>
  </testcase> <!-- Hold_comp -->
  <testcase name="Sign_up" time="0.179" classname="manage_companies.Company_status_inactive">
    <failure type="org.openqa.selenium.WebDriverException" message="unknown error: Chrome failed to start: exited abnormally.
  (unknown error: DevToolsActivePort file doesn&amp;apos;t exist)
  (The process started from chrome location /usr/bin/google-chrome is no longer running, so ChromeDriver is assuming that Chrome has crashed.)
Build info: version: &amp;apos;3.141.59&amp;apos;, revision: &amp;apos;e82be7d358&amp;apos;, time: &amp;apos;2018-11-14T08:17:03&amp;apos;
System info: host: &amp;apos;varsha-HP&amp;apos;, ip: &amp;apos;127.0.1.1&amp;apos;, os.name: &amp;apos;Linux&amp;apos;, os.arch: &amp;apos;amd64&amp;apos;, os.version: &amp;apos;5.13.0-51-generic&amp;apos;, java.version: &amp;apos;1.8.0_312&amp;apos;
Driver info: driver.version: ChromeDriver
remote stacktrace: #0 0x563a8c8e2f33 &amp;lt;unknown&amp;gt;
#1 0x563a8c62d118 &amp;lt;unknown&amp;gt;
#2 0x563a8c650678 &amp;lt;unknown&amp;gt;
#3 0x563a8c64bd5a &amp;lt;unknown&amp;gt;
#4 0x563a8c686d3a &amp;lt;unknown&amp;gt;
#5 0x563a8c680e63 &amp;lt;unknown&amp;gt;
#6 0x563a8c65682a &amp;lt;unknown&amp;gt;
#7 0x563a8c657985 &amp;lt;unknown&amp;gt;
#8 0x563a8c9274cd &amp;lt;unknown&amp;gt;
#9 0x563a8c92b5ec &amp;lt;unknown&amp;gt;
#10 0x563a8c91171e &amp;lt;unknown&amp;gt;
#11 0x563a8c92c238 &amp;lt;unknown&amp;gt;
#12 0x563a8c906870 &amp;lt;unknown&amp;gt;
#13 0x563a8c948608 &amp;lt;unknown&amp;gt;
#14 0x563a8c948788 &amp;lt;unknown&amp;gt;
#15 0x563a8c962f1d &amp;lt;unknown&amp;gt;
#16 0x7fd7bfda1609 &amp;lt;unknown&amp;gt;
">
      <![CDATA[org.openqa.selenium.WebDriverException: unknown error: Chrome failed to start: exited abnormally.
  (unknown error: DevToolsActivePort file doesn't exist)
  (The process started from chrome location /usr/bin/google-chrome is no longer running, so ChromeDriver is assuming that Chrome has crashed.)
Build info: version: '3.141.59', revision: 'e82be7d358', time: '2018-11-14T08:17:03'
System info: host: 'varsha-HP', ip: '127.0.1.1', os.name: 'Linux', os.arch: 'amd64', os.version: '5.13.0-51-generic', java.version: '1.8.0_312'
Driver info: driver.version: ChromeDriver
remote stacktrace: #0 0x563a8c8e2f33 <unknown>
#1 0x563a8c62d118 <unknown>
#2 0x563a8c650678 <unknown>
#3 0x563a8c64bd5a <unknown>
#4 0x563a8c686d3a <unknown>
#5 0x563a8c680e63 <unknown>
#6 0x563a8c65682a <unknown>
#7 0x563a8c657985 <unknown>
#8 0x563a8c9274cd <unknown>
#9 0x563a8c92b5ec <unknown>
#10 0x563a8c91171e <unknown>
#11 0x563a8c92c238 <unknown>
#12 0x563a8c906870 <unknown>
#13 0x563a8c948608 <unknown>
#14 0x563a8c948788 <unknown>
#15 0x563a8c962f1d <unknown>
#16 0x7fd7bfda1609 <unknown>

at org.openqa.selenium.remote.W3CHandshakeResponse.lambda$errorHandler$0(W3CHandshakeResponse.java:62)
at org.openqa.selenium.remote.HandshakeResponse.lambda$getResponseFunction$0(HandshakeResponse.java:30)
at org.openqa.selenium.remote.ProtocolHandshake.lambda$createSession$0(ProtocolHandshake.java:126)
at java.util.stream.ReferencePipeline$3$1.accept(ReferencePipeline.java:193)
at java.util.Spliterators$ArraySpliterator.tryAdvance(Spliterators.java:958)
at java.util.stream.ReferencePipeline.forEachWithCancel(ReferencePipeline.java:126)
at java.util.stream.AbstractPipeline.copyIntoWithCancel(AbstractPipeline.java:499)
at java.util.stream.AbstractPipeline.copyInto(AbstractPipeline.java:486)
at java.util.stream.AbstractPipeline.wrapAndCopyInto(AbstractPipeline.java:472)
at java.util.stream.FindOps$FindOp.evaluateSequential(FindOps.java:152)
at java.util.stream.AbstractPipeline.evaluate(AbstractPipeline.java:234)
at java.util.stream.ReferencePipeline.findFirst(ReferencePipeline.java:531)
at org.openqa.selenium.remote.ProtocolHandshake.createSession(ProtocolHandshake.java:128)
at org.openqa.selenium.remote.ProtocolHandshake.createSession(ProtocolHandshake.java:74)
at org.openqa.selenium.remote.HttpCommandExecutor.execute(HttpCommandExecutor.java:136)
at org.openqa.selenium.remote.service.DriverCommandExecutor.execute(DriverCommandExecutor.java:83)
at org.openqa.selenium.remote.RemoteWebDriver.execute(RemoteWebDriver.java:552)
at org.openqa.selenium.remote.RemoteWebDriver.startSession(RemoteWebDriver.java:213)
at org.openqa.selenium.remote.RemoteWebDriver.<init>(RemoteWebDriver.java:131)
at org.openqa.selenium.chrome.ChromeDriver.<init>(ChromeDriver.java:181)
at org.openqa.selenium.chrome.ChromeDriver.<init>(ChromeDriver.java:168)
at org.openqa.selenium.chrome.ChromeDriver.<init>(ChromeDriver.java:123)
at manage_companies.Company_status_inactive.Sign_up(Company_status_inactive.java:15)
at java.util.ArrayList.forEach(ArrayList.java:1259)
... Removed 30 stack frames]]>
    </failure>
  </testcase> <!-- Sign_up -->
  <testcase name="comp_status_inactive" time="2.0" classname="manage_companies.Company_status_inactive">
    <failure type="java.lang.NullPointerException">
      <![CDATA[java.lang.NullPointerException
at com.Xuriti.admin_panel_main.Manage_Companies_Edit.Company_Status_Inactive(Manage_Companies_Edit.java:918)
at manage_companies.Company_status_inactive.comp_status_inactive(Company_status_inactive.java:26)
at java.util.ArrayList.forEach(ArrayList.java:1259)
... Removed 27 stack frames]]>
    </failure>
  </testcase> <!-- comp_status_inactive -->
  <testcase name="Sign_up" time="0.19" classname="manage_companies.date_range_based_on_the_registration">
    <failure type="org.openqa.selenium.WebDriverException" message="unknown error: Chrome failed to start: exited abnormally.
  (unknown error: DevToolsActivePort file doesn&amp;apos;t exist)
  (The process started from chrome location /usr/bin/google-chrome is no longer running, so ChromeDriver is assuming that Chrome has crashed.)
Build info: version: &amp;apos;3.141.59&amp;apos;, revision: &amp;apos;e82be7d358&amp;apos;, time: &amp;apos;2018-11-14T08:17:03&amp;apos;
System info: host: &amp;apos;varsha-HP&amp;apos;, ip: &amp;apos;127.0.1.1&amp;apos;, os.name: &amp;apos;Linux&amp;apos;, os.arch: &amp;apos;amd64&amp;apos;, os.version: &amp;apos;5.13.0-51-generic&amp;apos;, java.version: &amp;apos;1.8.0_312&amp;apos;
Driver info: driver.version: ChromeDriver
remote stacktrace: #0 0x5639b6b84f33 &amp;lt;unknown&amp;gt;
#1 0x5639b68cf118 &amp;lt;unknown&amp;gt;
#2 0x5639b68f2678 &amp;lt;unknown&amp;gt;
#3 0x5639b68edd5a &amp;lt;unknown&amp;gt;
#4 0x5639b6928d3a &amp;lt;unknown&amp;gt;
#5 0x5639b6922e63 &amp;lt;unknown&amp;gt;
#6 0x5639b68f882a &amp;lt;unknown&amp;gt;
#7 0x5639b68f9985 &amp;lt;unknown&amp;gt;
#8 0x5639b6bc94cd &amp;lt;unknown&amp;gt;
#9 0x5639b6bcd5ec &amp;lt;unknown&amp;gt;
#10 0x5639b6bb371e &amp;lt;unknown&amp;gt;
#11 0x5639b6bce238 &amp;lt;unknown&amp;gt;
#12 0x5639b6ba8870 &amp;lt;unknown&amp;gt;
#13 0x5639b6bea608 &amp;lt;unknown&amp;gt;
#14 0x5639b6bea788 &amp;lt;unknown&amp;gt;
#15 0x5639b6c04f1d &amp;lt;unknown&amp;gt;
#16 0x7f13fdbe8609 &amp;lt;unknown&amp;gt;
">
      <![CDATA[org.openqa.selenium.WebDriverException: unknown error: Chrome failed to start: exited abnormally.
  (unknown error: DevToolsActivePort file doesn't exist)
  (The process started from chrome location /usr/bin/google-chrome is no longer running, so ChromeDriver is assuming that Chrome has crashed.)
Build info: version: '3.141.59', revision: 'e82be7d358', time: '2018-11-14T08:17:03'
System info: host: 'varsha-HP', ip: '127.0.1.1', os.name: 'Linux', os.arch: 'amd64', os.version: '5.13.0-51-generic', java.version: '1.8.0_312'
Driver info: driver.version: ChromeDriver
remote stacktrace: #0 0x5639b6b84f33 <unknown>
#1 0x5639b68cf118 <unknown>
#2 0x5639b68f2678 <unknown>
#3 0x5639b68edd5a <unknown>
#4 0x5639b6928d3a <unknown>
#5 0x5639b6922e63 <unknown>
#6 0x5639b68f882a <unknown>
#7 0x5639b68f9985 <unknown>
#8 0x5639b6bc94cd <unknown>
#9 0x5639b6bcd5ec <unknown>
#10 0x5639b6bb371e <unknown>
#11 0x5639b6bce238 <unknown>
#12 0x5639b6ba8870 <unknown>
#13 0x5639b6bea608 <unknown>
#14 0x5639b6bea788 <unknown>
#15 0x5639b6c04f1d <unknown>
#16 0x7f13fdbe8609 <unknown>

at org.openqa.selenium.remote.W3CHandshakeResponse.lambda$errorHandler$0(W3CHandshakeResponse.java:62)
at org.openqa.selenium.remote.HandshakeResponse.lambda$getResponseFunction$0(HandshakeResponse.java:30)
at org.openqa.selenium.remote.ProtocolHandshake.lambda$createSession$0(ProtocolHandshake.java:126)
at java.util.stream.ReferencePipeline$3$1.accept(ReferencePipeline.java:193)
at java.util.Spliterators$ArraySpliterator.tryAdvance(Spliterators.java:958)
at java.util.stream.ReferencePipeline.forEachWithCancel(ReferencePipeline.java:126)
at java.util.stream.AbstractPipeline.copyIntoWithCancel(AbstractPipeline.java:499)
at java.util.stream.AbstractPipeline.copyInto(AbstractPipeline.java:486)
at java.util.stream.AbstractPipeline.wrapAndCopyInto(AbstractPipeline.java:472)
at java.util.stream.FindOps$FindOp.evaluateSequential(FindOps.java:152)
at java.util.stream.AbstractPipeline.evaluate(AbstractPipeline.java:234)
at java.util.stream.ReferencePipeline.findFirst(ReferencePipeline.java:531)
at org.openqa.selenium.remote.ProtocolHandshake.createSession(ProtocolHandshake.java:128)
at org.openqa.selenium.remote.ProtocolHandshake.createSession(ProtocolHandshake.java:74)
at org.openqa.selenium.remote.HttpCommandExecutor.execute(HttpCommandExecutor.java:136)
at org.openqa.selenium.remote.service.DriverCommandExecutor.execute(DriverCommandExecutor.java:83)
at org.openqa.selenium.remote.RemoteWebDriver.execute(RemoteWebDriver.java:552)
at org.openqa.selenium.remote.RemoteWebDriver.startSession(RemoteWebDriver.java:213)
at org.openqa.selenium.remote.RemoteWebDriver.<init>(RemoteWebDriver.java:131)
at org.openqa.selenium.chrome.ChromeDriver.<init>(ChromeDriver.java:181)
at org.openqa.selenium.chrome.ChromeDriver.<init>(ChromeDriver.java:168)
at org.openqa.selenium.chrome.ChromeDriver.<init>(ChromeDriver.java:123)
at manage_companies.date_range_based_on_the_registration.Sign_up(date_range_based_on_the_registration.java:15)
at java.util.ArrayList.forEach(ArrayList.java:1259)
... Removed 30 stack frames]]>
    </failure>
  </testcase> <!-- Sign_up -->
  <testcase name="Date_range_based_on_registration" time="2.001" classname="manage_companies.date_range_based_on_the_registration">
    <failure type="java.lang.NullPointerException">
      <![CDATA[java.lang.NullPointerException
at com.Xuriti.admin_panel_main.Manage_Companies_Edit.date_range_based_on_registration(Manage_Companies_Edit.java:954)
at manage_companies.date_range_based_on_the_registration.Date_range_based_on_registration(date_range_based_on_the_registration.java:26)
at java.util.ArrayList.forEach(ArrayList.java:1259)
... Removed 27 stack frames]]>
    </failure>
  </testcase> <!-- Date_range_based_on_registration -->
  <testcase name="Sign_up" time="0.182" classname="manage_companies.edit_annual_turnover">
    <failure type="org.openqa.selenium.WebDriverException" message="unknown error: Chrome failed to start: exited abnormally.
  (unknown error: DevToolsActivePort file doesn&amp;apos;t exist)
  (The process started from chrome location /usr/bin/google-chrome is no longer running, so ChromeDriver is assuming that Chrome has crashed.)
Build info: version: &amp;apos;3.141.59&amp;apos;, revision: &amp;apos;e82be7d358&amp;apos;, time: &amp;apos;2018-11-14T08:17:03&amp;apos;
System info: host: &amp;apos;varsha-HP&amp;apos;, ip: &amp;apos;127.0.1.1&amp;apos;, os.name: &amp;apos;Linux&amp;apos;, os.arch: &amp;apos;amd64&amp;apos;, os.version: &amp;apos;5.13.0-51-generic&amp;apos;, java.version: &amp;apos;1.8.0_312&amp;apos;
Driver info: driver.version: ChromeDriver
remote stacktrace: #0 0x563d583b1f33 &amp;lt;unknown&amp;gt;
#1 0x563d580fc118 &amp;lt;unknown&amp;gt;
#2 0x563d5811f678 &amp;lt;unknown&amp;gt;
#3 0x563d5811ad5a &amp;lt;unknown&amp;gt;
#4 0x563d58155d3a &amp;lt;unknown&amp;gt;
#5 0x563d5814fe63 &amp;lt;unknown&amp;gt;
#6 0x563d5812582a &amp;lt;unknown&amp;gt;
#7 0x563d58126985 &amp;lt;unknown&amp;gt;
#8 0x563d583f64cd &amp;lt;unknown&amp;gt;
#9 0x563d583fa5ec &amp;lt;unknown&amp;gt;
#10 0x563d583e071e &amp;lt;unknown&amp;gt;
#11 0x563d583fb238 &amp;lt;unknown&amp;gt;
#12 0x563d583d5870 &amp;lt;unknown&amp;gt;
#13 0x563d58417608 &amp;lt;unknown&amp;gt;
#14 0x563d58417788 &amp;lt;unknown&amp;gt;
#15 0x563d58431f1d &amp;lt;unknown&amp;gt;
#16 0x7fea7e83e609 &amp;lt;unknown&amp;gt;
">
      <![CDATA[org.openqa.selenium.WebDriverException: unknown error: Chrome failed to start: exited abnormally.
  (unknown error: DevToolsActivePort file doesn't exist)
  (The process started from chrome location /usr/bin/google-chrome is no longer running, so ChromeDriver is assuming that Chrome has crashed.)
Build info: version: '3.141.59', revision: 'e82be7d358', time: '2018-11-14T08:17:03'
System info: host: 'varsha-HP', ip: '127.0.1.1', os.name: 'Linux', os.arch: 'amd64', os.version: '5.13.0-51-generic', java.version: '1.8.0_312'
Driver info: driver.version: ChromeDriver
remote stacktrace: #0 0x563d583b1f33 <unknown>
#1 0x563d580fc118 <unknown>
#2 0x563d5811f678 <unknown>
#3 0x563d5811ad5a <unknown>
#4 0x563d58155d3a <unknown>
#5 0x563d5814fe63 <unknown>
#6 0x563d5812582a <unknown>
#7 0x563d58126985 <unknown>
#8 0x563d583f64cd <unknown>
#9 0x563d583fa5ec <unknown>
#10 0x563d583e071e <unknown>
#11 0x563d583fb238 <unknown>
#12 0x563d583d5870 <unknown>
#13 0x563d58417608 <unknown>
#14 0x563d58417788 <unknown>
#15 0x563d58431f1d <unknown>
#16 0x7fea7e83e609 <unknown>

at org.openqa.selenium.remote.W3CHandshakeResponse.lambda$errorHandler$0(W3CHandshakeResponse.java:62)
at org.openqa.selenium.remote.HandshakeResponse.lambda$getResponseFunction$0(HandshakeResponse.java:30)
at org.openqa.selenium.remote.ProtocolHandshake.lambda$createSession$0(ProtocolHandshake.java:126)
at java.util.stream.ReferencePipeline$3$1.accept(ReferencePipeline.java:193)
at java.util.Spliterators$ArraySpliterator.tryAdvance(Spliterators.java:958)
at java.util.stream.ReferencePipeline.forEachWithCancel(ReferencePipeline.java:126)
at java.util.stream.AbstractPipeline.copyIntoWithCancel(AbstractPipeline.java:499)
at java.util.stream.AbstractPipeline.copyInto(AbstractPipeline.java:486)
at java.util.stream.AbstractPipeline.wrapAndCopyInto(AbstractPipeline.java:472)
at java.util.stream.FindOps$FindOp.evaluateSequential(FindOps.java:152)
at java.util.stream.AbstractPipeline.evaluate(AbstractPipeline.java:234)
at java.util.stream.ReferencePipeline.findFirst(ReferencePipeline.java:531)
at org.openqa.selenium.remote.ProtocolHandshake.createSession(ProtocolHandshake.java:128)
at org.openqa.selenium.remote.ProtocolHandshake.createSession(ProtocolHandshake.java:74)
at org.openqa.selenium.remote.HttpCommandExecutor.execute(HttpCommandExecutor.java:136)
at org.openqa.selenium.remote.service.DriverCommandExecutor.execute(DriverCommandExecutor.java:83)
at org.openqa.selenium.remote.RemoteWebDriver.execute(RemoteWebDriver.java:552)
at org.openqa.selenium.remote.RemoteWebDriver.startSession(RemoteWebDriver.java:213)
at org.openqa.selenium.remote.RemoteWebDriver.<init>(RemoteWebDriver.java:131)
at org.openqa.selenium.chrome.ChromeDriver.<init>(ChromeDriver.java:181)
at org.openqa.selenium.chrome.ChromeDriver.<init>(ChromeDriver.java:168)
at org.openqa.selenium.chrome.ChromeDriver.<init>(ChromeDriver.java:123)
at manage_companies.edit_annual_turnover.Sign_up(edit_annual_turnover.java:15)
at java.util.ArrayList.forEach(ArrayList.java:1259)
... Removed 30 stack frames]]>
    </failure>
  </testcase> <!-- Sign_up -->
  <testcase name="Hold_comp" time="3.001" classname="manage_companies.edit_annual_turnover">
    <failure type="java.lang.NullPointerException">
      <![CDATA[java.lang.NullPointerException
at com.Xuriti.admin_panel_main.Manage_Companies_Edit.Edit_company(Manage_Companies_Edit.java:20)
at manage_companies.edit_annual_turnover.Hold_comp(edit_annual_turnover.java:26)
at java.util.ArrayList.forEach(ArrayList.java:1259)
... Removed 27 stack frames]]>
    </failure>
  </testcase> <!-- Hold_comp -->
</testsuite> <!-- manage_companies_Test -->
